282.650	18.310	0.000	0.000	0.252	0.267	0.000	3	1	ALEX    
282.740	18.390	0.000	0.000	0.677	0.548	0.000	3	1	BAMB    
283.030	18.400	0.000	0.000	0.415	0.422	0.000	3	1	BOSC    
283.110	17.950	0.000	0.000	0.355	0.403	0.000	1	1	BRAE    
282.630	18.400	0.000	0.000	0.321	0.269	0.000	3	1	BTCC    
283.640	18.140	0.000	0.000	0.314	0.302	0.000	3	1	CASL    
282.630	18.230	0.000	0.000	0.268	0.267	0.000	3	1	CAVE    
284.030	17.420	0.000	0.000	0.425	0.436	-0.042	1	1	CN10    
282.220	17.020	0.000	0.000	0.377	0.382	-0.009	1	1	CN11    
283.250	18.000	0.000	0.000	0.388	0.387	-0.239	1	1	CN12    
282.830	17.840	0.000	0.000	0.294	0.438	0.000	1	1	COFE    
282.600	18.460	0.000	0.000	0.278	0.287	0.000	3	1	DISC    
282.350	18.490	0.000	0.000	0.352	0.328	-0.108	3	1	FALM    
282.060	18.060	0.000	0.000	0.428	0.345	0.000	1	1	FONT    
282.950	17.880	0.000	0.000	0.504	0.439	0.000	1	1	GOAT    
282.750	17.930	0.000	0.000	0.280	0.300	0.000	1	1	HALS    
283.030	17.850	0.000	0.000	0.511	0.449	0.000	1	1	HELL    
283.220	17.940	0.000	0.000	0.826	0.552	-0.491	1	1	JAMA    
282.390	17.910	0.000	0.000	0.427	0.337	0.242	1	1	JUNC    
282.710	17.860	0.000	0.000	0.455	0.509	0.000	1	1	KEMP    
282.140	18.410	0.000	0.000	0.549	0.796	0.000	3	1	KMPS    
283.210	17.970	0.000	0.000	0.324	0.322	-0.180	1	1	KNGJ    
282.550	18.150	0.000	0.000	0.238	0.242	0.000	3	1	KNOX    
282.970	18.140	0.000	0.000	0.366	0.280	-0.025	3	1	LINS    
282.760	17.810	0.000	0.000	0.295	0.277	-0.138	1	1	LION    
281.830	18.450	0.000	0.000	0.349	0.340	-0.034	3	1	LUCE    
283.730	18.050	0.000	0.000	0.352	0.334	0.000	3	1	MANC    
282.500	18.010	0.000	0.000	0.322	0.234	0.000	1	1	MAND    
283.110	18.370	0.000	0.000	0.356	0.389	-0.249	3	1	MARJ    
284.030	17.420	0.000	0.000	2.796	1.532	0.000	1	1	MCAY    
282.310	17.930	0.000	0.000	0.315	0.280	0.000	1	1	MNRO    
283.590	17.880	0.000	0.000	0.331	0.337	-0.042	1	1	MORA    
283.820	17.920	0.000	0.000	0.289	0.316	0.000	1	1	MRNT    
282.290	17.980	0.000	0.000	0.235	0.235	0.000	1	1	MVRN    
283.290	18.070	0.000	0.000	0.338	0.335	0.000	1	1	NCAS    
281.660	18.280	0.000	0.000	0.331	0.327	-0.141	3	1	NEGR    
281.680	18.280	0.000	0.000	0.246	0.220	0.000	3	1	NGLF    
283.170	18.310	0.000	0.000	0.349	0.305	0.000	3	1	NUTF    
283.210	18.010	0.000	0.000	0.409	0.412	0.000	1	1	PCJB    
282.220	17.020	0.000	0.000	0.602	0.535	0.000	1	1	PEDR    
282.470	18.230	0.000	0.000	0.310	0.279	-0.140	3	1	PIKE    
282.840	17.740	0.000	0.000	0.247	0.273	-0.017	1	1	PLND    
283.150	17.930	0.000	0.000	0.755	0.749	-0.119	1	1	PRCG    
283.550	18.180	0.000	0.000	0.348	0.350	-0.021	3	1	PRTJ    
282.190	18.490	0.000	0.000	1.003	0.785	0.000	3	1	PYRA    
282.540	18.160	0.000	0.000	0.338	0.325	0.070	3	1	SPAU    
282.800	18.430	0.000	0.000	0.374	0.429	0.041	3	1	STAN    
283.250	18.000	0.000	0.000	0.414	0.365	0.000	1	1	UWIN    
282.860	17.750	0.000	0.000	0.291	0.278	0.000	1	1	WARF    
282.030	18.090	0.000	0.000	0.380	0.380	0.182	1	1	WHTJ    
268.820	30.410	0.000	0.000	0.382	0.327	0.498	4	1	1LSU_NAP
266.900	31.750	0.000	0.000	0.349	0.352	-0.213	4	1	1NSU_NAP
267.920	32.530	0.000	0.000	0.294	0.294	0.264	4	1	1ULM_NAP
271.950	44.790	0.000	0.000	0.309	0.298	-0.305	4	1	ABMS_NAP
289.110	41.740	0.000	0.000	0.777	0.709	-0.273	4	1	ACU1_NAP
263.480	47.310	0.000	0.000	0.449	0.479	0.756	4	1	ADAM_NAP
264.410	29.790	0.000	0.000	0.329	0.429	0.063	4	1	ADKS_NAP
275.980	41.920	0.000	0.000	0.251	0.267	0.240	4	1	ADRI_NAP
272.340	34.710	0.000	0.000	0.315	0.299	0.285	4	1	AL20_NAP
273.150	33.530	0.000	0.000	0.289	0.282	-0.184	4	1	AL30_NAP
273.240	33.170	0.000	0.000	0.330	0.382	-0.046	4	1	AL35_NAP
273.990	32.960	0.000	0.000	0.465	0.535	-0.559	4	1	AL40_NAP
272.500	33.170	0.000	0.000	0.373	0.448	0.124	4	1	AL50_NAP
273.730	32.410	0.000	0.000	0.289	0.291	-0.221	4	1	AL60_NAP
274.030	31.780	0.000	0.000	0.407	0.432	0.067	4	1	AL70_NAP
274.770	31.870	0.000	0.000	0.351	0.358	-0.054	4	1	AL76_NAP
272.370	32.260	0.000	0.000	0.348	0.454	-0.173	4	1	AL82_NAP
272.210	31.700	0.000	0.000	0.336	0.336	-0.057	4	1	AL84_NAP
271.970	30.690	0.000	0.000	0.330	0.331	-0.586	4	1	AL90_NAP
272.220	30.920	0.000	0.000	0.404	0.425	-0.464	4	1	AL92_NAP
274.500	32.600	0.000	0.000	0.337	0.333	-0.062	4	1	ALA1_NAP
273.520	31.310	0.000	0.000	0.322	0.338	-0.028	4	1	ALAN_NAP
272.140	34.480	0.000	0.000	0.334	0.354	0.392	4	1	ALBE_NAP
271.770	32.080	0.000	0.000	0.329	0.367	-0.096	4	1	ALBU_NAP
272.850	32.950	0.000	0.000	0.476	0.330	-0.330	4	1	ALCE_NAP
273.370	32.840	0.000	0.000	0.315	0.406	0.315	4	1	ALCL_NAP
274.340	34.160	0.000	0.000	0.326	0.341	0.282	4	1	ALCN_NAP
271.770	31.030	0.000	0.000	1.646	1.134	-0.269	4	1	ALCT_NAP
273.160	34.180	0.000	0.000	0.329	0.324	-0.133	4	1	ALCU_NAP
271.920	30.250	0.000	0.000	0.319	0.367	-0.117	4	1	ALDI_NAP
274.560	31.240	0.000	0.000	0.347	0.333	0.083	4	1	ALDO_NAP
272.600	34.150	0.000	0.000	0.330	0.326	-0.073	4	1	ALDS_NAP
272.940	31.090	0.000	0.000	0.337	0.350	-0.338	4	1	ALEB_NAP
272.170	33.690	0.000	0.000	0.324	0.387	-0.294	4	1	ALFA_NAP
281.930	45.960	0.000	0.000	0.561	0.565	0.078	4	1	ALG2_NAP
281.930	45.950	0.000	0.000	0.486	0.490	-0.252	4	1	ALG3_NAP
281.930	45.960	0.000	0.000	0.254	0.234	0.269	4	1	ALGO_NAP
272.000	34.130	0.000	0.000	0.787	0.796	-0.180	4	1	ALH1_NAP
274.370	33.520	0.000	0.000	0.355	0.328	-0.043	4	1	ALHC_NAP
273.600	33.890	0.000	0.000	0.325	0.324	-0.286	4	1	ALHL_NAP
272.720	33.830	0.000	0.000	0.338	0.346	-0.501	4	1	ALJA_NAP
274.600	32.920	0.000	0.000	0.326	0.342	-0.019	4	1	ALLA_NAP
281.270	39.650	0.000	0.000	0.390	0.414	-0.095	4	1	ALLG_NAP
274.080	31.380	0.000	0.000	0.334	0.350	0.200	4	1	ALNB_NAP
272.690	34.680	0.000	0.000	0.325	0.332	-0.107	4	1	ALNC_NAP
272.770	31.410	0.000	0.000	0.353	0.619	-0.727	4	1	ALRE_NAP
273.880	33.420	0.000	0.000	0.327	0.346	-0.405	4	1	ALTA_NAP
255.480	38.800	0.000	0.000	0.234	0.256	0.000	4	1	AMC2_NAP
258.120	35.150	0.000	0.000	0.437	0.428	-0.152	4	1	AML5_NAP
272.870	41.600	0.000	0.000	0.294	0.308	0.069	4	1	ANDS_NAP
264.510	29.300	0.000	0.000	0.726	0.834	-0.368	4	1	ANG1_NAP
264.520	29.300	0.000	0.000	0.523	0.694	0.201	4	1	ANG2_NAP
270.840	45.110	0.000	0.000	0.338	0.442	-0.290	4	1	ANGO_NAP
293.510	49.130	0.000	0.000	0.355	0.423	0.644	4	1	ANNE_NAP
283.390	39.010	0.000	0.000	0.487	0.476	0.273	4	1	ANP1_NAP
261.420	29.490	0.000	0.000	0.588	0.348	-0.439	4	1	ANTO_NAP
279.840	25.730	0.000	0.000	0.438	0.419	-0.102	4	1	AOML_NAP
271.540	44.280	0.000	0.000	0.531	0.591	-0.088	4	1	APTN_NAP
268.370	35.710	0.000	0.000	0.273	0.282	0.187	4	1	ARBT_NAP
267.120	33.540	0.000	0.000	0.277	0.272	0.035	4	1	ARCM_NAP
265.820	36.120	0.000	0.000	0.269	0.268	-0.111	4	1	ARFY_NAP
266.400	33.700	0.000	0.000	0.408	0.342	0.261	4	1	ARHP_NAP
266.970	36.180	0.000	0.000	0.278	0.305	0.255	4	1	ARHR_NAP
268.490	44.240	0.000	0.000	0.445	0.409	-0.291	4	1	ARIA_NAP
262.940	32.760	0.000	0.000	0.587	0.516	-0.081	4	1	ARL5_NAP
267.620	34.670	0.000	0.000	0.268	0.270	0.207	4	1	ARLR_NAP
267.630	36.370	0.000	0.000	0.396	0.431	-0.573	4	1	ARM3_NAP
267.620	36.350	0.000	0.000	0.765	0.738	-0.088	4	1	ARMH_NAP
262.940	27.840	0.000	0.000	0.365	0.374	0.037	4	1	ARP3_NAP
269.480	36.060	0.000	0.000	0.265	0.296	-0.175	4	1	ARPG_NAP
282.200	42.260	0.000	0.000	0.316	0.310	0.047	4	1	ASCS_NAP
277.450	35.600	0.000	0.000	0.415	0.411	-0.110	4	1	ASHV_NAP
271.920	44.480	0.000	0.000	0.707	0.593	-0.305	4	1	ASHW_NAP
269.090	46.550	0.000	0.000	0.378	0.425	0.061	4	1	ASND_NAP
278.320	36.210	0.000	0.000	0.296	0.292	-0.005	4	1	ASUB_NAP
275.480	33.940	0.000	0.000	0.667	0.803	0.241	4	1	ATL1_NAP
288.740	46.850	0.000	0.000	0.323	0.356	-0.416	4	1	ATRI_NAP
274.950	41.370	0.000	0.000	0.326	0.373	0.561	4	1	AUBN_NAP
262.240	30.310	0.000	0.000	0.473	0.589	-0.065	4	1	AUS5_NAP
277.310	43.060	0.000	0.000	0.254	0.279	0.133	4	1	AVCA_NAP
269.020	30.100	0.000	0.000	0.376	0.364	-0.332	4	1	AWES_NAP
283.390	39.400	0.000	0.000	0.306	0.300	0.100	4	1	BACO_NAP
291.740	49.190	0.000	0.000	0.350	0.362	0.083	4	1	BAIE_NAP
291.780	44.400	0.000	0.000	0.228	0.267	-0.224	4	1	BARH_NAP
288.840	44.100	0.000	0.000	0.302	0.376	-0.127	4	1	BARN_NAP
294.310	47.650	0.000	0.000	0.576	0.570	0.116	4	1	BATH_NAP
276.110	43.450	0.000	0.000	0.251	0.268	0.308	4	1	BAYR_NAP
265.820	30.160	0.000	0.000	0.568	0.949	0.307	4	1	BEA5_NAP
271.150	43.440	0.000	0.000	0.306	0.313	-0.028	4	1	BEDA_NAP
268.910	46.870	0.000	0.000	0.365	0.344	0.009	4	1	BELW_NAP
281.110	42.880	0.000	0.000	0.247	0.275	0.089	4	1	BFNY_NAP
264.650	47.530	0.000	0.000	0.484	0.485	-0.329	4	1	BGL2_NAP
276.360	41.380	0.000	0.000	0.381	0.412	-0.188	4	1	BGOH_NAP
274.510	43.680	0.000	0.000	0.258	0.264	0.151	4	1	BIGR_NAP
278.850	37.800	0.000	0.000	1.221	1.179	-0.427	4	1	BKLY_NAP
277.550	28.470	0.000	0.000	0.293	0.290	0.008	4	1	BKVL_NAP
279.580	37.210	0.000	0.000	0.288	0.287	-0.208	4	1	BLA1_NAP
269.340	44.360	0.000	0.000	0.360	0.429	-0.029	4	1	BLFA_NAP
279.590	37.210	0.000	0.000	0.281	0.282	-0.114	4	1	BLKV_NAP
270.030	36.880	0.000	0.000	0.358	0.376	0.016	4	1	BLMM_NAP
271.000	40.500	0.000	0.000	0.323	0.322	-0.185	4	1	BLOM_NAP
269.470	43.230	0.000	0.000	0.462	0.447	-0.066	4	1	BLRW_NAP
274.400	30.850	0.000	0.000	0.347	0.333	0.037	4	1	BNFY_NAP
268.740	45.460	0.000	0.000	0.423	0.479	-0.117	4	1	BRCE_NAP
276.130	43.250	0.000	0.000	0.274	0.294	0.376	4	1	BRCH_NAP
276.240	42.520	0.000	0.000	0.249	0.256	0.155	4	1	BRIG_NAP
295.300	32.370	0.000	0.000	0.305	0.257	0.340	4	1	BRMU_NAP
278.220	27.950	0.000	0.000	0.286	0.297	0.100	4	1	BRTW_NAP
290.050	43.890	0.000	0.000	0.325	0.397	0.073	4	1	BRU1_NAP
259.180	46.820	0.000	0.000	0.242	0.273	-0.110	4	1	BSMK_NAP
270.590	29.340	0.000	0.000	0.259	0.255	0.087	4	1	BVHS_NAP
284.190	45.590	0.000	0.000	0.300	0.434	0.001	4	1	CAGS_NAP
268.710	46.210	0.000	0.000	0.365	0.416	0.335	4	1	CALE_NAP
272.460	41.730	0.000	0.000	0.251	0.288	0.170	4	1	CALU_NAP
295.370	45.060	0.000	0.000	0.476	0.606	-0.257	4	1	CAMB_NAP
266.670	29.800	0.000	0.000	0.327	0.312	0.203	4	1	CAMR_NAP
294.350	48.090	0.000	0.000	0.281	0.274	-0.201	4	1	CAPL_NAP
291.990	46.870	0.000	0.000	0.361	0.353	-0.009	4	1	CARM_NAP
276.840	43.600	0.000	0.000	0.378	0.427	0.354	4	1	CASS_NAP
281.840	43.960	0.000	0.000	0.402	0.404	0.140	4	1	CBRG_NAP
275.390	34.010	0.000	0.000	0.549	0.600	-0.284	4	1	CCGN_NAP
275.390	33.840	0.000	0.000	0.664	0.675	-0.184	4	1	CCGS_NAP
271.990	42.090	0.000	0.000	0.710	0.382	0.103	4	1	CCRM_NAP
272.230	42.060	0.000	0.000	0.460	0.407	-0.169	4	1	CCSK_NAP
279.450	28.460	0.000	0.000	0.413	0.443	0.249	4	1	CCV3_NAP
280.160	32.760	0.000	0.000	0.403	0.392	-0.156	4	1	CHA1_NAP
275.530	45.650	0.000	0.000	0.311	0.354	0.249	4	1	CHB1_NAP
268.400	45.240	0.000	0.000	0.392	0.408	-0.037	4	1	CHEK_NAP
284.400	39.950	0.000	0.000	0.391	0.392	-0.067	4	1	CHES_NAP
268.640	44.930	0.000	0.000	0.446	0.412	-0.511	4	1	CHFA_NAP
285.630	49.910	0.000	0.000	0.264	0.284	-0.309	4	1	CHIB_NAP
288.750	48.410	0.000	0.000	0.269	0.319	-0.487	4	1	CHIC_NAP
284.910	38.780	0.000	0.000	0.467	0.455	0.100	4	1	CHL1_NAP
279.110	35.280	0.000	0.000	0.364	0.384	-0.345	4	1	CHME_NAP
271.850	44.020	0.000	0.000	0.323	0.315	-0.746	4	1	CHON_NAP
283.990	36.930	0.000	0.000	0.635	0.663	-0.200	4	1	CHR1_NAP
275.880	43.190	0.000	0.000	0.258	0.330	-0.230	4	1	CHSN_NAP
290.050	41.670	0.000	0.000	1.756	0.997	-0.105	4	1	CHT1_NAP
267.730	34.820	0.000	0.000	0.310	0.327	-0.743	4	1	CJTR_NAP
267.820	45.330	0.000	0.000	0.409	0.430	-0.131	4	1	CLAY_NAP
262.040	44.940	0.000	0.000	0.678	0.839	-0.368	4	1	CLK1_NAP
262.040	44.940	0.000	0.000	0.958	0.989	-0.119	4	1	CLK6_NAP
277.400	42.720	0.000	0.000	0.247	0.251	0.050	4	1	CLRE_NAP
293.340	48.010	0.000	0.000	0.379	0.404	-0.192	4	1	CMP2_NAP
285.470	24.070	0.000	0.000	0.418	0.444	0.046	4	1	CN13_NAP
281.310	26.560	0.000	0.000	0.371	0.373	-0.073	4	1	CN15_NAP
267.300	37.520	0.000	0.000	0.394	0.454	0.247	4	1	CNWM_NAP
277.870	33.540	0.000	0.000	0.610	0.601	0.026	4	1	COGA_NAP
264.460	29.670	0.000	0.000	0.485	0.440	-0.081	4	1	COH1_NAP
264.590	29.630	0.000	0.000	0.524	0.493	0.235	4	1	COH2_NAP
264.780	29.780	0.000	0.000	0.642	0.643	-0.109	4	1	COH4_NAP
264.820	30.040	0.000	0.000	0.433	0.450	0.084	4	1	COH6_NAP
279.210	28.510	0.000	0.000	0.539	0.544	-0.094	4	1	COKO_NAP
278.880	34.080	0.000	0.000	0.264	0.239	0.315	4	1	COLA_NAP
276.950	39.960	0.000	0.000	0.369	0.362	-0.088	4	1	COLB_NAP
270.460	44.080	0.000	0.000	0.343	0.330	-0.116	4	1	COM0_NAP
278.770	35.700	0.000	0.000	0.345	0.377	0.066	4	1	CONO_NAP
282.630	38.200	0.000	0.000	0.254	0.238	0.138	4	1	CORB_NAP
262.560	27.740	0.000	0.000	0.475	0.530	-0.271	4	1	CORC_NAP
269.900	30.480	0.000	0.000	0.306	0.297	0.595	4	1	COVG_NAP
284.290	36.900	0.000	0.000	0.361	0.301	0.008	4	1	COVX_NAP
277.070	43.010	0.000	0.000	0.296	0.282	-0.227	4	1	CPAC_NAP
278.000	26.920	0.000	0.000	0.922	0.957	0.308	4	1	CRLT_NAP
271.110	45.580	0.000	0.000	0.318	0.372	-0.020	4	1	CRON_NAP
273.490	30.730	0.000	0.000	0.284	0.306	-0.056	4	1	CRST_NAP
265.680	46.260	0.000	0.000	0.415	0.404	-0.079	4	1	CRWG_NAP
268.190	33.590	0.000	0.000	0.695	0.814	-0.593	4	1	CSAL_NAP
282.120	34.340	0.000	0.000	0.452	0.450	0.197	4	1	CSL2_NAP
265.820	36.340	0.000	0.000	0.314	0.304	-0.043	4	1	CTA1_NAP
286.580	41.500	0.000	0.000	0.294	0.269	-0.236	4	1	CTBR_NAP
286.490	41.070	0.000	0.000	0.302	0.270	-0.043	4	1	CTDA_NAP
287.300	41.920	0.000	0.000	0.284	0.272	-0.128	4	1	CTEG_NAP
287.950	41.340	0.000	0.000	0.268	0.266	0.047	4	1	CTGR_NAP
287.330	41.290	0.000	0.000	0.262	0.265	-0.029	4	1	CTGU_NAP
287.790	41.730	0.000	0.000	0.335	0.430	0.326	4	1	CTMA_NAP
287.290	41.670	0.000	0.000	0.297	0.280	-0.078	4	1	CTNE_NAP
288.110	41.900	0.000	0.000	0.275	0.276	0.029	4	1	CTPU_NAP
286.930	41.900	0.000	0.000	0.267	0.278	-0.011	4	1	CTWI_NAP
270.360	35.540	0.000	0.000	0.477	0.371	-0.579	4	1	CVMS_NAP
267.820	46.220	0.000	0.000	0.570	0.509	0.250	4	1	DAND_NAP
284.620	38.660	0.000	0.000	0.606	0.670	0.457	4	1	DEDS_NAP
284.500	39.150	0.000	0.000	0.591	0.617	-0.548	4	1	DEDT_NAP
275.590	41.280	0.000	0.000	0.315	0.338	-0.128	4	1	DEFI_NAP
284.800	38.610	0.000	0.000	0.315	0.305	-0.056	4	1	DEMI_NAP
284.260	39.680	0.000	0.000	0.334	0.299	0.337	4	1	DENE_NAP
271.940	44.460	0.000	0.000	0.382	0.393	0.131	4	1	DERE_NAP
276.900	42.300	0.000	0.000	0.373	0.365	-0.066	4	1	DET1_NAP
273.850	30.730	0.000	0.000	0.633	0.633	0.086	4	1	DFNK_NAP
294.240	44.620	0.000	0.000	0.459	0.509	-0.088	4	1	DGBY_NAP
278.740	29.060	0.000	0.000	0.270	0.265	-0.314	4	1	DLND_NAP
284.480	39.160	0.000	0.000	0.401	0.312	0.169	4	1	DNRC_NAP
279.280	36.430	0.000	0.000	0.277	0.272	0.299	4	1	DOBS_NAP
269.870	42.980	0.000	0.000	0.332	0.328	-0.078	4	1	DOLE_NAP
271.390	45.220	0.000	0.000	0.332	0.325	0.217	4	1	DOTY_NAP
271.860	41.870	0.000	0.000	0.307	0.305	0.204	4	1	DP1A_NAP
272.030	41.900	0.000	0.000	0.312	0.325	0.323	4	1	DP2A_NAP
271.820	41.760	0.000	0.000	0.314	0.321	0.196	4	1	DP3A_NAP
272.070	41.710	0.000	0.000	0.738	0.588	-0.130	4	1	DP4A_NAP
271.840	41.990	0.000	0.000	0.315	0.313	0.233	4	1	DP5A_NAP
272.020	41.970	0.000	0.000	0.627	0.348	0.378	4	1	DP6B_NAP
266.550	30.450	0.000	0.000	0.624	0.557	0.178	4	1	DQCY_NAP
265.710	34.110	0.000	0.000	0.301	0.368	0.237	4	1	DQUA_NAP
283.440	36.960	0.000	0.000	0.466	0.428	-0.009	4	1	DRV1_NAP
269.620	29.960	0.000	0.000	0.289	0.294	-0.212	4	1	DSTR_NAP
284.250	36.180	0.000	0.000	0.584	0.637	0.771	4	1	DUCK_NAP
277.630	29.060	0.000	0.000	0.262	0.277	0.037	4	1	DUNN_NAP
281.100	36.000	0.000	0.000	0.319	0.312	-0.215	4	1	DURH_NAP
263.390	43.730	0.000	0.000	0.272	0.278	-0.055	4	1	ECSD_NAP
291.670	47.360	0.000	0.000	0.376	0.349	0.242	4	1	EDON_NAP
265.900	36.100	0.000	0.000	0.633	0.632	-0.038	4	1	EFAY_NAP
277.240	27.600	0.000	0.000	0.600	0.651	-0.272	4	1	EKY1_NAP
269.460	45.660	0.000	0.000	0.383	0.389	0.044	4	1	ELKH_NAP
270.060	29.880	0.000	0.000	0.396	0.473	-0.095	4	1	ENG1_NAP
270.060	29.880	0.000	0.000	0.420	0.413	0.089	4	1	ENG5_NAP
293.010	44.910	0.000	0.000	0.235	0.242	0.035	4	1	EPRT_NAP
275.390	39.020	0.000	0.000	0.367	0.393	0.552	4	1	ERLA_NAP
295.200	47.070	0.000	0.000	0.643	0.732	-0.359	4	1	ESC2_NAP
284.130	23.560	0.000	0.000	0.381	0.369	0.107	4	1	EXU0_NAP
281.130	35.030	0.000	0.000	0.604	0.602	0.035	4	1	FAYR_NAP
262.690	40.080	0.000	0.000	0.362	0.372	-0.378	4	1	FBYN_NAP
280.190	34.250	0.000	0.000	1.266	1.862	0.209	4	1	FDTC_NAP
279.530	25.430	0.000	0.000	0.339	0.359	-0.224	4	1	FLC6_NAP
273.450	30.640	0.000	0.000	0.398	0.425	0.005	4	1	FLE5_NAP
283.320	34.700	0.000	0.000	0.526	0.823	-0.226	4	1	FMC1_NAP
283.320	34.700	0.000	0.000	0.520	0.646	0.416	4	1	FMC2_NAP
288.560	42.300	0.000	0.000	0.365	0.369	-0.235	4	1	FMTS_NAP
259.710	25.680	0.000	0.000	0.422	0.336	0.005	4	1	FMTY_NAP
278.140	26.590	0.000	0.000	0.270	0.299	-0.284	4	1	FMYR_NAP
271.550	43.790	0.000	0.000	0.373	0.362	0.005	4	1	FOLA_NAP
293.340	45.930	0.000	0.000	0.336	0.319	0.051	4	1	FRDN_NAP
278.740	40.200	0.000	0.000	6.101	3.929	0.282	4	1	FREO_NAP
276.610	35.190	0.000	0.000	0.261	0.262	0.153	4	1	FRKN_NAP
277.510	43.040	0.000	0.000	0.276	0.282	0.039	4	1	FRTG_NAP
276.670	33.950	0.000	0.000	0.449	0.364	-0.647	4	1	GAAT_NAP
275.570	34.310	0.000	0.000	2.541	2.699	0.926	4	1	GABG_NAP
278.500	31.150	0.000	0.000	0.421	0.377	-0.022	4	1	GABK_NAP
275.670	34.860	0.000	0.000	0.341	0.370	-0.181	4	1	GABR_NAP
275.060	31.380	0.000	0.000	0.349	0.309	-0.371	4	1	GABY_NAP
277.870	33.550	0.000	0.000	0.294	0.283	-0.208	4	1	GACC_NAP
274.840	33.630	0.000	0.000	0.426	0.825	-0.465	4	1	GACL_NAP
276.120	33.610	0.000	0.000	0.478	0.828	-0.330	4	1	GACO_NAP
276.650	32.380	0.000	0.000	0.285	0.294	-0.331	4	1	GACR_NAP
275.050	34.150	0.000	0.000	0.983	1.084	0.270	4	1	GAEU_NAP
275.720	33.230	0.000	0.000	0.542	0.429	-0.771	4	1	GAGR_NAP
282.780	39.130	0.000	0.000	0.269	0.277	0.059	4	1	GAIT_NAP
265.260	29.330	0.000	0.000	0.425	0.516	0.185	4	1	GAL1_NAP
275.510	39.210	0.000	0.000	0.433	0.487	0.183	4	1	GALB_NAP
277.720	38.840	0.000	0.000	0.247	0.245	-0.010	4	1	GALP_NAP
276.020	33.980	0.000	0.000	0.551	0.541	0.107	4	1	GALV_NAP
275.830	33.420	0.000	0.000	0.854	0.763	-0.061	4	1	GAMB_NAP
276.350	32.700	0.000	0.000	0.352	0.412	0.115	4	1	GAMC_NAP
276.760	33.150	0.000	0.000	0.564	1.007	0.340	4	1	GAML_NAP
275.230	33.310	0.000	0.000	0.344	0.302	-0.313	4	1	GANW_NAP
278.390	41.420	0.000	0.000	0.251	0.268	0.022	4	1	GARF_NAP
295.510	48.800	0.000	0.000	0.574	0.519	-0.467	4	1	GAS2_NAP
278.980	31.990	0.000	0.000	0.593	0.587	-0.077	4	1	GASK_NAP
295.510	48.830	0.000	0.000	2.276	1.891	0.175	4	1	GASP_NAP
278.810	35.310	0.000	0.000	0.270	0.253	0.219	4	1	GAST_NAP
276.490	31.450	0.000	0.000	0.529	0.711	-0.739	4	1	GATF_NAP
284.310	45.480	0.000	0.000	0.423	0.334	0.389	4	1	GATI_NAP
257.820	37.780	0.000	0.000	0.321	0.322	-0.292	4	1	GDAC_NAP
269.660	47.750	0.000	0.000	0.251	0.248	-0.166	4	1	GDMA_NAP
289.310	46.130	0.000	0.000	0.299	0.358	-0.041	4	1	GEOG_NAP
283.500	37.250	0.000	0.000	0.364	0.401	0.227	4	1	GLPT_NAP
277.720	29.690	0.000	0.000	0.239	0.251	-0.055	4	1	GNVL_NAP
271.640	45.620	0.000	0.000	0.390	0.379	0.039	4	1	GOAN_NAP
278.270	43.750	0.000	0.000	0.559	0.488	-0.018	4	1	GOD2_NAP
283.170	39.020	0.000	0.000	0.227	0.219	-0.072	4	1	GODE_NAP
278.270	43.750	0.000	0.000	1.145	0.873	0.058	4	1	GODR_NAP
276.530	33.410	0.000	0.000	0.404	0.409	0.241	4	1	GOGA_NAP
289.310	46.130	0.000	0.000	0.682	0.723	0.366	4	1	GORQ_NAP
270.310	47.970	0.000	0.000	0.775	0.842	-0.397	4	1	GPRT_NAP
274.330	42.990	0.000	0.000	0.248	0.240	-0.180	4	1	GRAR_NAP
270.040	29.270	0.000	0.000	0.265	0.312	-0.264	4	1	GRS2_NAP
276.120	38.860	0.000	0.000	0.242	0.242	-0.012	4	1	GRTN_NAP
279.170	38.950	0.000	0.000	1.357	0.737	-0.370	4	1	GSSP_NAP
283.170	40.250	0.000	0.000	0.412	0.436	0.114	4	1	GTS1_NAP
279.280	41.460	0.000	0.000	0.240	0.238	-0.316	4	1	GUST_NAP
277.630	34.830	0.000	0.000	0.358	0.395	-0.118	4	1	GVLT_NAP
269.100	30.310	0.000	0.000	0.359	0.339	-0.182	4	1	GVMS_NAP
272.140	34.280	0.000	0.000	0.584	0.728	0.631	4	1	HAC1_NAP
282.290	39.550	0.000	0.000	0.526	0.551	0.114	4	1	HAG1_NAP
269.530	30.510	0.000	0.000	0.251	0.248	0.020	4	1	HAMM_NAP
287.360	42.320	0.000	0.000	0.323	0.394	0.109	4	1	HAMP_NAP
274.730	42.610	0.000	0.000	0.275	0.272	0.041	4	1	HAST_NAP
268.220	45.600	0.000	0.000	0.553	0.483	-0.134	4	1	HAUG_NAP
277.070	35.530	0.000	0.000	0.351	0.278	0.223	4	1	HAYW_NAP
277.360	43.850	0.000	0.000	0.248	0.260	-0.020	4	1	HBCH_NAP
262.710	38.300	0.000	0.000	0.347	0.318	0.484	4	1	HBRK_NAP
270.830	36.330	0.000	0.000	0.941	0.340	-0.784	4	1	HCES_NAP
286.460	43.270	0.000	0.000	1.296	1.414	0.101	4	1	HDF1_NAP
270.710	40.560	0.000	0.000	0.326	0.308	-0.149	4	1	HDIL_NAP
295.440	44.320	0.000	0.000	0.490	0.497	0.106	4	1	HEBB_NAP
273.410	34.730	0.000	0.000	0.366	0.400	-0.078	4	1	HGIS_NAP
280.900	36.050	0.000	0.000	0.333	0.382	0.087	4	1	HILB_NAP
279.990	35.970	0.000	0.000	0.231	0.228	-0.252	4	1	HIPT_NAP
264.140	35.680	0.000	0.000	0.282	0.357	0.148	4	1	HKLO_NAP
296.390	44.680	0.000	0.000	0.248	0.250	0.131	4	1	HLFX_NAP
275.760	43.410	0.000	0.000	0.291	0.326	0.302	4	1	HMLK_NAP
283.870	38.590	0.000	0.000	0.316	0.294	-0.228	4	1	HNPT_NAP
269.280	29.590	0.000	0.000	0.274	0.338	-0.034	4	1	HOUM_NAP
281.820	40.880	0.000	0.000	1.029	0.647	-0.706	4	1	HRN1_NAP
276.490	49.670	0.000	0.000	0.945	0.925	0.413	4	1	HRST_NAP
276.660	42.280	0.000	0.000	0.352	0.472	-0.352	4	1	HRUF_NAP
282.330	39.630	0.000	0.000	0.393	0.377	-0.175	4	1	HTCC_NAP
273.910	36.360	0.000	0.000	0.359	0.377	0.042	4	1	HTV1_NAP
267.390	44.960	0.000	0.000	0.428	0.493	-0.255	4	1	HUDS_NAP
284.290	45.430	0.000	0.000	0.750	0.507	0.242	4	1	HULL_NAP
260.890	37.650	0.000	0.000	0.314	0.274	-0.515	4	1	HVLK_NAP
267.190	41.010	0.000	0.000	0.350	0.460	-0.356	4	1	IAAA_NAP
265.360	41.500	0.000	0.000	0.368	0.392	-0.068	4	1	IAAD_NAP
265.730	43.080	0.000	0.000	0.337	0.374	-0.388	4	1	IAAG_NAP
267.210	42.750	0.000	0.000	0.349	0.344	-0.112	4	1	IAAL_NAP
266.440	42.010	0.000	0.000	0.350	0.368	-0.404	4	1	IAAM_NAP
268.740	42.100	0.000	0.000	0.344	0.346	0.139	4	1	IAAN_NAP
264.220	43.310	0.000	0.000	0.342	0.423	-0.123	4	1	IAAS_NAP
265.010	41.410	0.000	0.000	0.365	0.573	0.566	4	1	IAAT_NAP
264.660	41.490	0.000	0.000	0.356	0.358	-0.343	4	1	IAAV_NAP
267.570	40.740	0.000	0.000	0.353	0.349	0.082	4	1	IABL_NAP
266.140	42.050	0.000	0.000	0.362	0.392	0.200	4	1	IABN_NAP
265.090	42.080	0.000	0.000	0.336	0.415	-0.087	4	1	IACA_NAP
264.150	41.220	0.000	0.000	0.475	1.285	-0.834	4	1	IACB_NAP
267.130	40.700	0.000	0.000	0.407	0.439	0.018	4	1	IACE_NAP
266.690	40.980	0.000	0.000	0.339	0.343	-0.238	4	1	IACH_NAP
268.390	41.710	0.000	0.000	0.344	0.350	0.025	4	1	IACI_NAP
264.460	42.770	0.000	0.000	0.341	0.364	0.185	4	1	IACK_NAP
266.250	42.730	0.000	0.000	0.364	0.359	-0.063	4	1	IACL_NAP
264.980	40.740	0.000	0.000	0.491	0.468	-0.638	4	1	IACN_NAP
265.260	41.010	0.000	0.000	1.348	1.062	0.551	4	1	IACO_NAP
265.650	41.050	0.000	0.000	0.339	0.342	-0.270	4	1	IACR_NAP
264.230	42.480	0.000	0.000	0.342	0.433	-0.174	4	1	IACV_NAP
269.370	41.610	0.000	0.000	0.361	0.395	0.046	4	1	IADA_NAP
268.170	43.270	0.000	0.000	0.423	0.393	0.697	4	1	IADE_NAP
264.620	42.000	0.000	0.000	0.355	0.383	0.135	4	1	IADN_NAP
268.430	40.650	0.000	0.000	0.369	0.385	-0.078	4	1	IADO_NAP
265.990	41.550	0.000	0.000	0.342	0.367	-0.345	4	1	IADS_NAP
269.330	42.460	0.000	0.000	0.531	0.357	-0.029	4	1	IADU_NAP
268.640	42.880	0.000	0.000	0.347	0.425	-0.333	4	1	IAEL_NAP
265.310	43.110	0.000	0.000	0.330	0.368	0.015	4	1	IAEM_NAP
268.040	40.980	0.000	0.000	0.333	0.344	0.043	4	1	IAFA_NAP
265.810	42.460	0.000	0.000	0.353	0.375	-0.385	4	1	IAFD_NAP
266.400	43.110	0.000	0.000	0.330	0.356	-0.100	4	1	IAGA_NAP
267.220	42.370	0.000	0.000	0.355	0.346	-0.365	4	1	IAGC_NAP
266.630	43.280	0.000	0.000	0.366	0.401	0.479	4	1	IAHT_NAP
268.120	42.440	0.000	0.000	0.354	0.393	0.225	4	1	IAIN_NAP
265.620	42.020	0.000	0.000	0.344	0.461	-0.486	4	1	IAJE_NAP
266.900	41.300	0.000	0.000	0.371	1.180	-0.322	4	1	IAKN_NAP
266.640	42.800	0.000	0.000	0.337	0.378	-0.019	4	1	IALA_NAP
263.850	42.800	0.000	0.000	0.345	0.355	-0.011	4	1	IALM_NAP
266.240	40.730	0.000	0.000	0.360	0.382	-0.571	4	1	IALN_NAP
265.750	40.710	0.000	0.000	0.398	0.354	0.028	4	1	IAMA_NAP
266.260	41.370	0.000	0.000	0.348	0.352	0.009	4	1	IAMD_NAP
267.450	41.690	0.000	0.000	0.333	0.401	0.118	4	1	IAML_NAP
268.450	42.030	0.000	0.000	0.463	0.407	-0.634	4	1	IAMN_NAP
269.350	42.070	0.000	0.000	0.353	0.374	-0.211	4	1	IAMQ_NAP
268.530	42.480	0.000	0.000	0.360	0.356	0.613	4	1	IAMR_NAP
267.070	42.010	0.000	0.000	0.362	0.369	0.420	4	1	IAMT_NAP
264.140	41.570	0.000	0.000	0.349	0.356	-0.382	4	1	IAMV_NAP
268.710	43.500	0.000	0.000	0.386	0.320	-0.175	4	1	IANA_NAP
267.700	43.060	0.000	0.000	0.563	0.592	0.136	4	1	IANH_NAP
266.920	41.680	0.000	0.000	0.375	0.364	0.371	4	1	IANT_NAP
268.030	41.960	0.000	0.000	0.343	0.367	-0.108	4	1	IANW_NAP
263.890	42.030	0.000	0.000	0.351	0.349	0.364	4	1	IAOA_NAP
267.160	43.280	0.000	0.000	0.367	0.335	-0.213	4	1	IAOE_NAP
267.320	41.290	0.000	0.000	0.371	0.351	0.214	4	1	IAOK_NAP
266.210	41.030	0.000	0.000	0.337	0.409	0.299	4	1	IAOS_NAP
265.320	42.740	0.000	0.000	0.336	0.335	-0.218	4	1	IAPS_NAP
264.770	41.020	0.000	0.000	0.337	0.357	0.010	4	1	IARO_NAP
263.850	43.430	0.000	0.000	0.346	0.408	0.300	4	1	IARR_NAP
269.800	42.080	0.000	0.000	0.330	0.350	0.028	4	1	IASA_NAP
264.980	42.420	0.000	0.000	0.370	0.392	0.414	4	1	IASC_NAP
264.360	40.750	0.000	0.000	0.355	0.384	0.315	4	1	IASD_NAP
267.790	41.320	0.000	0.000	0.339	0.346	-0.231	4	1	IASI_NAP
264.860	43.420	0.000	0.000	0.335	0.482	-0.116	4	1	IASL_NAP
264.780	42.650	0.000	0.000	0.335	0.339	0.185	4	1	IASM_NAP
263.770	42.240	0.000	0.000	0.349	0.352	0.019	4	1	IASN_NAP
264.840	43.130	0.000	0.000	0.370	0.384	-0.283	4	1	IASP_NAP
265.690	43.390	0.000	0.000	0.440	0.512	-0.745	4	1	IASW_NAP
263.650	42.550	0.000	0.000	0.355	0.382	0.168	4	1	IASX_NAP
267.450	41.970	0.000	0.000	0.365	0.417	0.149	4	1	IATA_NAP
268.890	41.640	0.000	0.000	0.514	0.639	-0.862	4	1	IATI_NAP
267.610	42.470	0.000	0.000	0.359	0.382	0.425	4	1	IAWA_NAP
268.790	40.830	0.000	0.000	0.360	0.416	-0.551	4	1	IAWB_NAP
268.510	43.250	0.000	0.000	0.405	0.459	-0.686	4	1	IAWK_NAP
267.990	41.700	0.000	0.000	0.371	0.414	0.549	4	1	IAWM_NAP
268.320	41.310	0.000	0.000	0.361	0.361	-0.247	4	1	IAWN_NAP
268.810	41.180	0.000	0.000	0.384	0.379	0.382	4	1	IAWO_NAP
266.450	42.480	0.000	0.000	0.356	0.424	-0.625	4	1	IAWS_NAP
268.180	42.940	0.000	0.000	0.336	0.374	-0.306	4	1	IAWU_NAP
260.840	23.740	0.000	0.000	0.643	0.625	-0.042	4	1	ICDV_NAP
262.690	37.590	0.000	0.000	0.306	0.304	-0.286	4	1	ICT1_NAP
262.630	37.750	0.000	0.000	0.349	0.350	0.299	4	1	ICT2_NAP
262.780	37.750	0.000	0.000	0.883	1.428	-0.635	4	1	ICT3_NAP
262.370	37.620	0.000	0.000	0.337	0.300	-0.034	4	1	ICT4_NAP
262.370	37.790	0.000	0.000	0.414	0.493	0.297	4	1	ICT5_NAP
272.290	39.600	0.000	0.000	0.410	0.407	-0.031	4	1	ID01_NAP
272.250	40.130	0.000	0.000	0.414	0.461	0.047	4	1	ID03_NAP
255.390	24.070	0.000	0.000	0.338	0.336	-0.172	4	1	IDGO_NAP
270.780	37.710	0.000	0.000	0.515	0.531	0.046	4	1	ILCB_NAP
270.390	39.780	0.000	0.000	0.376	0.293	-0.172	4	1	ILSA_NAP
271.780	40.100	0.000	0.000	0.440	0.404	0.715	4	1	ILUC_NAP
274.790	40.300	0.000	0.000	0.393	0.327	-0.034	4	1	INAB_NAP
272.890	39.390	0.000	0.000	0.348	0.334	-0.220	4	1	INAS_NAP
274.330	40.280	0.000	0.000	0.328	0.333	-0.085	4	1	INAX_NAP
273.480	38.860	0.000	0.000	0.336	0.335	-0.392	4	1	INBD_NAP
273.810	41.460	0.000	0.000	0.332	0.333	-0.304	4	1	INBR_NAP
274.040	39.200	0.000	0.000	0.358	0.354	-0.241	4	1	INCB_NAP
273.200	39.540	0.000	0.000	0.337	0.337	-0.079	4	1	INCL_NAP
273.100	40.080	0.000	0.000	0.321	0.328	-0.350	4	1	INCR_NAP
273.030	38.200	0.000	0.000	0.333	0.382	-0.368	4	1	INDA_NAP
272.450	38.130	0.000	0.000	0.399	0.330	-0.249	4	1	INES_NAP
273.470	40.280	0.000	0.000	0.348	0.356	-0.292	4	1	INFR_NAP
274.820	41.130	0.000	0.000	0.328	0.365	-0.267	4	1	INFW_NAP
274.490	39.360	0.000	0.000	0.329	0.425	-0.027	4	1	INGG_NAP
272.750	41.600	0.000	0.000	0.325	0.345	-0.148	4	1	INGY_NAP
273.480	39.760	0.000	0.000	0.441	0.359	0.137	4	1	INHC_NAP
273.060	38.410	0.000	0.000	0.324	0.408	-0.055	4	1	INJS_NAP
272.850	39.030	0.000	0.000	0.359	0.338	-0.361	4	1	INLN_NAP
273.310	41.590	0.000	0.000	0.329	0.335	0.121	4	1	INLP_NAP
272.680	41.290	0.000	0.000	0.334	0.332	-0.329	4	1	INLW_NAP
274.580	38.830	0.000	0.000	0.324	0.344	-0.154	4	1	INMD_NAP
273.250	40.730	0.000	0.000	0.339	0.364	0.455	4	1	INMO_NAP
273.960	39.770	0.000	0.000	0.332	0.327	0.071	4	1	INMT_NAP
274.230	39.970	0.000	0.000	0.336	0.337	-0.285	4	1	INPD_NAP
273.610	39.690	0.000	0.000	0.348	0.338	0.018	4	1	INPL_NAP
272.860	40.950	0.000	0.000	0.356	0.332	0.084	4	1	INRN_NAP
275.060	39.870	0.000	0.000	0.320	0.322	-0.598	4	1	INSB_NAP
274.200	38.680	0.000	0.000	0.328	0.339	-0.209	4	1	INSG_NAP
273.990	39.850	0.000	0.000	0.492	0.472	0.364	4	1	INSI_NAP
274.140	38.960	0.000	0.000	0.334	0.334	-0.098	4	1	INSY_NAP
273.370	38.060	0.000	0.000	0.327	0.362	-0.032	4	1	INTC_NAP
273.940	40.280	0.000	0.000	0.350	0.329	-0.082	4	1	INTP_NAP
272.470	38.630	0.000	0.000	0.326	0.337	-0.071	4	1	INVI_NAP
274.200	40.820	0.000	0.000	0.329	0.337	0.002	4	1	INWB_NAP
273.070	40.460	0.000	0.000	0.345	0.354	-0.549	4	1	INWL_NAP
273.400	41.080	0.000	0.000	0.329	0.352	-0.187	4	1	INWN_NAP
270.370	45.310	0.000	0.000	0.399	0.418	0.254	4	1	IRMA_NAP
268.600	46.570	0.000	0.000	0.452	0.473	0.081	4	1	IRRI_NAP
258.980	22.140	0.000	0.000	0.554	0.553	0.040	4	1	ISLP_NAP
273.490	39.170	0.000	0.000	0.231	0.230	0.160	4	1	IUCO_NAP
257.390	22.780	0.000	0.000	0.569	0.494	0.412	4	1	IZAC_NAP
269.420	46.130	0.000	0.000	0.389	0.467	0.355	4	1	JABS_NAP
270.970	42.710	0.000	0.000	0.460	0.310	-0.563	4	1	JALE_NAP
260.200	30.480	0.000	0.000	0.353	0.367	-0.132	4	1	JCT1_NAP
269.750	42.910	0.000	0.000	0.296	0.294	0.386	4	1	JFWS_NAP
259.020	33.020	0.000	0.000	0.321	0.334	-0.589	4	1	JTNT_NAP
278.300	30.480	0.000	0.000	0.297	0.289	-0.117	4	1	JXVL_NAP
272.150	41.600	0.000	0.000	0.270	0.292	0.047	4	1	KA10_NAP
271.560	41.650	0.000	0.000	0.481	0.509	-0.233	4	1	KA11_NAP
271.070	39.870	0.000	0.000	0.283	0.280	0.049	4	1	KA12_NAP
271.810	39.480	0.000	0.000	0.287	0.293	-0.171	4	1	KA14_NAP
271.710	42.320	0.000	0.000	0.942	0.597	0.470	4	1	KA15_NAP
270.980	40.450	0.000	0.000	0.589	0.613	-0.621	4	1	KA16_NAP
271.290	41.330	0.000	0.000	0.346	0.364	0.047	4	1	KA17_NAP
272.150	41.100	0.000	0.000	0.279	0.299	-0.075	4	1	KA18_NAP
272.130	42.910	0.000	0.000	0.581	0.626	0.326	4	1	KA19_NAP
270.850	41.330	0.000	0.000	0.293	0.310	0.083	4	1	KA20_NAP
270.800	40.790	0.000	0.000	0.297	0.332	-0.183	4	1	KA21_NAP
271.730	40.880	0.000	0.000	0.357	0.355	0.175	4	1	KA22_NAP
270.430	42.280	0.000	0.000	0.356	0.379	-0.270	4	1	KA23_NAP
271.560	41.670	0.000	0.000	0.491	0.508	0.359	4	1	KA25_NAP
271.820	41.520	0.000	0.000	0.763	0.509	0.458	4	1	KA26_NAP
271.770	42.410	0.000	0.000	0.557	0.525	0.012	4	1	KA27_NAP
264.600	39.130	0.000	0.000	0.566	0.828	0.081	4	1	KAN1_NAP
272.130	41.990	0.000	0.000	0.290	0.379	-0.249	4	1	KAR2_NAP
272.130	42.380	0.000	0.000	0.539	0.576	0.731	4	1	KAR3_NAP
271.710	40.130	0.000	0.000	0.262	0.274	-0.263	4	1	KAR4_NAP
269.370	38.790	0.000	0.000	0.499	0.516	-0.153	4	1	KAR5_NAP
271.850	41.520	0.000	0.000	0.372	0.373	0.060	4	1	KAR6_NAP
272.350	41.880	0.000	0.000	0.457	0.480	0.351	4	1	KAR7_NAP
269.580	38.570	0.000	0.000	0.484	0.507	0.104	4	1	KAR8_NAP
270.050	38.730	0.000	0.000	0.613	0.512	-0.143	4	1	KAR9_NAP
272.500	44.470	0.000	0.000	0.315	0.296	-0.014	4	1	KEEE_NAP
272.080	42.560	0.000	0.000	0.297	0.299	-0.030	4	1	KEHA_NAP
271.380	47.230	0.000	0.000	0.365	0.320	-0.047	4	1	KEW1_NAP
267.950	30.220	0.000	0.000	0.938	0.738	-0.279	4	1	KJUN_NAP
267.960	44.950	0.000	0.000	0.429	0.485	-0.374	4	1	KNAP_NAP
283.480	44.220	0.000	0.000	0.263	0.248	0.236	4	1	KNGS_NAP
280.660	33.480	0.000	0.000	0.550	0.684	-0.102	4	1	KNS1_NAP
276.390	40.630	0.000	0.000	0.247	0.242	-0.013	4	1	KNTN_NAP
278.560	28.290	0.000	0.000	0.821	0.826	-0.016	4	1	KSME_NAP
263.960	39.040	0.000	0.000	0.672	0.694	0.063	4	1	KST2_NAP
263.960	39.040	0.000	0.000	0.349	0.347	0.098	4	1	KST6_NAP
263.390	39.100	0.000	0.000	0.296	0.279	-0.245	4	1	KSU1_NAP
262.110	27.550	0.000	0.000	0.291	0.296	0.088	4	1	KVTX_NAP
278.250	24.550	0.000	0.000	0.320	0.333	-0.071	4	1	KWST_NAP
277.330	38.460	0.000	0.000	2.034	1.781	-0.826	4	1	KYAS_NAP
275.280	39.040	0.000	0.000	0.284	0.284	0.407	4	1	KYBO_NAP
277.000	36.970	0.000	0.000	0.329	0.344	0.039	4	1	KYCB_NAP
274.650	37.340	0.000	0.000	0.272	0.280	0.051	4	1	KYCP_NAP
274.700	36.640	0.000	0.000	0.333	0.318	-0.603	4	1	KYDH_NAP
277.130	38.480	0.000	0.000	0.967	0.877	-0.711	4	1	KYGB_NAP
276.560	38.180	0.000	0.000	0.485	0.566	-0.617	4	1	KYMH_NAP
273.500	37.610	0.000	0.000	0.766	1.059	0.618	4	1	KYRR_NAP
275.380	37.060	0.000	0.000	0.338	0.323	-0.066	4	1	KYSC_NAP
272.500	37.350	0.000	0.000	0.565	0.512	-0.510	4	1	KYTB_NAP
273.530	36.990	0.000	0.000	0.359	0.334	-0.224	4	1	KYTC_NAP
274.150	37.680	0.000	0.000	0.314	0.342	0.404	4	1	KYTD_NAP
274.400	38.280	0.000	0.000	0.308	0.318	0.126	4	1	KYTE_NAP
275.420	39.040	0.000	0.000	0.356	0.349	0.160	4	1	KYTF_NAP
275.510	38.080	0.000	0.000	0.287	0.334	-0.318	4	1	KYTG_NAP
275.380	37.070	0.000	0.000	0.354	0.372	-0.568	4	1	KYTH_NAP
276.250	38.420	0.000	0.000	0.383	0.334	-0.271	4	1	KYTI_NAP
276.240	37.150	0.000	0.000	0.877	0.667	-0.170	4	1	KYTK_NAP
277.460	37.480	0.000	0.000	0.296	0.291	0.038	4	1	KYTL_NAP
278.350	24.580	0.000	0.000	0.365	0.343	-0.246	4	1	KYW1_NAP
268.840	43.880	0.000	0.000	0.555	0.516	0.185	4	1	LACR_NAP
269.290	42.840	0.000	0.000	0.379	0.360	0.284	4	1	LAER_NAP
267.950	30.220	0.000	0.000	0.922	0.825	0.022	4	1	LAKJ_NAP
286.090	41.000	0.000	0.000	0.251	0.249	-0.119	4	1	LAMT_NAP
283.700	40.040	0.000	0.000	0.577	0.650	-0.413	4	1	LANC_NAP
275.340	42.670	0.000	0.000	0.244	0.248	-0.055	4	1	LANS_NAP
260.550	27.510	0.000	0.000	1.339	1.494	0.276	4	1	LARD_NAP
287.220	47.440	0.000	0.000	0.335	0.377	0.202	4	1	LATU_NAP
279.830	26.200	0.000	0.000	0.267	0.276	-0.082	4	1	LAUD_NAP
284.520	46.550	0.000	0.000	0.269	0.279	0.238	4	1	LAUR_NAP
261.530	30.730	0.000	0.000	0.750	0.619	0.292	4	1	LCBU_NAP
272.040	42.300	0.000	0.000	0.242	0.242	0.475	4	1	LCDT_NAP
270.530	36.380	0.000	0.000	0.305	0.306	-0.257	4	1	LCHS_NAP
261.890	30.480	0.000	0.000	0.568	0.593	0.015	4	1	LCRH_NAP
262.870	30.010	0.000	0.000	0.313	0.318	-0.076	4	1	LCSM_NAP
278.080	45.980	0.000	0.000	0.515	0.445	0.136	4	1	LCUR_NAP
261.660	30.550	0.000	0.000	0.553	0.574	0.293	4	1	LCWD_NAP
263.220	30.090	0.000	0.000	0.512	0.650	-0.476	4	1	LDBT_NAP
275.720	39.430	0.000	0.000	0.238	0.238	-0.034	4	1	LEBA_NAP
278.190	28.830	0.000	0.000	0.351	0.347	-0.051	4	1	LEES_NAP
266.730	31.140	0.000	0.000	0.276	0.280	-0.057	4	1	LESV_NAP
281.180	35.400	0.000	0.000	0.901	1.011	-0.468	4	1	LILL_NAP
268.150	44.610	0.000	0.000	0.523	0.695	-0.162	4	1	LIMW_NAP
264.850	29.910	0.000	0.000	0.301	0.302	-0.487	4	1	LKHU_NAP
269.340	29.250	0.000	0.000	0.367	0.324	0.699	4	1	LMCN_NAP
262.520	36.690	0.000	0.000	0.290	0.271	-0.596	4	1	LMNO_NAP
260.530	24.900	0.000	0.000	0.332	0.306	0.117	4	1	LNIG_NAP
274.700	38.010	0.000	0.000	0.384	0.408	-0.085	4	1	LOU1_NAP
290.440	47.830	0.000	0.000	0.302	0.293	-0.168	4	1	LOUP_NAP
283.600	37.060	0.000	0.000	0.736	0.594	0.284	4	1	LOY1_NAP
283.760	36.760	0.000	0.000	0.312	0.391	0.254	4	1	LOY2_NAP
282.500	37.620	0.000	0.000	0.389	0.407	-0.022	4	1	LOY3_NAP
282.440	39.110	0.000	0.000	0.379	0.378	-0.088	4	1	LOY4_NAP
282.550	38.280	0.000	0.000	0.307	0.317	-0.297	4	1	LOY8_NAP
282.730	39.180	0.000	0.000	0.409	0.410	0.124	4	1	LOY9_NAP
281.110	38.430	0.000	0.000	0.319	0.310	-0.341	4	1	LOYA_NAP
282.820	38.730	0.000	0.000	0.369	0.393	-0.115	4	1	LOYB_NAP
281.800	39.120	0.000	0.000	0.313	0.471	0.036	4	1	LOYC_NAP
283.170	38.950	0.000	0.000	1.258	1.091	-0.397	4	1	LOYD_NAP
278.290	38.820	0.000	0.000	0.445	0.441	-0.248	4	1	LOYE_NAP
283.480	38.970	0.000	0.000	0.306	0.310	0.322	4	1	LOYF_NAP
281.490	38.030	0.000	0.000	0.360	0.386	-0.084	4	1	LOYI_NAP
281.990	38.470	0.000	0.000	0.340	0.315	0.364	4	1	LOYJ_NAP
282.650	38.050	0.000	0.000	0.303	0.301	-0.052	4	1	LOYO_NAP
280.980	38.020	0.000	0.000	0.311	0.314	0.085	4	1	LOYP_NAP
282.290	39.630	0.000	0.000	0.335	0.518	0.453	4	1	LOYQ_NAP
281.270	39.650	0.000	0.000	0.320	0.339	-0.042	4	1	LOYS_NAP
283.430	36.860	0.000	0.000	0.341	0.315	-0.075	4	1	LOYZ_NAP
285.420	44.620	0.000	0.000	0.904	0.584	0.135	4	1	LOZ1_NAP
289.990	47.340	0.000	0.000	0.467	0.476	-0.203	4	1	LPOC_NAP
277.540	37.150	0.000	0.000	0.486	0.522	0.535	4	1	LS01_NAP
282.590	37.260	0.000	0.000	0.319	0.511	-0.177	4	1	LS02_NAP
284.040	36.790	0.000	0.000	0.303	0.326	-0.285	4	1	LS03_NAP
280.040	37.360	0.000	0.000	0.306	0.349	-0.096	4	1	LS04_NAP
281.610	37.300	0.000	0.000	1.062	1.170	-0.457	4	1	LS05_NAP
281.710	36.610	0.000	0.000	0.317	0.314	-0.104	4	1	LS06_NAP
278.780	37.270	0.000	0.000	0.651	0.726	0.090	4	1	LS07_NAP
279.780	38.980	0.000	0.000	0.311	0.313	0.106	4	1	LS08_NAP
279.190	40.770	0.000	0.000	0.305	0.306	0.068	4	1	LSBN_NAP
267.590	31.180	0.000	0.000	0.279	0.307	0.078	4	1	LSUA_NAP
267.350	32.520	0.000	0.000	0.371	0.396	0.280	4	1	LTEC_NAP
265.830	39.580	0.000	0.000	0.364	0.398	0.238	4	1	LTHM_NAP
294.830	44.890	0.000	0.000	0.450	0.489	-0.370	4	1	LTWN_NAP
272.230	41.920	0.000	0.000	0.599	0.506	-0.079	4	1	LU01_NAP
258.160	33.540	0.000	0.000	0.429	0.416	-0.083	4	1	LUBB_NAP
269.340	29.250	0.000	0.000	1.411	2.027	0.180	4	1	LUMC_NAP
295.290	44.030	0.000	0.000	0.624	0.470	-0.238	4	1	LVPL_NAP
269.650	29.900	0.000	0.000	0.318	0.326	-0.002	4	1	LWES_NAP
282.510	38.970	0.000	0.000	0.318	0.305	-0.135	4	1	LWX1_NAP
283.000	41.240	0.000	0.000	0.259	0.241	0.082	4	1	LYCO_NAP
270.020	45.710	0.000	0.000	0.481	0.396	0.857	4	1	LYNE_NAP
270.120	43.710	0.000	0.000	0.328	0.324	0.144	4	1	LYST_NAP
287.460	42.670	0.000	0.000	0.544	0.519	-0.564	4	1	MABN_NAP
269.520	37.850	0.000	0.000	0.239	0.237	-0.206	4	1	MACC_NAP
289.460	41.620	0.000	0.000	0.470	0.520	-0.692	4	1	MAFA_NAP
270.640	36.850	0.000	0.000	0.242	0.239	-0.202	4	1	MAIR_NAP
288.950	42.270	0.000	0.000	0.527	0.436	-0.504	4	1	MAMI_NAP
272.310	44.150	0.000	0.000	0.309	0.321	0.195	4	1	MAOC_NAP
270.590	43.040	0.000	0.000	0.304	0.317	0.013	4	1	MAON_NAP
289.340	41.940	0.000	0.000	0.469	0.511	-0.695	4	1	MAPL_NAP
278.050	35.650	0.000	0.000	0.283	0.257	-0.403	4	1	MARI_NAP
289.110	42.860	0.000	0.000	0.496	0.438	-0.686	4	1	MASA_NAP
287.910	42.110	0.000	0.000	0.411	0.629	-0.077	4	1	MASB_NAP
286.640	42.140	0.000	0.000	0.522	0.511	-0.532	4	1	MASH_NAP
272.370	45.070	0.000	0.000	0.309	0.310	-0.364	4	1	MAT0_NAP
289.960	41.980	0.000	0.000	0.530	0.414	-0.260	4	1	MATU_NAP
270.120	46.120	0.000	0.000	0.364	0.383	0.531	4	1	MAWA_NAP
288.070	42.560	0.000	0.000	0.553	0.443	-0.404	4	1	MAWM_NAP
277.470	27.850	0.000	0.000	0.453	0.492	-0.320	4	1	MCD1_NAP
275.100	47.960	0.000	0.000	0.643	0.521	-0.096	4	1	MCHN_NAP
258.520	27.880	0.000	0.000	0.628	0.601	0.294	4	1	MCIG_NAP
276.440	32.700	0.000	0.000	0.395	0.386	-0.023	4	1	MCN1_NAP
266.780	30.180	0.000	0.000	0.287	0.347	0.631	4	1	MCNE_NAP
278.170	39.660	0.000	0.000	0.241	0.239	0.016	4	1	MCON_NAP
295.170	46.100	0.000	0.000	0.397	0.307	-0.051	4	1	MCTN_NAP
270.300	36.120	0.000	0.000	0.267	0.259	-0.134	4	1	MCTY_NAP
255.990	30.680	0.000	0.000	0.273	0.365	0.363	4	1	MDO1_NAP
256.730	46.910	0.000	0.000	0.488	0.483	0.006	4	1	MDR3_NAP
256.730	46.910	0.000	0.000	0.659	0.563	0.579	4	1	MDR5_NAP
283.550	38.320	0.000	0.000	0.449	0.436	0.108	4	1	MDSI_NAP
269.220	44.770	0.000	0.000	0.621	0.699	-0.235	4	1	MEAD_NAP
291.260	44.830	0.000	0.000	0.820	0.509	0.226	4	1	MECC_NAP
290.700	45.030	0.000	0.000	0.365	0.394	-0.040	4	1	MEDX_NAP
289.870	44.670	0.000	0.000	0.379	0.446	-0.362	4	1	MEFR_NAP
289.550	43.680	0.000	0.000	0.426	0.396	-0.418	4	1	MEGO_NAP
290.410	45.460	0.000	0.000	0.408	0.436	0.192	4	1	MEGR_NAP
290.400	44.610	0.000	0.000	0.378	0.415	-0.028	4	1	MEJD_NAP
291.490	45.360	0.000	0.000	0.389	0.498	-0.085	4	1	MELI_NAP
269.790	35.470	0.000	0.000	0.437	0.385	-0.493	4	1	MEM2_NAP
292.540	44.710	0.000	0.000	0.370	0.398	0.014	4	1	MEMA_NAP
290.250	44.300	0.000	0.000	0.593	0.736	-0.506	4	1	MEOW_NAP
291.980	46.670	0.000	0.000	0.444	0.430	0.628	4	1	MEPI_NAP
289.350	44.970	0.000	0.000	0.374	0.438	0.040	4	1	MERA_NAP
268.990	44.120	0.000	0.000	0.364	0.369	0.066	4	1	MESE_NAP
289.490	44.220	0.000	0.000	0.787	0.453	-0.245	4	1	MESP_NAP
276.760	42.680	0.000	0.000	0.245	0.239	0.203	4	1	METR_NAP
290.900	44.450	0.000	0.000	0.547	0.815	0.652	4	1	MEWA_NAP
269.870	44.640	0.000	0.000	0.379	0.388	-0.471	4	1	MFLD_NAP
279.840	25.730	0.000	0.000	0.427	0.351	0.057	4	1	MIA3_NAP
276.570	45.060	0.000	0.000	0.274	0.276	-0.083	4	1	MIAL_NAP
276.020	43.980	0.000	0.000	0.289	0.345	-0.018	4	1	MIAR_NAP
274.800	42.320	0.000	0.000	0.320	0.274	-0.434	4	1	MIBC_NAP
273.610	42.090	0.000	0.000	0.297	0.317	-0.291	4	1	MIBH_NAP
275.000	45.210	0.000	0.000	0.307	0.299	-0.071	4	1	MIBO_NAP
271.490	46.760	0.000	0.000	0.275	0.289	-0.186	4	1	MIBX_NAP
276.050	43.620	0.000	0.000	0.322	0.296	-0.083	4	1	MIBY_NAP
277.330	43.430	0.000	0.000	0.319	0.328	-0.015	4	1	MICA_NAP
274.050	43.060	0.000	0.000	0.348	0.331	-0.291	4	1	MICO_NAP
274.480	41.920	0.000	0.000	0.274	0.283	-0.123	4	1	MICV_NAP
275.020	41.940	0.000	0.000	0.276	0.275	-0.241	4	1	MICW_NAP
274.740	45.310	0.000	0.000	0.303	0.304	-0.137	4	1	MICX_NAP
276.350	41.960	0.000	0.000	0.336	0.500	0.128	4	1	MIDD_NAP
276.480	43.050	0.000	0.000	0.272	0.279	0.148	4	1	MIDS_NAP
276.990	42.440	0.000	0.000	0.264	0.268	0.044	4	1	MIDT_NAP
275.360	45.030	0.000	0.000	0.285	0.292	-0.177	4	1	MIGD_NAP
273.790	43.010	0.000	0.000	0.281	0.283	-0.327	4	1	MIGH_NAP
275.300	44.660	0.000	0.000	0.289	0.292	-0.033	4	1	MIGL_NAP
275.190	44.020	0.000	0.000	0.331	0.330	-0.053	4	1	MIHA_NAP
275.380	41.890	0.000	0.000	0.285	0.291	-0.120	4	1	MIHD_NAP
275.210	44.330	0.000	0.000	0.290	0.291	0.067	4	1	MIHL_NAP
273.920	42.810	0.000	0.000	0.274	0.285	-0.242	4	1	MIHO_NAP
273.640	43.690	0.000	0.000	0.285	0.293	0.036	4	1	MIHT_NAP
274.140	42.890	0.000	0.000	0.274	0.279	-0.313	4	1	MIHV_NAP
271.370	46.080	0.000	0.000	0.275	0.277	0.060	4	1	MIIR_NAP
275.410	43.290	0.000	0.000	0.288	0.288	-0.264	4	1	MIIT_NAP
269.830	46.470	0.000	0.000	0.326	0.309	-0.180	4	1	MIIW_NAP
274.810	44.740	0.000	0.000	0.269	0.273	0.137	4	1	MIKK_NAP
275.650	41.850	0.000	0.000	0.309	0.305	0.040	4	1	MIKS_NAP
272.110	43.000	0.000	0.000	0.378	0.344	0.142	4	1	MIL1_NAP
276.590	42.440	0.000	0.000	0.304	0.309	0.302	4	1	MILI_NAP
275.640	46.490	0.000	0.000	0.340	0.333	0.076	4	1	MILS_NAP
273.560	43.950	0.000	0.000	0.293	0.290	-0.170	4	1	MILT_NAP
275.550	42.560	0.000	0.000	0.274	0.277	-0.076	4	1	MIMA_NAP
273.750	43.200	0.000	0.000	0.271	0.286	-0.161	4	1	MIMK_NAP
273.840	44.370	0.000	0.000	0.297	0.288	-0.039	4	1	MIMN_NAP
276.540	41.920	0.000	0.000	0.281	0.272	-0.118	4	1	MIMO_NAP
272.620	46.550	0.000	0.000	0.256	0.265	0.105	4	1	MIMQ_NAP
275.960	42.150	0.000	0.000	0.337	0.307	-0.100	4	1	MIMR_NAP
273.360	46.380	0.000	0.000	0.289	0.289	0.011	4	1	MIMU_NAP
275.790	46.280	0.000	0.000	0.334	0.313	0.229	4	1	MINB_NAP
275.370	45.380	0.000	0.000	0.322	0.325	-0.098	4	1	MIND_NAP
268.180	46.130	0.000	0.000	0.528	0.506	0.285	4	1	MING_NAP
277.200	42.730	0.000	0.000	0.397	0.455	0.583	4	1	MINH_NAP
273.780	41.810	0.000	0.000	0.333	0.329	-0.552	4	1	MINI_NAP
272.080	45.790	0.000	0.000	0.314	0.413	-0.105	4	1	MINW_NAP
275.870	44.650	0.000	0.000	0.431	0.422	-0.088	4	1	MIO1_NAP
275.850	44.650	0.000	0.000	0.302	0.300	0.017	4	1	MIO2_NAP
275.870	44.300	0.000	0.000	0.302	0.300	-0.089	4	1	MIOG_NAP
274.930	43.000	0.000	0.000	0.278	0.270	0.012	4	1	MION_NAP
270.700	46.860	0.000	0.000	0.382	0.388	-0.085	4	1	MIOT_NAP
274.120	42.220	0.000	0.000	0.270	0.277	-0.124	4	1	MIPP_NAP
276.240	42.690	0.000	0.000	0.314	0.294	-0.044	4	1	MIPV_NAP
274.340	42.460	0.000	0.000	0.272	0.281	-0.132	4	1	MIPW_NAP
273.760	45.970	0.000	0.000	0.338	0.332	0.208	4	1	MIQE_NAP
276.170	42.970	0.000	0.000	0.276	0.282	-0.095	4	1	MISC_NAP
273.740	42.380	0.000	0.000	0.293	0.295	-0.428	4	1	MISH_NAP
275.300	45.850	0.000	0.000	0.361	0.358	-0.056	4	1	MISI_NAP
275.460	42.960	0.000	0.000	0.283	0.279	-0.156	4	1	MISJ_NAP
272.400	45.420	0.000	0.000	0.303	0.324	-0.131	4	1	MIST_NAP
274.390	44.710	0.000	0.000	0.289	0.290	-0.102	4	1	MITC_NAP
273.400	41.800	0.000	0.000	0.318	0.383	0.165	4	1	MITO_NAP
274.910	43.300	0.000	0.000	0.306	0.310	-0.319	4	1	MITS_NAP
271.450	47.110	0.000	0.000	0.731	0.332	-0.015	4	1	MITU_NAP
276.420	44.280	0.000	0.000	0.287	0.290	0.012	4	1	MITW_NAP
276.990	42.780	0.000	0.000	0.274	0.295	-0.036	4	1	MIWA_NAP
275.780	42.680	0.000	0.000	0.298	0.292	-0.040	4	1	MIWB_NAP
274.220	43.570	0.000	0.000	0.284	0.277	-0.055	4	1	MIWC_NAP
272.610	32.090	0.000	0.000	0.419	0.429	0.013	4	1	MLF1_NAP
266.670	43.680	0.000	0.000	0.379	0.404	-0.161	4	1	MNAA_NAP
266.820	45.110	0.000	0.000	0.337	0.326	0.186	4	1	MNAH_NAP
263.980	45.200	0.000	0.000	0.376	0.416	0.241	4	1	MNAN_NAP
267.030	48.290	0.000	0.000	0.373	0.365	0.145	4	1	MNAS_NAP
266.790	44.730	0.000	0.000	0.340	0.384	0.209	4	1	MNAV_NAP
264.610	45.890	0.000	0.000	0.402	0.370	-0.056	4	1	MNAX_NAP
265.930	48.630	0.000	0.000	0.339	0.480	-0.414	4	1	MNBD_NAP
265.880	43.660	0.000	0.000	0.317	0.312	0.129	4	1	MNBE_NAP
266.350	47.730	0.000	0.000	0.447	0.377	-0.045	4	1	MNBF_NAP
265.060	47.500	0.000	0.000	0.333	0.359	0.256	4	1	MNBJ_NAP
267.410	46.860	0.000	0.000	0.343	0.384	0.665	4	1	MNBK_NAP
268.150	47.350	0.000	0.000	0.450	0.488	0.451	4	1	MNBM_NAP
267.800	47.660	0.000	0.000	0.880	0.417	-0.192	4	1	MNBS_NAP
265.410	48.710	0.000	0.000	0.332	0.364	-0.032	4	1	MNBT_NAP
263.620	43.610	0.000	0.000	0.309	0.323	0.138	4	1	MNBV_NAP
265.760	46.350	0.000	0.000	0.322	0.402	0.156	4	1	MNBX_NAP
268.500	43.630	0.000	0.000	0.288	0.316	-0.339	4	1	MNCA_NAP
267.180	45.400	0.000	0.000	0.575	0.579	-0.220	4	1	MNCC_NAP
267.310	47.860	0.000	0.000	0.448	0.535	-0.507	4	1	MNCK_NAP
264.590	44.950	0.000	0.000	0.307	0.309	-0.001	4	1	MNCL_NAP
266.780	45.570	0.000	0.000	0.355	0.359	-0.284	4	1	MNCM_NAP
263.370	47.770	0.000	0.000	0.367	0.383	0.243	4	1	MNCR_NAP
267.510	47.170	0.000	0.000	0.424	0.408	0.831	4	1	MNCT_NAP
267.160	44.030	0.000	0.000	0.589	0.328	0.465	4	1	MNDC_NAP
263.090	48.570	0.000	0.000	0.342	0.419	-0.051	4	1	MNDN_NAP
264.140	46.820	0.000	0.000	0.364	0.368	0.033	4	1	MNDT_NAP
267.890	46.800	0.000	0.000	0.325	0.345	-0.103	4	1	MNDU_NAP
264.400	44.060	0.000	0.000	0.302	0.309	-0.161	4	1	MNDV_NAP
264.030	45.990	0.000	0.000	0.473	0.699	-0.571	4	1	MNEB_NAP
266.800	44.830	0.000	0.000	0.348	0.362	0.123	4	1	MNEG_NAP
267.310	43.660	0.000	0.000	0.327	0.328	-0.256	4	1	MNEK_NAP
266.050	46.690	0.000	0.000	0.300	0.319	0.146	4	1	MNEM_NAP
264.020	47.660	0.000	0.000	0.921	0.352	-0.063	4	1	MNER_NAP
268.170	47.900	0.000	0.000	0.380	0.423	0.402	4	1	MNEX_NAP
267.790	43.960	0.000	0.000	0.418	0.552	0.407	4	1	MNEY_NAP
263.940	46.270	0.000	0.000	0.338	0.426	0.153	4	1	MNFF_NAP
265.560	43.660	0.000	0.000	0.627	0.558	0.534	4	1	MNFR_NAP
266.170	46.300	0.000	0.000	0.361	0.438	-0.459	4	1	MNGA_NAP
262.970	47.930	0.000	0.000	0.549	0.396	-0.516	4	1	MNGF_NAP
266.520	47.220	0.000	0.000	0.323	0.336	-0.062	4	1	MNGP_NAP
263.510	45.560	0.000	0.000	0.304	0.339	-0.104	4	1	MNGR_NAP
266.650	45.000	0.000	0.000	0.491	0.758	-0.414	4	1	MNGV_NAP
264.380	48.300	0.000	0.000	0.579	0.478	-0.028	4	1	MNGY_NAP
267.080	47.420	0.000	0.000	0.443	0.395	0.213	4	1	MNHB_NAP
263.560	44.460	0.000	0.000	1.067	0.596	-0.233	4	1	MNHD_NAP
264.540	46.330	0.000	0.000	0.508	0.321	-0.265	4	1	MNHG_NAP
263.050	48.770	0.000	0.000	0.445	0.336	0.422	4	1	MNHK_NAP
263.700	46.880	0.000	0.000	0.370	0.327	0.168	4	1	MNHL_NAP
267.050	45.980	0.000	0.000	0.549	0.446	0.358	4	1	MNHN_NAP
266.010	44.910	0.000	0.000	0.329	0.359	-0.164	4	1	MNHW_NAP
264.370	47.950	0.000	0.000	0.379	0.380	-0.082	4	1	MNHY_NAP
266.620	48.580	0.000	0.000	0.438	0.463	0.378	4	1	MNIF_NAP
266.730	46.980	0.000	0.000	0.340	0.350	-0.056	4	1	MNJC_NAP
264.880	44.080	0.000	0.000	0.321	0.342	0.232	4	1	MNJF_NAP
264.990	45.150	0.000	0.000	0.329	0.349	-0.100	4	1	MNKA_NAP
263.490	48.570	0.000	0.000	0.363	0.343	0.252	4	1	MNKD_NAP
266.710	44.480	0.000	0.000	0.308	0.342	-0.427	4	1	MNLC_NAP
265.610	45.980	0.000	0.000	0.404	1.177	-0.023	4	1	MNLF_NAP
264.880	43.640	0.000	0.000	0.310	0.597	-0.154	4	1	MNLK_NAP
266.090	44.440	0.000	0.000	0.281	0.624	0.127	4	1	MNLS_NAP
266.340	45.880	0.000	0.000	1.333	0.908	0.927	4	1	MNMA_NAP
265.470	45.130	0.000	0.000	0.355	0.335	0.108	4	1	MNME_NAP
266.120	48.130	0.000	0.000	0.356	0.379	-0.041	4	1	MNMG_NAP
266.060	44.160	0.000	0.000	0.467	0.386	0.352	4	1	MNMK_NAP
267.240	46.440	0.000	0.000	0.498	0.344	-0.033	4	1	MNML_NAP
265.000	44.540	0.000	0.000	0.355	0.351	0.013	4	1	MNMN_NAP
263.560	44.940	0.000	0.000	0.335	0.355	-0.072	4	1	MNMR_NAP
264.200	44.460	0.000	0.000	0.374	0.356	0.098	4	1	MNMS_NAP
265.730	47.880	0.000	0.000	0.703	0.413	-0.752	4	1	MNNH_NAP
265.560	44.280	0.000	0.000	0.346	0.352	0.189	4	1	MNNU_NAP
267.040	45.000	0.000	0.000	0.332	0.325	-0.070	4	1	MNOK_NAP
264.030	47.310	0.000	0.000	0.344	0.576	-0.137	4	1	MNOM_NAP
264.930	46.910	0.000	0.000	0.805	0.336	0.232	4	1	MNPK_NAP
266.740	46.340	0.000	0.000	0.447	0.390	-0.262	4	1	MNPL_NAP
263.670	44.000	0.000	0.000	0.398	0.326	-0.063	4	1	MNPP_NAP
265.630	46.700	0.000	0.000	0.464	0.518	-0.877	4	1	MNPR_NAP
268.110	43.510	0.000	0.000	0.356	0.361	-0.291	4	1	MNPS_NAP
266.300	45.260	0.000	0.000	0.339	0.334	-0.203	4	1	MNRD_NAP
266.090	47.060	0.000	0.000	0.352	0.364	0.031	4	1	MNRE_NAP
268.240	43.820	0.000	0.000	0.328	0.609	0.021	4	1	MNRF_NAP
265.070	45.430	0.000	0.000	0.323	0.343	-0.006	4	1	MNRG_NAP
264.960	47.880	0.000	0.000	0.326	0.331	0.115	4	1	MNRL_NAP
264.230	43.640	0.000	0.000	0.296	0.306	-0.040	4	1	MNRM_NAP
263.710	46.490	0.000	0.000	0.296	0.309	-0.215	4	1	MNRT_NAP
264.220	48.850	0.000	0.000	0.959	0.381	-0.126	4	1	MNRU_NAP
264.950	48.790	0.000	0.000	0.337	0.349	-0.272	4	1	MNRV_NAP
267.470	44.560	0.000	0.000	0.326	0.330	-0.058	4	1	MNRW_NAP
264.440	45.490	0.000	0.000	0.331	0.305	-0.102	4	1	MNSB_NAP
265.070	45.710	0.000	0.000	0.306	0.341	0.128	4	1	MNSC_NAP
265.870	47.600	0.000	0.000	0.526	0.377	0.293	4	1	MNSQ_NAP
265.390	43.980	0.000	0.000	0.405	0.408	0.677	4	1	MNSS_NAP
265.810	45.560	0.000	0.000	0.427	0.360	-0.113	4	1	MNST_NAP
267.520	43.900	0.000	0.000	0.334	0.320	-0.041	4	1	MNSV_NAP
268.750	47.300	0.000	0.000	0.396	0.405	-0.000	4	1	MNSY_NAP
263.790	48.120	0.000	0.000	0.355	0.325	-0.010	4	1	MNTF_NAP
268.330	47.040	0.000	0.000	0.333	0.340	-0.026	4	1	MNTH_NAP
266.650	43.510	0.000	0.000	0.306	0.291	-0.162	4	1	MNTL_NAP
286.360	45.550	0.000	0.000	0.281	0.370	-0.058	4	1	MNTQ_NAP
266.360	44.870	0.000	0.000	0.613	0.566	0.203	4	1	MNVC_NAP
267.440	47.520	0.000	0.000	0.302	0.328	0.357	4	1	MNVI_NAP
264.950	46.410	0.000	0.000	0.301	0.341	-0.324	4	1	MNVN_NAP
262.800	48.970	0.000	0.000	0.424	0.368	0.016	4	1	MNVT_NAP
266.500	44.060	0.000	0.000	0.352	0.338	0.133	4	1	MNWA_NAP
267.970	44.380	0.000	0.000	0.342	0.353	-0.368	4	1	MNWB_NAP
265.490	48.150	0.000	0.000	0.461	0.419	-0.401	4	1	MNWH_NAP
265.400	47.100	0.000	0.000	0.332	0.337	0.374	4	1	MNWK_NAP
268.290	44.070	0.000	0.000	0.332	0.334	0.029	4	1	MNWN_NAP
263.230	48.190	0.000	0.000	0.382	0.396	-0.243	4	1	MNWR_NAP
267.320	44.290	0.000	0.000	0.393	0.349	-0.508	4	1	MNZM_NAP
265.700	40.260	0.000	0.000	0.325	0.339	-0.054	4	1	MOAL_NAP
271.980	30.230	0.000	0.000	0.308	0.332	-0.261	4	1	MOB1_NAP
268.780	37.460	0.000	0.000	0.349	0.352	-0.142	4	1	MOBE_NAP
268.790	39.350	0.000	0.000	0.354	0.362	0.055	4	1	MOBG_NAP
266.780	36.710	0.000	0.000	0.330	0.315	0.130	4	1	MOBR_NAP
265.610	38.260	0.000	0.000	0.316	0.324	-0.087	4	1	MOBT_NAP
266.900	37.660	0.000	0.000	0.587	0.344	-0.284	4	1	MOBU_NAP
269.260	37.700	0.000	0.000	0.400	0.355	0.406	4	1	MOBW_NAP
265.640	37.180	0.000	0.000	0.317	0.333	-0.004	4	1	MOCA_NAP
267.230	38.040	0.000	0.000	0.330	0.330	0.003	4	1	MOCD_NAP
266.460	39.770	0.000	0.000	0.387	0.334	-0.053	4	1	MOCE_NAP
270.680	36.920	0.000	0.000	0.337	0.346	0.228	4	1	MOCH_NAP
266.240	38.390	0.000	0.000	0.351	0.357	-0.254	4	1	MOCL_NAP
265.760	39.750	0.000	0.000	1.020	1.057	0.025	4	1	MOCM_NAP
268.530	38.460	0.000	0.000	0.320	0.316	0.109	4	1	MODR_NAP
270.020	36.810	0.000	0.000	0.540	0.472	-0.769	4	1	MODX_NAP
269.210	39.180	0.000	0.000	0.437	0.394	-0.115	4	1	MOEB_NAP
267.820	40.190	0.000	0.000	0.331	0.353	-0.183	4	1	MOED_NAP
267.400	38.350	0.000	0.000	0.315	0.345	-0.257	4	1	MOEL_NAP
269.610	38.190	0.000	0.000	0.321	0.363	-0.069	4	1	MOFE_NAP
289.370	41.550	0.000	0.000	0.657	0.631	0.000	4	1	MOFM_NAP
267.050	40.280	0.000	0.000	1.197	1.139	0.194	4	1	MOGC_NAP
266.150	37.430	0.000	0.000	0.365	0.523	-0.181	4	1	MOGF_NAP
268.600	39.700	0.000	0.000	0.380	0.360	-0.022	4	1	MOHL_NAP
268.060	37.340	0.000	0.000	0.352	0.358	-0.292	4	1	MOHS_NAP
265.680	38.610	0.000	0.000	0.350	0.359	-0.059	4	1	MOHV_NAP
267.710	38.580	0.000	0.000	0.321	0.338	0.091	4	1	MOJC_NAP
270.350	37.410	0.000	0.000	0.353	0.321	-0.088	4	1	MOJK_NAP
269.930	36.220	0.000	0.000	0.331	0.317	-0.200	4	1	MOKE_NAP
267.070	39.430	0.000	0.000	0.355	0.340	-0.230	4	1	MOKV_NAP
268.150	37.480	0.000	0.000	1.256	1.187	0.211	4	1	MOLI_NAP
266.380	37.890	0.000	0.000	1.036	0.916	-0.113	4	1	MOLN_NAP
267.050	37.350	0.000	0.000	0.360	0.372	-0.248	4	1	MOMF_NAP
267.690	37.130	0.000	0.000	0.335	0.352	-0.084	4	1	MOMG_NAP
268.110	38.690	0.000	0.000	0.488	0.959	-0.246	4	1	MOMK_NAP
266.020	36.920	0.000	0.000	0.466	0.471	0.854	4	1	MOMO_NAP
265.150	40.360	0.000	0.000	0.363	0.382	-0.474	4	1	MOMV_NAP
268.170	39.160	0.000	0.000	0.796	0.764	0.076	4	1	MOMX_NAP
267.260	39.760	0.000	0.000	0.333	0.327	-0.156	4	1	MONC_NAP
265.650	37.870	0.000	0.000	0.336	0.346	0.105	4	1	MONE_NAP
267.150	37.510	0.000	0.000	1.040	1.085	-0.186	4	1	MONW_NAP
270.410	42.620	0.000	0.000	0.332	0.331	-0.147	4	1	MOOE_NAP
269.990	37.520	0.000	0.000	0.676	0.683	0.089	4	1	MOPA_NAP
265.220	39.380	0.000	0.000	0.898	1.016	0.134	4	1	MOPC_NAP
266.420	40.420	0.000	0.000	0.333	0.337	0.108	4	1	MOPN_NAP
287.250	40.790	0.000	0.000	0.412	0.356	-0.040	4	1	MOR1_NAP
263.240	46.880	0.000	0.000	0.335	0.342	-0.032	4	1	MORH_NAP
264.460	40.420	0.000	0.000	0.727	0.688	0.011	4	1	MORK_NAP
266.070	39.280	0.000	0.000	0.326	0.318	-0.059	4	1	MORM_NAP
265.470	38.830	0.000	0.000	0.312	0.311	-0.234	4	1	MOSB_NAP
269.030	38.380	0.000	0.000	0.776	0.761	-0.310	4	1	MOSC_NAP
266.750	38.690	0.000	0.000	0.343	0.329	-0.209	4	1	MOSD_NAP
267.250	37.160	0.000	0.000	0.347	0.340	-0.128	4	1	MOSE_NAP
266.770	37.240	0.000	0.000	0.316	0.329	-0.162	4	1	MOSF_NAP
267.950	39.700	0.000	0.000	0.338	0.367	0.239	4	1	MOSH_NAP
269.540	38.560	0.000	0.000	0.898	0.433	0.593	4	1	MOSI_NAP
267.850	37.820	0.000	0.000	0.426	0.616	0.629	4	1	MOSR_NAP
268.660	37.970	0.000	0.000	0.326	0.323	-0.074	4	1	MOST_NAP
265.150	39.950	0.000	0.000	0.334	0.360	-0.105	4	1	MOSV_NAP
268.940	36.960	0.000	0.000	0.348	0.343	-0.038	4	1	MOVB_NAP
268.050	38.190	0.000	0.000	0.315	0.315	-0.018	4	1	MOVE_NAP
266.260	38.810	0.000	0.000	0.361	0.559	0.209	4	1	MOWB_NAP
268.840	38.810	0.000	0.000	0.316	0.364	0.028	4	1	MOWR_NAP
268.080	36.970	0.000	0.000	0.316	0.318	-0.038	4	1	MOWS_NAP
266.640	38.250	0.000	0.000	0.375	0.360	0.229	4	1	MOWW_NAP
275.240	43.620	0.000	0.000	0.248	0.259	-0.224	4	1	MPLE_NAP
294.430	46.990	0.000	0.000	0.312	0.325	0.079	4	1	MRA2_NAP
274.970	29.720	0.000	0.000	0.928	1.031	-0.006	4	1	MRKB_NAP
258.300	42.900	0.000	0.000	0.307	0.315	-0.439	4	1	MRRN_NAP
269.310	34.110	0.000	0.000	0.371	0.441	0.092	4	1	MSB6_NAP
271.440	34.670	0.000	0.000	0.404	0.660	0.331	4	1	MSBV_NAP
269.430	34.200	0.000	0.000	0.644	0.734	-0.125	4	1	MSCD_NAP
269.270	33.750	0.000	0.000	0.454	0.427	-0.185	4	1	MSCL_NAP
270.890	32.440	0.000	0.000	0.512	0.490	-0.125	4	1	MSDC_NAP
271.350	30.390	0.000	0.000	0.486	0.594	-0.195	4	1	MSGA_NAP
268.960	33.340	0.000	0.000	0.428	0.413	0.208	4	1	MSGN_NAP
270.660	31.330	0.000	0.000	0.431	0.472	-0.045	4	1	MSHT_NAP
269.820	32.330	0.000	0.000	0.514	0.516	-0.162	4	1	MSJK_NAP
273.950	43.240	0.000	0.000	0.262	0.269	-0.135	4	1	MSKY_NAP
271.270	32.370	0.000	0.000	0.613	0.570	-0.161	4	1	MSMR_NAP
268.600	31.560	0.000	0.000	0.604	0.558	0.294	4	1	MSNA_NAP
270.470	34.360	0.000	0.000	0.344	0.349	0.520	4	1	MSOX_NAP
270.310	30.530	0.000	0.000	0.637	0.716	-0.152	4	1	MSPC_NAP
271.340	33.800	0.000	0.000	0.429	0.495	-0.108	4	1	MSPE_NAP
270.900	32.760	0.000	0.000	0.536	0.609	-0.415	4	1	MSPH_NAP
270.860	30.780	0.000	0.000	0.484	0.522	-0.178	4	1	MSPK_NAP
270.460	30.850	0.000	0.000	0.660	0.742	-0.339	4	1	MSPO_NAP
271.510	32.830	0.000	0.000	0.559	0.666	-0.552	4	1	MSSB_NAP
270.390	30.380	0.000	0.000	0.342	0.344	0.025	4	1	MSSC_NAP
271.210	33.450	0.000	0.000	0.491	0.491	0.025	4	1	MSST_NAP
269.590	32.850	0.000	0.000	0.435	0.419	-0.120	4	1	MSYZ_NAP
293.870	44.230	0.000	0.000	0.480	0.549	0.263	4	1	MTGN_NAP
278.950	24.730	0.000	0.000	0.664	0.630	-0.160	4	1	MTHN_NAP
279.090	25.870	0.000	0.000	0.263	0.275	-0.053	4	1	MTNT_NAP
277.490	40.380	0.000	0.000	0.248	0.250	0.118	4	1	MTVR_NAP
284.780	43.080	0.000	0.000	0.635	0.558	0.109	4	1	MVCC_NAP
272.400	41.670	0.000	0.000	0.323	0.372	-0.045	4	1	MWRD_NAP
278.220	26.150	0.000	0.000	0.274	0.273	0.042	4	1	NAPL_NAP
282.540	25.050	0.000	0.000	0.309	0.314	0.041	4	1	NAS0_NAP
282.950	35.170	0.000	0.000	0.458	0.471	-0.080	4	1	NBR2_NAP
279.080	35.120	0.000	0.000	0.265	0.262	0.228	4	1	NC77_NAP
279.790	35.340	0.000	0.000	0.272	0.274	0.236	4	1	NCAL_NAP
276.490	35.370	0.000	0.000	0.317	0.338	0.159	4	1	NCBC_NAP
283.330	34.720	0.000	0.000	0.303	0.310	-0.004	4	1	NCBE_NAP
280.560	36.090	0.000	0.000	0.251	0.255	-0.090	4	1	NCBU_NAP
280.620	35.340	0.000	0.000	0.259	0.266	-0.435	4	1	NCCA_NAP
281.640	34.990	0.000	0.000	0.436	0.430	-0.188	4	1	NCCL_NAP
279.440	35.380	0.000	0.000	0.393	0.286	0.381	4	1	NCCO_NAP
283.530	35.920	0.000	0.000	0.301	0.324	-0.226	4	1	NCCR_NAP
284.250	36.180	0.000	0.000	0.673	0.641	0.051	4	1	NCDK_NAP
281.480	34.650	0.000	0.000	0.275	0.337	-0.169	4	1	NCET_NAP
281.130	35.030	0.000	0.000	0.314	0.269	-0.048	4	1	NCFA_NAP
278.130	35.330	0.000	0.000	0.651	0.693	0.066	4	1	NCFC_NAP
280.260	36.070	0.000	0.000	0.623	0.652	-0.120	4	1	NCG1_NAP
280.260	36.070	0.000	0.000	0.424	0.458	-0.223	4	1	NCG6_NAP
281.940	35.420	0.000	0.000	0.317	0.316	0.285	4	1	NCGO_NAP
277.500	35.360	0.000	0.000	0.334	0.326	0.355	4	1	NCHE_NAP
282.560	36.410	0.000	0.000	0.284	0.266	-0.121	4	1	NCJA_NAP
282.550	34.750	0.000	0.000	0.316	0.314	-0.215	4	1	NCJV_NAP
282.020	34.940	0.000	0.000	0.278	0.331	-0.319	4	1	NCKN_NAP
279.770	35.810	0.000	0.000	0.281	0.253	-0.051	4	1	NCLE_NAP
281.190	35.420	0.000	0.000	0.454	0.759	0.291	4	1	NCLI_NAP
280.920	34.630	0.000	0.000	0.276	0.289	-0.261	4	1	NCLU_NAP
277.310	35.810	0.000	0.000	0.266	0.288	-0.085	4	1	NCMA_NAP
278.340	35.710	0.000	0.000	0.274	0.291	0.031	4	1	NCMG_NAP
279.200	35.580	0.000	0.000	0.267	0.265	-0.137	4	1	NCMO_NAP
279.480	34.980	0.000	0.000	0.276	0.295	0.651	4	1	NCMR_NAP
276.030	35.070	0.000	0.000	0.336	0.597	-0.440	4	1	NCMU_NAP
281.980	35.970	0.000	0.000	0.307	0.301	-0.051	4	1	NCNA_NAP
278.870	36.170	0.000	0.000	0.327	0.307	-0.376	4	1	NCNW_NAP
284.520	35.680	0.000	0.000	0.589	0.448	0.202	4	1	NCPI_NAP
279.820	34.990	0.000	0.000	0.289	0.299	0.545	4	1	NCPO_NAP
281.420	35.760	0.000	0.000	0.259	0.293	0.217	4	1	NCRD_NAP
280.240	35.630	0.000	0.000	0.517	0.547	-0.158	4	1	NCS3_NAP
281.660	35.560	0.000	0.000	0.296	0.306	-0.037	4	1	NCSF_NAP
278.510	35.280	0.000	0.000	0.306	0.292	0.287	4	1	NCSH_NAP
281.610	33.980	0.000	0.000	0.334	0.351	-0.581	4	1	NCSL_NAP
278.080	35.370	0.000	0.000	0.353	0.357	-0.327	4	1	NCSP_NAP
283.670	35.390	0.000	0.000	0.340	0.367	-0.089	4	1	NCSQ_NAP
278.890	36.500	0.000	0.000	0.377	0.336	-0.179	4	1	NCSR_NAP
279.150	35.860	0.000	0.000	0.296	0.297	-0.093	4	1	NCST_NAP
277.580	35.600	0.000	0.000	0.282	0.277	-0.290	4	1	NCSW_NAP
276.790	35.350	0.000	0.000	0.268	0.279	0.188	4	1	NCSY_NAP
282.430	35.880	0.000	0.000	0.315	0.311	-0.165	4	1	NCTA_NAP
280.130	35.370	0.000	0.000	0.301	0.292	-0.128	4	1	NCTR_NAP
282.940	35.560	0.000	0.000	0.348	0.426	0.278	4	1	NCWA_NAP
279.820	36.370	0.000	0.000	0.304	0.324	0.213	4	1	NCWC_NAP
281.280	34.280	0.000	0.000	0.320	0.301	0.079	4	1	NCWH_NAP
282.970	35.830	0.000	0.000	0.373	0.362	-0.164	4	1	NCWI_NAP
278.520	36.390	0.000	0.000	0.319	0.321	-0.088	4	1	NCWJ_NAP
282.070	35.710	0.000	0.000	0.705	0.356	0.732	4	1	NCWL_NAP
279.770	36.070	0.000	0.000	0.361	0.351	0.061	4	1	NCWS_NAP
270.390	30.360	0.000	0.000	0.335	0.294	-0.160	4	1	NDBC_NAP
258.670	48.420	0.000	0.000	0.326	0.325	0.165	4	1	NDMB_NAP
264.400	37.300	0.000	0.000	0.386	0.419	0.387	4	1	NDS1_NAP
264.360	37.380	0.000	0.000	0.564	0.655	0.211	4	1	NDSK_NAP
263.390	46.270	0.000	0.000	0.402	0.384	-0.581	4	1	NDWN_NAP
260.090	40.310	0.000	0.000	0.341	0.346	0.226	4	1	NEAP_NAP
260.370	41.400	0.000	0.000	0.664	0.488	0.455	4	1	NEBB_NAP
263.300	40.770	0.000	0.000	0.269	0.256	-0.159	4	1	NEDR_NAP
262.830	40.150	0.000	0.000	0.359	0.378	-0.249	4	1	NEFR_NAP
261.670	40.920	0.000	0.000	0.314	0.271	0.606	4	1	NEGI_NAP
260.640	40.440	0.000	0.000	0.328	0.366	-0.279	4	1	NEHO_NAP
263.540	41.940	0.000	0.000	0.463	0.595	0.043	4	1	NELY_NAP
259.420	40.200	0.000	0.000	0.391	0.336	0.054	4	1	NEMC_NAP
269.940	44.180	0.000	0.000	0.422	0.442	0.288	4	1	NEMI_NAP
262.590	42.040	0.000	0.000	0.392	0.333	0.090	4	1	NENF_NAP
263.920	41.220	0.000	0.000	0.353	0.332	0.339	4	1	NEOM_NAP
261.080	41.600	0.000	0.000	0.431	0.429	-0.263	4	1	NEOR_NAP
261.480	40.080	0.000	0.000	0.372	0.383	0.074	4	1	NERC_NAP
256.340	41.830	0.000	0.000	0.344	0.420	-0.192	4	1	NESC_NAP
262.410	40.840	0.000	0.000	0.329	0.362	0.136	4	1	NEYK_NAP
288.480	43.210	0.000	0.000	0.323	0.374	0.027	4	1	NHCO_NAP
289.050	43.140	0.000	0.000	0.320	0.288	0.377	4	1	NHUN_NAP
284.790	39.420	0.000	0.000	0.404	0.392	-0.062	4	1	NJBR_NAP
285.200	39.100	0.000	0.000	0.282	0.279	-0.228	4	1	NJCM_NAP
285.530	40.380	0.000	0.000	0.304	0.332	0.607	4	1	NJDY_NAP
284.880	39.780	0.000	0.000	0.271	0.252	0.102	4	1	NJGC_NAP
285.470	39.470	0.000	0.000	0.434	0.423	-0.084	4	1	NJGT_NAP
285.100	40.500	0.000	0.000	0.539	0.587	-0.955	4	1	NJHC_NAP
285.520	40.800	0.000	0.000	0.298	0.263	0.316	4	1	NJMT_NAP
285.530	40.300	0.000	0.000	1.063	0.870	0.568	4	1	NJMU_NAP
285.960	40.210	0.000	0.000	0.391	0.509	-0.449	4	1	NJNT_NAP
285.810	39.950	0.000	0.000	0.274	0.276	0.103	4	1	NJOC_NAP
285.250	41.060	0.000	0.000	0.358	0.298	-0.431	4	1	NJSC_NAP
285.530	40.540	0.000	0.000	0.288	0.323	0.131	4	1	NJTP_NAP
285.200	40.260	0.000	0.000	0.261	0.265	0.418	4	1	NJTR_NAP
285.050	39.940	0.000	0.000	0.335	0.305	-0.219	4	1	NJTW_NAP
284.920	40.800	0.000	0.000	0.351	0.327	0.184	4	1	NJWC_NAP
262.200	42.210	0.000	0.000	0.471	0.522	0.411	4	1	NLGN_NAP
268.430	41.770	0.000	0.000	0.226	0.234	-0.029	4	1	NLIB_NAP
270.600	36.450	0.000	0.000	0.299	0.310	-0.240	4	1	NMKM_NAP
255.410	33.390	0.000	0.000	0.292	0.260	-0.259	4	1	NMRO_NAP
269.880	29.930	0.000	0.000	0.457	0.420	-0.123	4	1	NOLA_NAP
274.560	44.260	0.000	0.000	0.243	0.238	-0.022	4	1	NOR1_NAP
275.320	44.990	0.000	0.000	0.482	0.483	-0.205	4	1	NOR2_NAP
276.430	45.070	0.000	0.000	0.258	0.247	0.381	4	1	NOR3_NAP
288.670	41.510	0.000	0.000	0.229	0.223	0.044	4	1	NPRI_NAP
284.380	45.450	0.000	0.000	0.241	0.269	0.065	4	1	NRC1_NAP
270.540	36.420	0.000	0.000	0.358	0.274	0.101	4	1	NWCC_NAP
286.180	42.710	0.000	0.000	0.400	0.383	0.200	4	1	NYAB_NAP
284.170	42.110	0.000	0.000	0.274	0.270	0.063	4	1	NYBH_NAP
281.880	42.990	0.000	0.000	0.275	0.272	-0.172	4	1	NYBT_NAP
286.800	40.760	0.000	0.000	0.271	0.282	-0.227	4	1	NYCI_NAP
283.790	42.580	0.000	0.000	0.272	0.295	-0.040	4	1	NYCL_NAP
282.860	42.190	0.000	0.000	0.282	0.269	0.053	4	1	NYCP_NAP
285.510	42.670	0.000	0.000	0.313	0.344	0.091	4	1	NYCS_NAP
282.300	42.550	0.000	0.000	0.301	0.307	-0.404	4	1	NYDV_NAP
286.460	44.210	0.000	0.000	0.283	0.285	-0.100	4	1	NYET_NAP
280.660	42.430	0.000	0.000	0.286	0.286	0.218	4	1	NYFD_NAP
281.860	42.200	0.000	0.000	0.286	0.274	-0.432	4	1	NYFS_NAP
285.650	42.940	0.000	0.000	0.275	0.275	-0.213	4	1	NYFV_NAP
281.150	42.720	0.000	0.000	0.281	0.278	-0.298	4	1	NYHB_NAP
284.710	41.960	0.000	0.000	0.282	0.279	-0.444	4	1	NYHC_NAP
286.430	43.320	0.000	0.000	0.426	0.432	0.025	4	1	NYHF_NAP
284.550	44.310	0.000	0.000	0.314	0.299	-0.023	4	1	NYHL_NAP
285.000	43.020	0.000	0.000	0.384	0.393	0.025	4	1	NYHM_NAP
286.240	42.250	0.000	0.000	0.287	0.270	-0.098	4	1	NYHS_NAP
285.720	43.780	0.000	0.000	0.322	0.298	-0.211	4	1	NYIL_NAP
285.970	41.940	0.000	0.000	0.273	0.294	-0.016	4	1	NYKT_NAP
286.350	41.480	0.000	0.000	0.320	0.481	0.171	4	1	NYLC_NAP
281.250	43.170	0.000	0.000	0.278	0.280	0.306	4	1	NYLP_NAP
284.510	43.800	0.000	0.000	0.276	0.289	0.517	4	1	NYLV_NAP
282.390	43.110	0.000	0.000	0.369	0.355	0.117	4	1	NYMC_NAP
285.560	41.410	0.000	0.000	0.269	0.285	-0.099	4	1	NYMD_NAP
285.710	44.870	0.000	0.000	0.277	0.274	0.130	4	1	NYML_NAP
283.770	43.470	0.000	0.000	0.270	0.271	-0.111	4	1	NYMX_NAP
285.970	41.500	0.000	0.000	0.387	0.314	-0.444	4	1	NYNB_NAP
285.920	41.740	0.000	0.000	0.439	0.428	0.020	4	1	NYNP_NAP
283.860	43.120	0.000	0.000	0.359	0.371	-0.193	4	1	NYNS_NAP
284.890	42.440	0.000	0.000	0.279	0.271	-0.264	4	1	NYON_NAP
286.550	44.680	0.000	0.000	0.270	0.278	0.043	4	1	NYPB_NAP
284.960	44.650	0.000	0.000	0.284	0.277	0.042	4	1	NYPD_NAP
282.470	43.090	0.000	0.000	0.271	0.279	-0.126	4	1	NYPF_NAP
286.270	40.720	0.000	0.000	0.302	0.319	0.031	4	1	NYQN_NAP
285.920	44.300	0.000	0.000	0.325	0.321	0.220	4	1	NYRB_NAP
287.290	40.920	0.000	0.000	0.349	0.325	0.348	4	1	NYRH_NAP
284.510	43.180	0.000	0.000	0.276	0.272	-0.098	4	1	NYRM_NAP
284.490	42.680	0.000	0.000	0.476	0.395	-0.470	4	1	NYSB_NAP
281.250	42.190	0.000	0.000	0.275	0.279	-0.094	4	1	NYSM_NAP
286.200	43.060	0.000	0.000	0.278	0.277	0.183	4	1	NYST_NAP
286.180	41.080	0.000	0.000	0.290	0.271	-0.488	4	1	NYVH_NAP
283.120	42.350	0.000	0.000	0.310	0.306	-0.055	4	1	NYWG_NAP
283.150	42.900	0.000	0.000	0.269	0.275	-0.146	4	1	NYWL_NAP
284.080	44.030	0.000	0.000	0.284	0.270	0.290	4	1	NYWT_NAP
283.480	42.010	0.000	0.000	0.297	0.296	0.017	4	1	NYWV_NAP
267.340	30.820	0.000	0.000	0.261	0.279	-0.118	4	1	OAKH_NAP
257.680	31.870	0.000	0.000	0.456	0.460	0.183	4	1	ODS5_NAP
276.440	38.790	0.000	0.000	0.285	0.275	-0.042	4	1	OHAD_NAP
275.890	40.770	0.000	0.000	0.332	0.277	0.253	4	1	OHAL_NAP
279.450	41.930	0.000	0.000	0.274	0.306	-0.075	4	1	OHAS_NAP
277.870	39.330	0.000	0.000	0.386	0.396	0.295	4	1	OHAT_NAP
278.360	41.540	0.000	0.000	0.271	0.289	-0.094	4	1	OHCD_NAP
276.160	39.940	0.000	0.000	0.289	0.472	0.045	4	1	OHCL_NAP
278.160	40.300	0.000	0.000	0.347	0.336	-0.082	4	1	OHCO_NAP
275.390	40.100	0.000	0.000	0.350	0.362	0.399	4	1	OHDR_NAP
275.820	39.760	0.000	0.000	0.280	0.296	-0.030	4	1	OHDT_NAP
276.520	39.530	0.000	0.000	0.369	0.344	-0.257	4	1	OHFA_NAP
275.870	41.560	0.000	0.000	0.278	0.282	-0.124	4	1	OHFN_NAP
276.320	41.040	0.000	0.000	0.284	0.340	-0.145	4	1	OHHA_NAP
276.400	39.200	0.000	0.000	0.299	0.290	-0.309	4	1	OHHI_NAP
277.560	39.540	0.000	0.000	0.291	0.287	-0.818	4	1	OHHO_NAP
277.440	41.180	0.000	0.000	0.294	0.284	0.005	4	1	OHHU_NAP
279.270	40.370	0.000	0.000	0.394	0.398	0.217	4	1	OHJE_NAP
278.710	41.730	0.000	0.000	0.313	0.415	-0.287	4	1	OHLA_NAP
277.590	39.950	0.000	0.000	0.276	0.284	-0.014	4	1	OHLI_NAP
277.770	41.290	0.000	0.000	0.280	0.290	-0.138	4	1	OHLO_NAP
276.470	41.720	0.000	0.000	0.683	0.700	0.067	4	1	OHLU_NAP
276.520	39.870	0.000	0.000	0.361	0.428	0.205	4	1	OHMD_NAP
277.270	41.540	0.000	0.000	0.264	0.296	-0.273	4	1	OHMH_NAP
279.230	41.020	0.000	0.000	0.286	0.284	0.204	4	1	OHMN_NAP
278.900	39.780	0.000	0.000	0.326	0.308	-0.080	4	1	OHMO_NAP
275.370	40.550	0.000	0.000	0.272	0.274	-0.147	4	1	OHMR_NAP
278.760	41.110	0.000	0.000	0.500	0.473	0.252	4	1	OHPO_NAP
275.430	39.740	0.000	0.000	0.355	0.287	0.117	4	1	OHPR_NAP
277.440	40.770	0.000	0.000	0.277	0.448	-0.117	4	1	OHRI_NAP
276.980	39.370	0.000	0.000	0.348	0.382	-0.152	4	1	OHRO_NAP
277.170	41.640	0.000	0.000	0.427	0.353	0.006	4	1	OHSB_NAP
278.590	40.460	0.000	0.000	0.686	0.620	-0.319	4	1	OHTU_NAP
276.640	40.230	0.000	0.000	0.322	0.320	0.651	4	1	OHUN_NAP
275.380	40.860	0.000	0.000	0.336	0.349	-0.596	4	1	OHVW_NAP
278.580	39.430	0.000	0.000	0.324	0.307	-0.411	4	1	OHWA_NAP
275.440	41.580	0.000	0.000	0.502	0.318	-0.527	4	1	OHWI_NAP
263.260	34.800	0.000	0.000	0.338	0.297	-0.023	4	1	OKAD_NAP
260.670	34.630	0.000	0.000	0.354	0.426	-0.284	4	1	OKAL_NAP
264.380	34.200	0.000	0.000	0.246	0.243	-0.013	4	1	OKAN_NAP
261.750	35.080	0.000	0.000	0.283	0.300	0.169	4	1	OKAO_NAP
262.830	34.170	0.000	0.000	0.441	0.329	-0.376	4	1	OKAR_NAP
260.360	36.830	0.000	0.000	0.279	0.359	0.511	4	1	OKBF_NAP
279.140	27.270	0.000	0.000	0.253	0.254	-0.072	4	1	OKCB_NAP
261.030	35.480	0.000	0.000	0.253	0.331	-0.108	4	1	OKCL_NAP
262.030	34.480	0.000	0.000	0.491	0.428	-0.838	4	1	OKDN_NAP
262.490	35.490	0.000	0.000	0.434	0.281	0.267	4	1	OKDT_NAP
277.410	42.910	0.000	0.000	0.312	0.368	-0.678	4	1	OKEE_NAP
265.380	34.910	0.000	0.000	0.294	0.270	0.170	4	1	OKHV_NAP
261.590	34.570	0.000	0.000	0.356	0.272	0.216	4	1	OKLW_NAP
264.260	34.930	0.000	0.000	0.260	0.310	-0.231	4	1	OKMA_NAP
264.600	35.720	0.000	0.000	0.549	0.310	0.040	4	1	OKMU_NAP
271.140	34.090	0.000	0.000	0.423	0.349	-0.189	4	1	OKOM_NAP
262.680	36.280	0.000	0.000	0.267	0.302	-0.201	4	1	OKPR_NAP
260.360	35.310	0.000	0.000	0.372	0.344	-0.035	4	1	OKSY_NAP
263.100	35.260	0.000	0.000	0.338	0.337	-0.040	4	1	OKTE_NAP
264.150	36.210	0.000	0.000	0.317	0.253	-0.318	4	1	OKTU_NAP
264.090	41.780	0.000	0.000	0.413	0.423	-0.255	4	1	OMH1_NAP
278.890	29.300	0.000	0.000	0.250	0.261	-0.118	4	1	ORMD_NAP
268.770	44.540	0.000	0.000	0.513	0.390	-0.186	4	1	OSEO_NAP
283.490	43.460	0.000	0.000	0.361	0.301	-0.116	4	1	OSPA_NAP
256.590	34.150	0.000	0.000	0.258	0.258	0.017	4	1	P038_NAP
256.850	36.450	0.000	0.000	0.278	0.275	0.368	4	1	P039_NAP
257.310	38.070	0.000	0.000	0.257	0.260	0.074	4	1	P040_NAP
255.090	42.050	0.000	0.000	0.258	0.260	-0.119	4	1	P042_NAP
255.810	43.880	0.000	0.000	0.267	0.269	0.008	4	1	P043_NAP
256.780	40.170	0.000	0.000	0.269	0.278	-0.433	4	1	P044_NAP
255.560	45.850	0.000	0.000	0.267	0.268	-0.316	4	1	P054_NAP
255.310	47.120	0.000	0.000	0.275	0.339	0.435	4	1	P055_NAP
255.300	36.040	0.000	0.000	0.278	0.305	-0.050	4	1	P070_NAP
288.620	43.540	0.000	0.000	0.310	0.315	-0.304	4	1	P776_NAP
267.450	35.700	0.000	0.000	0.293	0.293	0.017	4	1	P777_NAP
259.380	46.560	0.000	0.000	0.376	0.423	-0.116	4	1	P802_NAP
269.320	46.330	0.000	0.000	0.368	0.373	0.090	4	1	P803_NAP
280.040	40.440	0.000	0.000	0.325	0.326	0.046	4	1	PAAP_NAP
280.050	40.880	0.000	0.000	0.736	0.721	0.088	4	1	PABB_NAP
283.550	41.780	0.000	0.000	0.348	0.326	-0.225	4	1	PABT_NAP
280.570	41.240	0.000	0.000	0.395	0.312	-0.218	4	1	PACS_NAP
282.330	39.950	0.000	0.000	0.404	0.378	0.617	4	1	PAFC_NAP
282.020	39.960	0.000	0.000	0.345	0.332	-0.160	4	1	PAFM_NAP
280.300	39.930	0.000	0.000	0.311	0.297	-0.165	4	1	PAFU_NAP
279.840	39.900	0.000	0.000	0.366	0.382	-0.426	4	1	PAGW_NAP
280.810	40.610	0.000	0.000	0.315	0.327	0.150	4	1	PAII_NAP
279.760	41.230	0.000	0.000	0.332	0.329	0.017	4	1	PAMM_NAP
284.750	41.000	0.000	0.000	0.294	0.293	-0.116	4	1	PAMS_NAP
281.980	41.760	0.000	0.000	0.363	0.302	0.127	4	1	PAPC_NAP
284.820	40.010	0.000	0.000	0.348	0.500	-0.886	4	1	PAPH_NAP
280.040	40.440	0.000	0.000	0.423	0.414	-0.116	4	1	PAPT_NAP
271.410	42.870	0.000	0.000	0.307	0.304	-0.244	4	1	PAR0_NAP
284.940	40.200	0.000	0.000	0.276	0.271	-0.172	4	1	PARL_NAP
279.960	45.340	0.000	0.000	0.345	0.311	-0.322	4	1	PARY_NAP
283.840	40.640	0.000	0.000	0.301	0.298	-0.211	4	1	PASS_NAP
264.280	31.780	0.000	0.000	0.314	0.302	0.017	4	1	PATT_NAP
280.490	40.310	0.000	0.000	0.303	0.311	-0.232	4	1	PAWG_NAP
279.780	26.850	0.000	0.000	0.288	0.274	0.146	4	1	PBCH_NAP
275.640	46.060	0.000	0.000	0.364	0.405	0.175	4	1	PCK1_NAP
272.810	30.470	0.000	0.000	0.261	0.306	-0.081	4	1	PCLA_NAP
269.150	45.270	0.000	0.000	0.380	0.389	-0.383	4	1	PENG_NAP
261.810	26.210	0.000	0.000	1.338	1.769	-0.398	4	1	PHAR_NAP
270.920	46.060	0.000	0.000	0.490	0.499	-0.667	4	1	PHPS_NAP
286.150	45.500	0.000	0.000	0.490	0.485	-0.063	4	1	PIER_NAP
269.820	36.370	0.000	0.000	0.309	0.335	0.430	4	1	PIGT_NAP
280.300	40.550	0.000	0.000	0.336	0.390	-0.476	4	1	PIT1_NAP
280.820	35.720	0.000	0.000	0.545	0.564	0.312	4	1	PITT_NAP
276.980	39.050	0.000	0.000	0.251	0.250	-0.072	4	1	PKTN_NAP
269.960	43.280	0.000	0.000	0.341	0.331	0.096	4	1	PLIN_NAP
255.270	40.180	0.000	0.000	0.258	0.258	-0.275	4	1	PLTC_NAP
278.310	29.660	0.000	0.000	0.243	0.242	-0.016	4	1	PLTK_NAP
286.480	45.560	0.000	0.000	0.636	0.761	0.137	4	1	PMTL_NAP
291.230	44.450	0.000	0.000	0.385	0.426	-0.014	4	1	PNB1_NAP
274.320	30.200	0.000	0.000	0.374	0.397	0.246	4	1	PNCY_NAP
265.280	46.860	0.000	0.000	0.489	0.594	-0.401	4	1	PNR1_NAP
270.540	43.570	0.000	0.000	0.316	0.336	-0.063	4	1	POGE_NAP
291.530	48.520	0.000	0.000	0.704	0.576	0.388	4	1	PPER_NAP
262.480	34.980	0.000	0.000	0.263	0.256	-0.451	4	1	PRCO_NAP
273.090	40.430	0.000	0.000	0.337	0.453	0.492	4	1	PRDU_NAP
270.860	43.860	0.000	0.000	0.314	0.310	-0.081	4	1	PRON_NAP
276.430	30.080	0.000	0.000	0.283	0.273	-0.243	4	1	PRRY_NAP
285.750	44.430	0.000	0.000	0.316	0.322	0.047	4	1	PSC1_NAP
275.830	35.950	0.000	0.000	0.386	0.392	0.029	4	1	PSCC_NAP
282.150	40.810	0.000	0.000	0.225	0.235	0.073	4	1	PSU1_NAP
270.300	36.410	0.000	0.000	0.238	0.236	-0.100	4	1	PTGV_NAP
275.370	46.480	0.000	0.000	0.248	0.250	0.028	4	1	PTIR_NAP
255.650	38.290	0.000	0.000	0.427	0.441	0.022	4	1	PUB1_NAP
280.780	43.240	0.000	0.000	0.265	0.282	0.198	4	1	PWEL_NAP
281.360	35.790	0.000	0.000	0.477	0.331	0.385	4	1	RALR_NAP
271.880	43.040	0.000	0.000	0.330	0.339	0.065	4	1	RASN_NAP
284.430	39.560	0.000	0.000	0.395	0.427	-0.188	4	1	RED1_NAP
255.010	32.730	0.000	0.000	0.278	0.280	0.057	4	1	RG08_NAP
255.030	36.460	0.000	0.000	0.287	0.282	0.193	4	1	RG12_NAP
255.790	36.490	0.000	0.000	0.287	0.335	-0.101	4	1	RG13_NAP
255.030	37.960	0.000	0.000	0.324	0.290	0.672	4	1	RG24_NAP
270.560	45.630	0.000	0.000	0.345	0.371	0.106	4	1	RHER_NAP
282.570	37.540	0.000	0.000	0.351	0.342	0.399	4	1	RIC1_NAP
269.620	43.370	0.000	0.000	0.366	0.372	0.286	4	1	RICE_NAP
269.830	45.320	0.000	0.000	0.381	0.441	0.265	4	1	RILA_NAP
291.480	48.440	0.000	0.000	0.855	0.379	0.764	4	1	RIMO_NAP
269.770	42.010	0.000	0.000	0.417	0.719	0.045	4	1	RIS1_NAP
269.770	42.010	0.000	0.000	0.728	0.478	0.372	4	1	RIS5_NAP
270.650	36.470	0.000	0.000	0.274	0.233	-0.398	4	1	RLAP_NAP
279.620	25.610	0.000	0.000	0.324	0.335	-0.147	4	1	RMND_NAP
264.470	30.070	0.000	0.000	0.307	0.341	0.226	4	1	ROD1_NAP
272.480	48.830	0.000	0.000	0.850	0.470	-0.646	4	1	ROSS_NAP
280.970	48.240	0.000	0.000	0.287	0.268	0.013	4	1	ROUY_NAP
270.940	42.350	0.000	0.000	0.327	0.395	-0.356	4	1	RRW1_NAP
286.420	41.040	0.000	0.000	0.498	0.419	-0.091	4	1	RVDI_NAP
259.350	40.090	0.000	0.000	0.380	0.400	0.558	4	1	RWDN_NAP
287.970	44.540	0.000	0.000	0.447	0.463	-0.055	4	1	SA03_NAP
279.840	25.730	0.000	0.000	0.556	0.552	-0.020	4	1	SA20_NAP
286.060	45.410	0.000	0.000	0.575	0.721	-0.789	4	1	SA29_NAP
267.540	42.510	0.000	0.000	0.420	0.473	-0.171	4	1	SA30_NAP
276.160	43.630	0.000	0.000	0.411	0.364	-0.321	4	1	SAG1_NAP
265.180	35.370	0.000	0.000	0.431	0.423	-0.256	4	1	SAL1_NAP
278.300	32.140	0.000	0.000	0.364	0.389	0.213	4	1	SAV1_NAP
270.020	38.510	0.000	0.000	0.364	0.433	0.079	4	1	SCCB_NAP
280.060	32.780	0.000	0.000	0.350	0.390	-0.250	4	1	SCCC_NAP
277.770	34.940	0.000	0.000	0.272	0.283	-0.129	4	1	SCGP_NAP
281.260	33.940	0.000	0.000	0.474	0.431	0.687	4	1	SCHY_NAP
278.920	32.290	0.000	0.000	0.594	0.582	-0.080	4	1	SCJR_NAP
279.660	33.920	0.000	0.000	0.454	0.374	-0.208	4	1	SCSR_NAP
278.350	34.770	0.000	0.000	0.356	0.315	0.212	4	1	SCUN_NAP
279.330	32.900	0.000	0.000	0.335	0.340	-0.282	4	1	SCWT_NAP
278.760	34.990	0.000	0.000	0.559	0.562	-0.211	4	1	SCYC_NAP
256.390	43.770	0.000	0.000	0.937	0.926	0.076	4	1	SDCU_NAP
256.770	44.080	0.000	0.000	0.409	0.416	-0.110	4	1	SDRC_NAP
263.380	43.730	0.000	0.000	0.414	0.440	0.168	4	1	SDSF_NAP
269.020	43.260	0.000	0.000	0.421	0.455	0.056	4	1	SECA_NAP
263.270	43.570	0.000	0.000	0.356	0.314	0.035	4	1	SFSD_NAP
262.910	47.920	0.000	0.000	0.283	0.295	-0.090	4	1	SG00_NAP
262.520	36.600	0.000	0.000	0.280	0.271	0.002	4	1	SG01_NAP
276.990	40.000	0.000	0.000	0.360	0.355	-0.146	4	1	SG03_NAP
262.730	37.130	0.000	0.000	0.274	0.270	0.073	4	1	SG04_NAP
279.380	28.070	0.000	0.000	0.288	0.277	-0.136	4	1	SG05_NAP
286.880	40.910	0.000	0.000	0.351	0.334	-0.359	4	1	SG06_NAP
291.330	44.900	0.000	0.000	0.445	0.422	-0.044	4	1	SG07_NAP
263.570	36.840	0.000	0.000	0.272	0.275	-0.106	4	1	SG08_NAP
261.720	36.430	0.000	0.000	0.270	0.282	-0.041	4	1	SG09_NAP
261.710	36.880	0.000	0.000	0.299	0.333	0.170	4	1	SG10_NAP
260.690	37.330	0.000	0.000	0.370	0.367	0.017	4	1	SG11_NAP
260.680	38.200	0.000	0.000	0.381	0.381	-0.010	4	1	SG12_NAP
262.480	38.110	0.000	0.000	0.423	0.400	0.425	4	1	SG13_NAP
262.980	37.840	0.000	0.000	0.410	0.408	0.151	4	1	SG14_NAP
264.410	38.200	0.000	0.000	0.376	0.365	-0.121	4	1	SG15_NAP
263.820	37.380	0.000	0.000	0.331	0.331	0.033	4	1	SG16_NAP
261.800	34.880	0.000	0.000	0.369	0.386	0.166	4	1	SG18_NAP
261.020	35.360	0.000	0.000	0.372	0.374	0.009	4	1	SG19_NAP
261.980	35.560	0.000	0.000	0.411	0.433	0.048	4	1	SG20_NAP
273.050	40.440	0.000	0.000	0.372	0.367	-0.137	4	1	SG23_NAP
274.110	42.970	0.000	0.000	0.449	0.467	0.184	4	1	SG25_NAP
263.640	30.600	0.000	0.000	0.379	0.358	-0.429	4	1	SG32_NAP
263.260	35.270	0.000	0.000	0.417	0.411	-0.008	4	1	SG34_NAP
262.530	35.240	0.000	0.000	0.433	0.448	-0.030	4	1	SG72_NAP
261.850	29.720	0.000	0.000	0.399	0.383	0.267	4	1	SGI1_NAP
272.270	43.750	0.000	0.000	0.462	0.309	-0.539	4	1	SHAN_NAP
295.450	46.220	0.000	0.000	0.452	0.476	0.016	4	1	SHE2_NAP
294.700	43.770	0.000	0.000	0.501	0.487	0.091	4	1	SHEL_NAP
288.100	45.400	0.000	0.000	0.305	0.265	0.309	4	1	SHER_NAP
285.990	40.470	0.000	0.000	0.468	0.425	0.727	4	1	SHK1_NAP
271.460	44.760	0.000	0.000	0.414	0.315	0.406	4	1	SHNO_NAP
271.430	44.450	0.000	0.000	0.306	0.301	-0.269	4	1	SHON_NAP
269.860	42.580	0.000	0.000	0.440	0.359	-0.011	4	1	SHRG_NAP
266.300	32.430	0.000	0.000	0.329	0.347	-0.488	4	1	SHRV_NAP
272.890	45.190	0.000	0.000	0.426	0.304	0.037	4	1	SIBA_NAP
276.760	42.170	0.000	0.000	0.240	0.245	-0.017	4	1	SIBY_NAP
269.000	38.460	0.000	0.000	1.251	0.916	0.409	4	1	SICE_NAP
275.830	40.310	0.000	0.000	0.243	0.239	-0.023	4	1	SIDN_NAP
268.340	31.840	0.000	0.000	0.280	0.274	0.082	4	1	SIHS_NAP
272.020	42.870	0.000	0.000	0.357	0.369	-0.091	4	1	SIW2_NAP
272.020	42.870	0.000	0.000	0.566	0.588	-0.098	4	1	SIWI_NAP
268.890	30.400	0.000	0.000	0.333	0.415	0.457	4	1	SJB1_NAP
293.940	45.260	0.000	0.000	0.419	0.426	0.017	4	1	SJPA_NAP
266.300	41.900	0.000	0.000	0.425	0.382	-0.396	4	1	SLAI_NAP
280.840	35.470	0.000	0.000	0.257	0.249	-0.202	4	1	SNFD_NAP
268.460	45.850	0.000	0.000	0.429	0.429	-0.003	4	1	SNLK_NAP
283.550	38.320	0.000	0.000	0.302	0.306	0.060	4	1	SOL1_NAP
274.470	42.230	0.000	0.000	0.255	0.321	0.248	4	1	SOWR_NAP
272.690	44.800	0.000	0.000	0.353	0.351	-0.192	4	1	STB1_NAP
272.690	44.800	0.000	0.000	0.385	0.397	-0.313	4	1	STB6_NAP
272.600	44.810	0.000	0.000	0.300	0.311	-0.074	4	1	STBA_NAP
267.420	45.400	0.000	0.000	0.535	0.547	-0.076	4	1	STCF_NAP
277.890	39.330	0.000	0.000	0.369	0.293	-0.372	4	1	STKR_NAP
269.700	45.070	0.000	0.000	0.532	0.447	-0.384	4	1	STL0_NAP
270.240	38.610	0.000	0.000	0.417	0.405	0.067	4	1	STL3_NAP
270.240	38.610	0.000	0.000	1.309	0.516	-0.096	4	1	STL4_NAP
270.140	36.090	0.000	0.000	0.247	0.245	0.054	4	1	STLE_NAP
269.790	38.590	0.000	0.000	0.412	0.406	-0.093	4	1	STLU_NAP
268.100	44.300	0.000	0.000	0.240	0.240	0.013	4	1	STP1_NAP
268.100	44.300	0.000	0.000	0.334	0.345	0.061	4	1	STP6_NAP
270.460	44.550	0.000	0.000	0.308	0.310	0.080	4	1	STPT_NAP
257.490	34.830	0.000	0.000	0.445	0.576	0.118	4	1	SUM1_NAP
257.490	34.830	0.000	0.000	0.556	0.381	0.188	4	1	SUM6_NAP
271.670	45.000	0.000	0.000	0.306	0.297	0.176	4	1	SUNG_NAP
271.560	46.750	0.000	0.000	0.531	0.679	-0.155	4	1	SUP1_NAP
272.930	45.750	0.000	0.000	0.236	0.255	-0.237	4	1	SUP2_NAP
274.490	46.300	0.000	0.000	0.260	0.254	0.368	4	1	SUP3_NAP
267.900	46.680	0.000	0.000	0.445	0.479	-0.291	4	1	SUWI_NAP
283.910	43.120	0.000	0.000	0.418	0.344	0.040	4	1	SYCN_NAP
275.640	30.400	0.000	0.000	0.250	0.257	-0.143	4	1	TALH_NAP
268.820	32.400	0.000	0.000	0.262	0.293	-0.264	4	1	TALL_NAP
262.140	22.280	0.000	0.000	0.389	0.219	0.083	4	1	TAMP_NAP
282.620	26.740	0.000	0.000	0.358	0.359	0.028	4	1	TCA0_NAP
256.390	35.090	0.000	0.000	0.320	0.337	-0.499	4	1	TCUN_NAP
267.920	30.530	0.000	0.000	0.349	0.331	0.100	4	1	THHR_NAP
276.850	41.070	0.000	0.000	0.263	0.337	-0.128	4	1	TIFF_NAP
270.960	44.740	0.000	0.000	0.328	0.371	-0.006	4	1	TIGR_NAP
276.520	41.610	0.000	0.000	0.424	0.427	-0.134	4	1	TLDO_NAP
272.050	42.380	0.000	0.000	0.323	0.326	0.231	4	1	TM04_NAP
271.040	42.270	0.000	0.000	0.319	0.330	0.054	4	1	TM07_NAP
271.230	41.910	0.000	0.000	0.326	0.323	0.051	4	1	TM11_NAP
270.530	41.820	0.000	0.000	0.319	0.317	-0.136	4	1	TM12_NAP
277.610	36.360	0.000	0.000	0.293	0.298	-0.078	4	1	TN11_NAP
276.710	36.250	0.000	0.000	0.291	0.301	-0.084	4	1	TN12_NAP
276.790	35.940	0.000	0.000	0.298	0.319	-0.128	4	1	TN13_NAP
275.930	36.410	0.000	0.000	0.304	0.299	0.286	4	1	TN14_NAP
276.230	36.000	0.000	0.000	0.298	0.305	-0.148	4	1	TN15_NAP
275.400	35.900	0.000	0.000	0.298	0.297	-0.040	4	1	TN16_NAP
276.000	35.810	0.000	0.000	0.324	0.325	-0.358	4	1	TN17_NAP
277.820	36.370	0.000	0.000	0.308	0.309	0.065	4	1	TN18_NAP
274.790	35.060	0.000	0.000	0.319	0.304	-0.160	4	1	TN21_NAP
274.620	35.390	0.000	0.000	0.296	0.328	-0.185	4	1	TN22_NAP
275.000	35.920	0.000	0.000	0.294	0.319	-0.139	4	1	TN23_NAP
274.500	36.130	0.000	0.000	0.308	0.298	0.211	4	1	TN24_NAP
273.810	35.370	0.000	0.000	0.301	0.312	0.122	4	1	TN25_NAP
275.370	35.440	0.000	0.000	0.321	0.314	-0.034	4	1	TN26_NAP
274.680	36.400	0.000	0.000	0.344	0.432	-0.192	4	1	TN27_NAP
274.250	35.700	0.000	0.000	0.319	0.328	-0.004	4	1	TN28_NAP
273.130	36.170	0.000	0.000	0.302	0.296	-0.225	4	1	TN31_NAP
273.590	36.400	0.000	0.000	0.318	0.297	0.240	4	1	TN32_NAP
272.680	36.560	0.000	0.000	0.376	0.305	0.318	4	1	TN33_NAP
273.290	35.430	0.000	0.000	0.298	0.299	-0.153	4	1	TN34_NAP
272.380	36.100	0.000	0.000	0.314	0.306	-0.286	4	1	TN35_NAP
272.670	35.260	0.000	0.000	0.294	0.300	-0.025	4	1	TN36_NAP
272.910	35.600	0.000	0.000	0.294	0.302	0.204	4	1	TN37_NAP
273.560	35.900	0.000	0.000	0.314	0.296	-0.097	4	1	TN38_NAP
271.490	36.130	0.000	0.000	0.321	0.289	-0.050	4	1	TN41_NAP
270.750	36.140	0.000	0.000	0.297	0.323	0.014	4	1	TN42_NAP
271.400	35.230	0.000	0.000	0.295	0.302	-0.380	4	1	TN43_NAP
271.080	35.640	0.000	0.000	0.326	0.296	0.083	4	1	TN44_NAP
270.340	35.300	0.000	0.000	0.313	0.305	0.207	4	1	TN45_NAP
271.680	35.220	0.000	0.000	0.341	0.327	-0.170	4	1	TN46_NAP
270.840	35.320	0.000	0.000	0.586	0.568	0.154	4	1	TN47_NAP
271.700	36.300	0.000	0.000	0.353	0.346	-0.018	4	1	TN48_NAP
270.480	35.780	0.000	0.000	0.344	0.345	-0.031	4	1	TN49_NAP
276.700	36.020	0.000	0.000	0.986	1.006	0.189	4	1	TND1_NAP
276.700	36.020	0.000	0.000	0.933	0.950	0.254	4	1	TND2_NAP
276.700	36.020	0.000	0.000	0.349	0.361	-0.090	4	1	TND6_NAP
259.030	22.180	0.000	0.000	0.425	0.448	-0.146	4	1	TNSL_NAP
267.950	30.220	0.000	0.000	0.355	0.340	-0.195	4	1	TONY_NAP
287.460	46.340	0.000	0.000	0.279	0.304	0.334	4	1	TRVQ_NAP
294.040	43.870	0.000	0.000	0.596	0.647	0.260	4	1	TSKT_NAP
260.240	32.500	0.000	0.000	0.269	0.263	0.246	4	1	TXAB_NAP
264.580	29.160	0.000	0.000	0.359	0.360	0.735	4	1	TXAG_NAP
261.900	27.780	0.000	0.000	0.626	0.415	-0.015	4	1	TXAI_NAP
258.120	35.150	0.000	0.000	0.277	0.254	-0.465	4	1	TXAM_NAP
262.940	32.760	0.000	0.000	0.616	0.641	0.343	4	1	TXAR_NAP
262.240	30.310	0.000	0.000	0.249	0.288	0.104	4	1	TXAU_NAP
260.030	31.760	0.000	0.000	0.337	0.363	0.145	4	1	TXBI_NAP
259.590	29.300	0.000	0.000	0.329	0.341	-0.137	4	1	TXBK_NAP
265.820	30.160	0.000	0.000	0.440	0.452	0.429	4	1	TXBM_NAP
263.820	33.610	0.000	0.000	0.445	0.422	0.148	4	1	TXBN_NAP
261.250	29.820	0.000	0.000	0.335	0.317	-0.207	4	1	TXBO_NAP
262.710	30.110	0.000	0.000	0.348	0.267	0.353	4	1	TXBS_NAP
261.820	30.750	0.000	0.000	0.261	0.278	-0.010	4	1	TXBU_NAP
261.030	31.740	0.000	0.000	0.428	0.430	0.105	4	1	TXBW_NAP
263.630	30.690	0.000	0.000	0.397	0.387	0.122	4	1	TXBY_NAP
265.840	31.810	0.000	0.000	0.381	0.354	-0.025	4	1	TXC1_NAP
262.560	27.740	0.000	0.000	0.293	0.281	-0.475	4	1	TXCC_NAP
258.640	35.100	0.000	0.000	0.420	0.526	0.269	4	1	TXCD_NAP
257.640	31.420	0.000	0.000	0.363	0.328	-0.001	4	1	TXCE_NAP
257.670	35.690	0.000	0.000	0.320	0.329	0.098	4	1	TXCG_NAP
259.720	34.460	0.000	0.000	0.473	0.264	0.164	4	1	TXCH_NAP
259.620	35.920	0.000	0.000	0.366	0.365	-0.381	4	1	TXCI_NAP
259.090	34.950	0.000	0.000	0.377	0.479	-0.412	4	1	TXCL_NAP
263.420	29.700	0.000	0.000	0.325	0.330	0.109	4	1	TXCM_NAP
264.560	30.350	0.000	0.000	0.448	0.400	-0.544	4	1	TXCN_NAP
263.370	33.170	0.000	0.000	0.268	0.314	-0.129	4	1	TXCO_NAP
264.930	33.610	0.000	0.000	0.392	0.314	-0.027	4	1	TXCR_NAP
260.150	28.540	0.000	0.000	0.330	0.376	0.202	4	1	TXCS_NAP
260.760	28.440	0.000	0.000	0.415	0.388	-0.081	4	1	TXCT_NAP
263.330	32.800	0.000	0.000	0.569	0.433	-0.357	4	1	TXDA_NAP
262.390	33.240	0.000	0.000	0.281	0.280	-0.033	4	1	TXDC_NAP
262.840	33.210	0.000	0.000	0.275	0.276	-0.021	4	1	TXDE_NAP
257.460	36.080	0.000	0.000	0.408	0.401	0.490	4	1	TXDL_NAP
259.100	29.360	0.000	0.000	0.357	0.324	-0.062	4	1	TXDR_NAP
263.370	28.970	0.000	0.000	0.318	0.330	-0.136	4	1	TXED_NAP
260.140	31.220	0.000	0.000	0.337	0.342	0.027	4	1	TXEN_NAP
259.520	28.710	0.000	0.000	0.345	0.438	0.187	4	1	TXEP_NAP
263.140	32.370	0.000	0.000	0.254	0.277	-0.766	4	1	TXES_NAP
261.380	27.850	0.000	0.000	0.371	0.338	-0.255	4	1	TXFE_NAP
261.150	30.250	0.000	0.000	0.335	0.356	-0.085	4	1	TXFR_NAP
257.130	30.890	0.000	0.000	0.445	0.456	0.661	4	1	TXFS_NAP
265.230	29.330	0.000	0.000	0.327	0.404	-0.511	4	1	TXGA_NAP
262.250	32.240	0.000	0.000	0.424	0.392	-0.569	4	1	TXGR_NAP
265.210	29.290	0.000	0.000	0.853	0.873	-0.852	4	1	TXGV_NAP
263.940	30.100	0.000	0.000	0.358	0.396	-0.245	4	1	TXHE_NAP
262.870	31.990	0.000	0.000	0.704	0.581	-0.486	4	1	TXHI_NAP
261.890	31.700	0.000	0.000	0.819	1.016	-0.571	4	1	TXHM_NAP
260.870	29.340	0.000	0.000	0.350	0.297	-0.338	4	1	TXHO_NAP
257.590	34.850	0.000	0.000	0.366	0.324	0.140	4	1	TXHR_NAP
261.850	33.190	0.000	0.000	0.300	0.501	-0.233	4	1	TXJA_NAP
261.600	30.270	0.000	0.000	0.289	0.286	0.568	4	1	TXJC_NAP
263.690	32.570	0.000	0.000	0.524	0.495	-0.043	4	1	TXKA_NAP
262.100	28.870	0.000	0.000	0.417	0.401	-0.140	4	1	TXKC_NAP
262.680	32.410	0.000	0.000	0.296	0.299	0.100	4	1	TXKE_NAP
256.890	31.840	0.000	0.000	0.339	0.347	0.502	4	1	TXKM_NAP
265.670	30.400	0.000	0.000	0.356	0.357	0.170	4	1	TXKO_NAP
260.880	30.060	0.000	0.000	0.292	0.291	0.034	4	1	TXKR_NAP
265.280	31.360	0.000	0.000	0.281	0.280	0.413	4	1	TXLF_NAP
265.230	30.060	0.000	0.000	0.467	0.456	0.156	4	1	TXLI_NAP
261.320	30.730	0.000	0.000	0.290	0.267	-0.179	4	1	TXLL_NAP
264.980	29.390	0.000	0.000	0.284	0.268	0.037	4	1	TXLM_NAP
260.150	28.940	0.000	0.000	0.472	0.447	-0.195	4	1	TXLP_NAP
260.550	27.510	0.000	0.000	0.254	0.254	0.273	4	1	TXLR_NAP
260.560	27.760	0.000	0.000	0.351	0.361	0.169	4	1	TXLT_NAP
258.160	33.540	0.000	0.000	0.253	0.256	0.092	4	1	TXLU_NAP
265.710	32.540	0.000	0.000	0.279	0.280	0.163	4	1	TXMA_NAP
259.470	34.720	0.000	0.000	0.359	0.340	-0.030	4	1	TXME_NAP
257.110	31.560	0.000	0.000	0.382	0.388	0.619	4	1	TXMH_NAP
262.340	31.910	0.000	0.000	0.348	0.372	0.352	4	1	TXMN_NAP
261.860	32.800	0.000	0.000	0.354	0.336	0.066	4	1	TXMW_NAP
263.460	32.040	0.000	0.000	0.262	0.254	-0.227	4	1	TXNA_NAP
265.330	31.670	0.000	0.000	0.433	0.406	0.211	4	1	TXNC_NAP
262.270	33.780	0.000	0.000	0.311	0.315	0.015	4	1	TXNO_NAP
257.680	31.870	0.000	0.000	0.444	0.487	0.246	4	1	TXOD_NAP
261.250	33.360	0.000	0.000	0.362	0.359	-0.500	4	1	TXOL_NAP
266.180	30.130	0.000	0.000	0.353	0.386	-0.140	4	1	TXOR_NAP
264.440	33.670	0.000	0.000	0.278	0.261	-0.139	4	1	TXPA_NAP
256.480	31.420	0.000	0.000	0.533	0.484	0.663	4	1	TXPC_NAP
259.710	34.010	0.000	0.000	0.357	0.318	-0.198	4	1	TXPD_NAP
255.640	29.560	0.000	0.000	0.303	0.308	0.331	4	1	TXPE_NAP
261.520	28.980	0.000	0.000	0.301	0.314	-0.089	4	1	TXPL_NAP
259.070	35.530	0.000	0.000	0.363	0.344	0.254	4	1	TXPM_NAP
261.810	26.210	0.000	0.000	0.257	0.275	-0.291	4	1	TXPR_NAP
260.920	28.890	0.000	0.000	0.520	0.348	-0.063	4	1	TXPS_NAP
259.180	36.390	0.000	0.000	0.439	0.362	0.134	4	1	TXPY_NAP
260.250	34.300	0.000	0.000	0.588	0.591	-0.247	4	1	TXQU_NAP
259.530	31.900	0.000	0.000	0.364	0.353	-0.190	4	1	TXRL_NAP
264.190	29.520	0.000	0.000	0.597	0.550	-0.849	4	1	TXRO_NAP
264.870	31.780	0.000	0.000	0.368	0.370	-0.058	4	1	TXRU_NAP
265.870	31.530	0.000	0.000	0.358	0.352	-0.033	4	1	TXS1_NAP
259.530	31.410	0.000	0.000	0.274	0.304	0.465	4	1	TXSA_NAP
258.990	31.840	0.000	0.000	0.656	0.444	-0.684	4	1	TXSC_NAP
262.000	29.590	0.000	0.000	0.301	0.310	0.390	4	1	TXSE_NAP
257.940	36.340	0.000	0.000	0.363	0.565	0.564	4	1	TXSF_NAP
262.660	32.860	0.000	0.000	0.276	0.273	-0.122	4	1	TXSG_NAP
262.530	28.020	0.000	0.000	1.222	1.166	0.408	4	1	TXSI_NAP
262.100	29.880	0.000	0.000	0.304	0.300	-0.223	4	1	TXSM_NAP
257.590	30.150	0.000	0.000	0.282	0.264	-0.157	4	1	TXSN_NAP
263.390	33.590	0.000	0.000	0.338	0.339	0.101	4	1	TXSR_NAP
261.820	32.230	0.000	0.000	0.270	0.271	0.003	4	1	TXST_NAP
260.740	33.600	0.000	0.000	0.367	0.347	0.403	4	1	TXSY_NAP
262.550	30.560	0.000	0.000	0.274	0.317	-0.122	4	1	TXTA_NAP
260.830	33.180	0.000	0.000	0.315	0.304	-0.003	4	1	TXTH_NAP
261.440	28.470	0.000	0.000	0.434	0.890	-0.408	4	1	TXTI_NAP
260.320	27.740	0.000	0.000	1.302	0.837	0.501	4	1	TXTR_NAP
258.260	34.530	0.000	0.000	0.327	0.326	-0.045	4	1	TXTU_NAP
264.610	32.250	0.000	0.000	0.359	0.266	-0.177	4	1	TXTY_NAP
260.170	29.200	0.000	0.000	0.317	0.370	0.129	4	1	TXUV_NAP
263.090	28.830	0.000	0.000	0.273	0.281	-0.030	4	1	TXVA_NAP
260.720	34.130	0.000	0.000	0.332	0.330	-0.088	4	1	TXVE_NAP
262.890	31.580	0.000	0.000	0.264	0.263	-0.004	4	1	TXWA_NAP
262.180	32.760	0.000	0.000	0.349	0.370	-0.667	4	1	TXWE_NAP
261.490	33.850	0.000	0.000	0.296	0.282	0.232	4	1	TXWF_NAP
263.890	29.320	0.000	0.000	0.350	0.339	0.005	4	1	TXWH_NAP
259.800	34.850	0.000	0.000	0.347	0.390	0.246	4	1	TXWL_NAP
271.780	40.100	0.000	0.000	0.520	0.496	0.126	4	1	UIUC_NAP
283.290	39.260	0.000	0.000	0.309	0.305	0.517	4	1	UMBC_NAP
293.360	45.950	0.000	0.000	0.581	0.552	-0.174	4	1	UNB1_NAP
275.610	42.290	0.000	0.000	0.242	0.239	0.187	4	1	UNIV_NAP
276.160	42.300	0.000	0.000	0.347	0.500	0.891	4	1	UOFM_NAP
280.340	41.630	0.000	0.000	0.453	0.316	-0.156	4	1	UPTC_NAP
288.470	41.490	0.000	0.000	0.335	0.305	0.213	4	1	URIL_NAP
282.930	38.920	0.000	0.000	0.968	0.951	-0.332	4	1	US2O_NAP
258.980	22.140	0.000	0.000	0.417	0.440	-0.195	4	1	USLP_NAP
282.930	38.920	0.000	0.000	0.281	0.293	-0.395	4	1	USNO_NAP
281.310	37.880	0.000	0.000	0.281	0.273	-0.205	4	1	UVFM_NAP
277.240	36.860	0.000	0.000	0.506	0.465	-0.252	4	1	VABG_NAP
283.500	37.250	0.000	0.000	0.291	0.297	-0.076	4	1	VAGP_NAP
282.440	48.100	0.000	0.000	0.369	0.379	-0.151	4	1	VALD_NAP
280.870	37.380	0.000	0.000	0.317	0.301	0.032	4	1	VALY_NAP
282.600	37.290	0.000	0.000	0.375	0.326	-0.254	4	1	VARI_NAP
280.950	38.160	0.000	0.000	0.317	0.286	-0.077	4	1	VAST_NAP
284.530	37.930	0.000	0.000	0.379	0.338	0.185	4	1	VAWI_NAP
287.420	44.260	0.000	0.000	0.237	0.221	0.119	4	1	VCAP_NAP
260.780	36.070	0.000	0.000	0.427	0.402	-0.469	4	1	VCIO_NAP
269.080	32.330	0.000	0.000	0.474	0.473	-0.520	4	1	VIC1_NAP
284.310	37.610	0.000	0.000	0.356	0.361	-0.146	4	1	VIMS_NAP
272.480	38.690	0.000	0.000	0.432	0.402	0.500	4	1	VINU_NAP
269.120	43.570	0.000	0.000	0.364	0.384	-0.237	4	1	VIUA_NAP
272.000	41.790	0.000	0.000	0.303	0.326	-0.239	4	1	VODG_NAP
286.800	42.880	0.000	0.000	0.305	0.339	0.297	4	1	VTBE_NAP
287.400	43.940	0.000	0.000	0.324	0.316	-0.046	4	1	VTC1_NAP
287.460	42.920	0.000	0.000	0.445	0.508	-0.236	4	1	VTD2_NAP
287.970	44.400	0.000	0.000	0.378	0.417	-0.062	4	1	VTD7_NAP
287.840	44.950	0.000	0.000	0.310	0.330	-0.356	4	1	VTD9_NAP
287.000	43.350	0.000	0.000	0.329	0.344	0.073	4	1	VTDA_NAP
287.200	44.910	0.000	0.000	0.446	0.439	0.211	4	1	VTEB_NAP
288.110	44.820	0.000	0.000	0.575	0.520	0.816	4	1	VTIP_NAP
286.850	44.000	0.000	0.000	0.313	0.334	0.117	4	1	VTMI_NAP
287.890	44.010	0.000	0.000	0.352	0.351	0.324	4	1	VTOX_NAP
287.020	43.610	0.000	0.000	0.427	0.382	0.802	4	1	VTRU_NAP
286.920	44.810	0.000	0.000	0.288	0.287	0.157	4	1	VTSA_NAP
287.520	43.280	0.000	0.000	0.546	0.363	-0.340	4	1	VTSP_NAP
286.800	44.470	0.000	0.000	0.298	0.287	-0.095	4	1	VTUV_NAP
270.370	44.950	0.000	0.000	0.346	0.360	0.314	4	1	WAAU_NAP
270.960	44.350	0.000	0.000	0.315	0.311	0.087	4	1	WACA_NAP
278.120	27.510	0.000	0.000	0.264	0.270	-0.010	4	1	WACH_NAP
272.050	45.390	0.000	0.000	0.311	0.347	-0.179	4	1	WAEE_NAP
276.980	42.530	0.000	0.000	0.267	0.269	0.033	4	1	WARR_NAP
282.930	38.920	0.000	0.000	0.301	0.248	0.013	4	1	WASH_NAP
282.940	35.560	0.000	0.000	0.405	0.437	0.012	4	1	WASR_NAP
271.410	42.530	0.000	0.000	0.317	0.306	-0.378	4	1	WATH_NAP
271.260	43.170	0.000	0.000	0.575	0.357	-0.477	4	1	WAWN_NAP
264.550	44.670	0.000	0.000	0.427	0.355	-0.493	4	1	WDLM_NAP
271.850	43.420	0.000	0.000	0.543	0.379	0.126	4	1	WEBE_NAP
288.510	42.610	0.000	0.000	0.274	0.297	0.209	4	1	WES2_NAP
256.670	42.740	0.000	0.000	0.364	0.357	0.168	4	1	WHN1_NAP
256.670	42.740	0.000	0.000	0.359	0.353	0.086	4	1	WHN5_NAP
283.980	41.310	0.000	0.000	0.216	0.221	0.209	4	1	WIL1_NAP
269.460	43.810	0.000	0.000	0.952	0.432	-0.294	4	1	WILT_NAP
271.940	43.190	0.000	0.000	0.464	0.367	-0.079	4	1	WIM5_NAP
271.940	43.190	0.000	0.000	0.334	0.412	-0.305	4	1	WIM6_NAP
271.280	44.100	0.000	0.000	0.299	0.311	-0.652	4	1	WINE_NAP
262.740	49.900	0.000	0.000	0.704	0.657	-0.284	4	1	WINN_NAP
267.390	44.960	0.000	0.000	0.594	0.622	-0.006	4	1	WIRB_NAP
267.980	46.710	0.000	0.000	0.327	0.318	0.067	4	1	WIS1_NAP
267.630	45.820	0.000	0.000	0.320	0.322	0.235	4	1	WISN_NAP
272.950	40.810	0.000	0.000	0.457	0.311	-0.249	4	1	WLCI_NAP
284.530	37.940	0.000	0.000	0.639	0.625	-0.079	4	1	WLPS_NAP
261.220	34.740	0.000	0.000	0.277	0.282	0.317	4	1	WMOK_NAP
269.520	39.660	0.000	0.000	0.421	0.495	0.486	4	1	WNCI_NAP
267.220	31.900	0.000	0.000	0.348	0.321	-0.018	4	1	WNFL_NAP
269.000	45.830	0.000	0.000	0.443	0.408	-0.180	4	1	WNTR_NAP
292.410	46.160	0.000	0.000	0.340	0.349	0.629	4	1	WOOD_NAP
278.040	40.800	0.000	0.000	0.295	0.377	-0.013	4	1	WOOS_NAP
276.460	42.230	0.000	0.000	0.265	0.262	0.103	4	1	WRUN_NAP
278.930	37.430	0.000	0.000	0.326	0.325	-0.091	4	1	WVAT_NAP
279.720	39.310	0.000	0.000	0.350	0.335	0.151	4	1	WVBR_NAP
281.090	39.340	0.000	0.000	0.523	0.340	0.080	4	1	WVBU_NAP
280.540	39.020	0.000	0.000	0.497	0.361	-0.246	4	1	WVCV_NAP
277.580	38.420	0.000	0.000	0.270	0.280	0.005	4	1	WVHU_NAP
279.580	37.820	0.000	0.000	0.332	0.324	-0.031	4	1	WVLE_NAP
281.070	39.080	0.000	0.000	0.360	0.556	0.161	4	1	WVMF_NAP
280.030	39.650	0.000	0.000	0.440	0.449	-0.063	4	1	WVMO_NAP
278.890	38.840	0.000	0.000	0.361	0.334	-0.077	4	1	WVMZ_NAP
280.140	38.900	0.000	0.000	0.424	0.371	0.270	4	1	WVNR_NAP
278.870	38.000	0.000	0.000	0.336	0.383	-0.497	4	1	WVOH_NAP
278.250	38.940	0.000	0.000	0.326	0.321	-0.806	4	1	WVRA_NAP
278.830	39.430	0.000	0.000	0.763	0.551	0.058	4	1	WVS5_NAP
278.830	39.430	0.000	0.000	0.441	0.481	0.310	4	1	WVS6_NAP
279.320	40.000	0.000	0.000	0.339	0.345	0.008	4	1	WVSH_NAP
265.580	36.090	0.000	0.000	0.788	0.842	-0.016	4	1	WWED_NAP
255.220	41.100	0.000	0.000	0.258	0.254	0.111	4	1	WYLC_NAP
276.890	29.630	0.000	0.000	0.256	0.255	0.104	4	1	XCTY_NAP
288.750	42.060	0.000	0.000	0.369	0.372	-0.225	4	1	XMTS_NAP
289.810	43.800	0.000	0.000	0.589	0.708	-0.277	4	1	YMTS_NAP
283.260	39.990	0.000	0.000	0.262	0.259	0.112	4	1	YORK_NAP
281.030	43.230	0.000	0.000	0.372	0.370	-0.152	4	1	YOU1_NAP
262.740	49.900	0.000	0.000	0.406	0.513	0.660	4	1	YWG1_NAP
271.670	41.780	0.000	0.000	0.255	0.280	-0.401	4	1	ZAU1_NAP
288.520	42.740	0.000	0.000	0.259	0.297	-0.238	4	1	ZBW1_NAP
282.460	39.100	0.000	0.000	0.250	0.260	-0.062	4	1	ZDC1_NAP
277.840	28.230	0.000	0.000	0.256	0.250	-0.008	4	1	ZEFR_NAP
262.930	32.830	0.000	0.000	0.262	0.297	-0.158	4	1	ZFW1_NAP
264.670	29.960	0.000	0.000	0.267	0.289	0.158	4	1	ZHU1_NAP
278.090	30.700	0.000	0.000	0.270	0.246	-0.061	4	1	ZJX1_NAP
265.210	38.880	0.000	0.000	0.252	0.256	-0.000	4	1	ZKC1_NAP
279.680	25.820	0.000	0.000	0.256	0.258	-0.064	4	1	ZMA1_NAP
270.040	35.070	0.000	0.000	0.254	0.256	-0.134	4	1	ZME1_NAP
266.850	44.640	0.000	0.000	0.264	0.249	0.068	4	1	ZMP1_NAP
286.900	40.780	0.000	0.000	0.246	0.245	-0.143	4	1	ZNY1_NAP
277.790	41.300	0.000	0.000	0.247	0.245	-0.185	4	1	ZOB1_NAP
275.700	33.380	0.000	0.000	0.245	0.246	-0.173	4	1	ZTL4_NAP
269.460	19.840	0.000	0.000	0.667	0.377	0.018	4	1	CAMP_NAP
271.700	18.500	0.000	0.000	0.476	0.235	0.008	4	1	CHET_NAP
271.220	17.260	0.000	0.000	0.921	0.440	-0.292	4	1	CN23_NAP
271.950	19.580	0.000	0.000	0.548	0.590	-0.138	4	1	CN24_NAP
273.180	21.170	0.000	0.000	0.320	0.383	-0.193	4	1	CNC0_NAP
270.130	16.920	0.000	0.000	0.312	0.296	-0.047	4	1	ELEN_NAP
269.470	19.850	0.000	0.000	0.352	0.352	-0.256	4	1	ICAM_NAP
270.380	20.980	0.000	0.000	0.588	0.249	-0.170	4	1	MERI_NAP
270.340	20.930	0.000	0.000	0.322	0.346	0.150	4	1	MMD1_NAP
269.190	17.230	0.000	0.000	0.478	0.465	-0.013	4	1	NARA_NAP
270.330	21.300	0.000	0.000	0.806	0.745	-0.020	4	1	PROX_NAP
268.810	18.970	0.000	0.000	0.348	0.320	0.242	4	1	SABY_NAP
269.810	16.520	0.000	0.000	0.605	0.544	-0.117	4	1	SAYA_NAP
273.130	20.870	0.000	0.000	0.718	0.618	-0.550	4	1	TGMX_NAP
270.390	17.220	0.000	0.000	0.785	0.760	0.139	4	1	TIKA_NAP
273.130	20.870	0.000	0.000	0.609	0.600	-0.137	4	1	UNPM_NAP
273.130	20.870	0.000	0.000	0.301	0.386	-0.048	4	1	UPMO_NAP
295.670	18.730	0.000	0.000	0.520	0.499	0.170	5	1	ABVI_NAP
293.250	18.350	0.000	0.000	0.357	0.593	0.010	5	1	AOPR_NAP
288.900	18.210	0.000	0.000	0.383	0.493	0.049	1	1	BARA_NAP
293.840	18.410	0.000	0.000	0.312	0.305	0.033	5	1	BYSP_NAP
296.950	18.200	0.000	0.000	0.520	0.518	0.070	1	1	CN02_NAP
295.600	18.490	0.000	0.000	0.584	0.526	-0.059	5	1	CN03_NAP
291.640	18.560	0.000	0.000	0.434	0.401	-0.123	7	1	CN05_NAP
289.340	18.790	0.000	0.000	0.465	0.433	0.223	7	1	CN06_NAP
289.430	19.760	0.000	0.000	0.452	0.456	0.087	6	1	CN07_NAP
288.330	17.900	0.000	0.000	0.602	0.490	-0.164	1	1	CN08_NAP
287.860	19.690	0.000	0.000	0.505	0.465	0.023	7	1	CN09_NAP
286.320	20.980	0.000	0.000	0.406	0.421	0.007	4	1	CN14_NAP
290.060	19.670	0.000	0.000	0.387	0.424	0.105	6	1	CN27_NAP
295.420	17.760	0.000	0.000	0.273	0.296	-0.418	1	1	CRO1_NAP
294.720	18.310	0.000	0.000	0.379	0.360	0.032	5	1	CUPR_NAP
292.860	18.210	0.000	0.000	0.326	0.343	0.083	5	1	GEOL_NAP
287.130	18.430	0.000	0.000	1.066	1.990	-0.213	3	1	GOAV_NAP
288.860	21.430	0.000	0.000	0.402	0.391	-0.123	4	1	GTK0_NAP
287.460	18.240	0.000	0.000	0.553	0.473	0.326	1	1	JME2_NAP
287.460	18.230	0.000	0.000	0.742	0.580	-0.122	1	1	JMEL_NAP
286.250	18.190	0.000	0.000	0.430	0.419	-0.045	1	1	LCAY_NAP
287.370	18.510	0.000	0.000	0.514	0.535	0.021	3	1	LGNE_NAP
289.470	19.220	0.000	0.000	0.363	0.342	-0.130	7	1	LVEG_NAP
292.840	18.220	0.000	0.000	0.444	0.495	0.013	5	1	MAYZ_NAP
293.470	17.890	0.000	0.000	0.339	0.338	-0.107	5	1	MIPR_NAP
292.070	18.080	0.000	0.000	0.734	0.707	0.266	5	1	MOPR_NAP
293.420	18.080	0.000	0.000	1.465	0.877	0.864	5	1	P780_NAP
293.350	18.450	0.000	0.000	0.347	0.342	0.259	5	1	PRAR_NAP
293.190	18.050	0.000	0.000	1.038	1.242	-0.686	5	1	PRGY_NAP
293.850	18.380	0.000	0.000	0.339	0.391	0.076	5	1	PRHL_NAP
293.000	18.340	0.000	0.000	0.487	0.893	-0.450	5	1	PRJC_NAP
294.130	18.190	0.000	0.000	0.371	0.398	-0.005	5	1	PRLP_NAP
292.810	18.060	0.000	0.000	0.583	0.749	-0.690	5	1	PRLT_NAP
293.840	18.390	0.000	0.000	0.914	0.969	0.104	5	1	PRMA_NAP
292.950	17.970	0.000	0.000	0.423	1.079	-0.499	5	1	PRMI_NAP
293.630	18.080	0.000	0.000	0.440	0.413	0.393	5	1	PRN4_NAP
292.930	18.460	0.000	0.000	0.350	0.344	0.046	5	1	PUR3_NAP
290.090	18.460	0.000	0.000	0.405	0.377	-0.014	7	1	RDSD_NAP
288.330	17.900	0.000	0.000	1.615	0.923	0.000	1	1	ROJO_NAP
296.890	18.040	0.000	0.000	0.459	0.353	-0.204	1	1	SMRT_NAP
290.690	18.460	0.000	0.000	0.430	0.367	-0.435	7	1	SPED_NAP
288.660	19.480	0.000	0.000	0.407	0.398	-0.142	7	1	SROD_NAP
295.030	18.340	0.000	0.000	0.418	0.324	-0.028	5	1	STVI_NAP
295.200	17.720	0.000	0.000	0.290	0.336	-0.045	1	1	VIKH_NAP
295.030	18.340	0.000	0.000	0.289	0.309	-0.019	5	1	VITH_NAP
287.690	18.530	0.000	0.000	0.611	0.543	-0.245	3	1	VOIL_NAP
294.010	18.430	0.000	0.000	0.377	0.389	0.091	5	1	ZSU1_NAP
280.170	19.710	0.000	0.000	0.364	0.392	-0.284	4	1	CBSB    
282.150	21.420	0.000	0.000	0.578	0.714	0.653	4	1	CN16    
278.620	19.290	0.000	0.000	0.421	0.481	-0.081	4	1	GCGT    
284.240	20.010	0.000	0.000	0.317	0.289	0.201	4	1	SCUB    
296.380	15.670	0.000	0.000	2.392	1.340	0.000	1	1	AVES    
300.390	13.090	0.000	0.000	0.525	0.396	0.294	1	1	BDOS    
300.390	13.090	0.000	0.000	1.508	1.026	0.087	1	1	BARB    
276.230	11.990	0.000	0.000	1.130	0.650	0.000	1	1	BLUX    
274.290	14.510	0.000	0.000	2.983	1.432	0.000	1	1	CMP1    
276.230	11.990	0.000	0.000	0.443	0.432	0.698	1	1	CN30    
276.940	12.180	0.000	0.000	4.593	2.312	0.000	1	1	CORN    
295.420	17.760	0.000	0.000	0.399	0.354	-0.045	1	1	CRO1    
273.930	15.030	0.000	0.000	1.227	0.649	0.000	1	1	GLCO    
298.360	12.220	0.000	0.000	0.428	0.544	-0.170	1	1	GRE0    
273.620	14.920	0.000	0.000	1.169	0.650	0.000	1	1	MNTO    
276.620	14.040	0.000	0.000	1.967	1.091	0.000	1	1	PUEC    
274.780	12.920	0.000	0.000	4.179	2.131	0.000	1	1	RIOB    
288.330	17.900	0.000	0.000	1.616	0.922	0.000	1	1	ROJO    
278.270	12.520	0.000	0.000	0.577	0.541	0.000	1	1	SANA    
278.280	12.580	0.000	0.000	0.522	0.509	0.284	1	1	SAN0    
273.760	14.970	0.000	0.000	2.519	1.320	0.000	1	1	SFDP    
274.190	12.410	0.000	0.000	1.766	1.054	0.000	1	1	TEUS    
295.200	17.720	0.000	0.000	0.324	0.335	0.007	1	1	VIKH    
