282.650	18.310	0.000	0.000	0.000	0.000	0.000	6	1	ALEX    
282.740	18.390	0.000	0.000	0.000	0.000	0.000	7	1	BAMB    
283.030	18.400	0.000	0.000	0.000	0.000	0.000	7	1	BOSC    
283.110	17.950	0.000	0.000	0.000	0.000	0.000	1	1	BRAE    
282.630	18.400	0.000	0.000	0.000	0.000	0.000	7	1	BTCC    
283.640	18.140	0.000	0.000	0.000	0.000	0.000	7	1	CASL    
282.630	18.230	0.000	0.000	0.000	0.000	0.000	6	1	CAVE    
284.030	17.420	0.000	0.000	0.000	0.000	-0.042	1	1	CN10    
282.220	17.020	0.000	0.000	0.000	0.000	-0.009	1	1	CN11    
283.250	18.000	0.000	0.000	0.000	0.000	-0.239	1	1	CN12    
282.830	17.840	0.000	0.000	0.000	0.000	0.000	1	1	COFE    
282.600	18.460	0.000	0.000	0.000	0.000	0.000	7	1	DISC    
282.350	18.490	0.000	0.000	0.000	0.000	-0.108	7	1	FALM    
282.060	18.060	0.000	0.000	0.000	0.000	0.000	1	1	FONT    
282.950	17.880	0.000	0.000	0.000	0.000	0.000	1	1	GOAT    
282.750	17.930	0.000	0.000	0.000	0.000	0.000	8	1	HALS    
283.030	17.850	0.000	0.000	0.000	0.000	0.000	1	1	HELL    
283.220	17.940	0.000	0.000	0.000	0.000	-0.491	1	1	JAMA    
282.390	17.910	0.000	0.000	0.000	0.000	0.242	11	1	JUNC    
282.710	17.860	0.000	0.000	0.000	0.000	0.000	1	1	KEMP    
282.140	18.410	0.000	0.000	0.000	0.000	0.000	10	1	KMPS    
283.210	17.970	0.000	0.000	0.000	0.000	-0.180	1	1	KNGJ    
282.550	18.150	0.000	0.000	0.000	0.000	0.000	8	1	KNOX    
282.970	18.140	0.000	0.000	0.000	0.000	-0.025	6	1	LINS    
282.760	17.810	0.000	0.000	0.000	0.000	-0.138	1	1	LION    
281.830	18.450	0.000	0.000	0.000	0.000	-0.034	1	1	LUCE    
283.730	18.050	0.000	0.000	0.000	0.000	0.000	7	1	MANC    
282.500	18.010	0.000	0.000	0.000	0.000	0.000	12	1	MAND    
283.110	18.370	0.000	0.000	0.000	0.000	-0.249	7	1	MARJ    
284.030	17.420	0.000	0.000	0.000	0.000	0.000	1	1	MCAY    
282.310	17.930	0.000	0.000	0.000	0.000	0.000	11	1	MNRO    
283.590	17.880	0.000	0.000	0.000	0.000	-0.042	1	1	MORA    
283.820	17.920	0.000	0.000	0.000	0.000	0.000	1	1	MRNT    
282.290	17.980	0.000	0.000	0.000	0.000	0.000	11	1	MVRN    
283.290	18.070	0.000	0.000	0.000	0.000	0.000	1	1	NCAS    
281.660	18.280	0.000	0.000	0.000	0.000	-0.141	1	1	NEGR    
281.680	18.280	0.000	0.000	0.000	0.000	0.000	1	1	NGLF    
283.170	18.310	0.000	0.000	0.000	0.000	0.000	7	1	NUTF    
283.210	18.010	0.000	0.000	0.000	0.000	0.000	1	1	PCJB    
282.220	17.020	0.000	0.000	0.000	0.000	0.000	1	1	PEDR    
282.470	18.230	0.000	0.000	0.000	0.000	-0.140	6	1	PIKE    
282.840	17.740	0.000	0.000	0.000	0.000	-0.017	1	1	PLND    
283.150	17.930	0.000	0.000	0.000	0.000	-0.119	1	1	PRCG    
283.550	18.180	0.000	0.000	0.000	0.000	-0.021	7	1	PRTJ    
282.190	18.490	0.000	0.000	0.000	0.000	0.000	7	1	PYRA    
282.540	18.160	0.000	0.000	0.000	0.000	0.070	8	1	SPAU    
282.800	18.430	0.000	0.000	0.000	0.000	0.041	7	1	STAN    
283.250	18.000	0.000	0.000	0.000	0.000	0.000	1	1	UWIN    
282.860	17.750	0.000	0.000	0.000	0.000	0.000	1	1	WARF    
282.030	18.090	0.000	0.000	0.000	0.000	0.182	1	1	WHTJ    
268.820	30.410	0.000	0.000	0.000	0.000	0.498	3	1	1LSU_NAP
266.900	31.750	0.000	0.000	0.000	0.000	-0.213	3	1	1NSU_NAP
267.920	32.530	0.000	0.000	0.000	0.000	0.264	3	1	1ULM_NAP
271.950	44.790	0.000	0.000	0.000	0.000	-0.305	3	1	ABMS_NAP
289.110	41.740	0.000	0.000	0.000	0.000	-0.273	3	1	ACU1_NAP
263.480	47.310	0.000	0.000	0.000	0.000	0.756	3	1	ADAM_NAP
264.410	29.790	0.000	0.000	0.000	0.000	0.063	3	1	ADKS_NAP
275.980	41.920	0.000	0.000	0.000	0.000	0.240	3	1	ADRI_NAP
272.340	34.710	0.000	0.000	0.000	0.000	0.285	3	1	AL20_NAP
273.150	33.530	0.000	0.000	0.000	0.000	-0.184	3	1	AL30_NAP
273.240	33.170	0.000	0.000	0.000	0.000	-0.046	3	1	AL35_NAP
273.990	32.960	0.000	0.000	0.000	0.000	-0.559	3	1	AL40_NAP
272.500	33.170	0.000	0.000	0.000	0.000	0.124	3	1	AL50_NAP
273.730	32.410	0.000	0.000	0.000	0.000	-0.221	3	1	AL60_NAP
274.030	31.780	0.000	0.000	0.000	0.000	0.067	3	1	AL70_NAP
274.770	31.870	0.000	0.000	0.000	0.000	-0.054	3	1	AL76_NAP
272.370	32.260	0.000	0.000	0.000	0.000	-0.173	3	1	AL82_NAP
272.210	31.700	0.000	0.000	0.000	0.000	-0.057	3	1	AL84_NAP
271.970	30.690	0.000	0.000	0.000	0.000	-0.586	3	1	AL90_NAP
272.220	30.920	0.000	0.000	0.000	0.000	-0.464	3	1	AL92_NAP
274.500	32.600	0.000	0.000	0.000	0.000	-0.062	3	1	ALA1_NAP
273.520	31.310	0.000	0.000	0.000	0.000	-0.028	3	1	ALAN_NAP
272.140	34.480	0.000	0.000	0.000	0.000	0.392	3	1	ALBE_NAP
271.770	32.080	0.000	0.000	0.000	0.000	-0.096	3	1	ALBU_NAP
272.850	32.950	0.000	0.000	0.000	0.000	-0.330	3	1	ALCE_NAP
273.370	32.840	0.000	0.000	0.000	0.000	0.315	3	1	ALCL_NAP
274.340	34.160	0.000	0.000	0.000	0.000	0.282	3	1	ALCN_NAP
271.770	31.030	0.000	0.000	0.000	0.000	-0.269	3	1	ALCT_NAP
273.160	34.180	0.000	0.000	0.000	0.000	-0.133	3	1	ALCU_NAP
271.920	30.250	0.000	0.000	0.000	0.000	-0.117	3	1	ALDI_NAP
274.560	31.240	0.000	0.000	0.000	0.000	0.083	3	1	ALDO_NAP
272.600	34.150	0.000	0.000	0.000	0.000	-0.073	3	1	ALDS_NAP
272.940	31.090	0.000	0.000	0.000	0.000	-0.338	3	1	ALEB_NAP
272.170	33.690	0.000	0.000	0.000	0.000	-0.294	3	1	ALFA_NAP
281.930	45.960	0.000	0.000	0.000	0.000	0.078	3	1	ALG2_NAP
281.930	45.950	0.000	0.000	0.000	0.000	-0.252	3	1	ALG3_NAP
281.930	45.960	0.000	0.000	0.000	0.000	0.269	3	1	ALGO_NAP
272.000	34.130	0.000	0.000	0.000	0.000	-0.180	3	1	ALH1_NAP
274.370	33.520	0.000	0.000	0.000	0.000	-0.043	3	1	ALHC_NAP
273.600	33.890	0.000	0.000	0.000	0.000	-0.286	3	1	ALHL_NAP
272.720	33.830	0.000	0.000	0.000	0.000	-0.501	3	1	ALJA_NAP
274.600	32.920	0.000	0.000	0.000	0.000	-0.019	3	1	ALLA_NAP
281.270	39.650	0.000	0.000	0.000	0.000	-0.095	3	1	ALLG_NAP
274.080	31.380	0.000	0.000	0.000	0.000	0.200	3	1	ALNB_NAP
272.690	34.680	0.000	0.000	0.000	0.000	-0.107	3	1	ALNC_NAP
272.770	31.410	0.000	0.000	0.000	0.000	-0.727	3	1	ALRE_NAP
273.880	33.420	0.000	0.000	0.000	0.000	-0.405	3	1	ALTA_NAP
255.480	38.800	0.000	0.000	0.000	0.000	0.000	3	1	AMC2_NAP
258.120	35.150	0.000	0.000	0.000	0.000	-0.152	3	1	AML5_NAP
272.870	41.600	0.000	0.000	0.000	0.000	0.069	3	1	ANDS_NAP
264.510	29.300	0.000	0.000	0.000	0.000	-0.368	3	1	ANG1_NAP
264.520	29.300	0.000	0.000	0.000	0.000	0.201	3	1	ANG2_NAP
270.840	45.110	0.000	0.000	0.000	0.000	-0.290	3	1	ANGO_NAP
293.510	49.130	0.000	0.000	0.000	0.000	0.644	3	1	ANNE_NAP
283.390	39.010	0.000	0.000	0.000	0.000	0.273	3	1	ANP1_NAP
261.420	29.490	0.000	0.000	0.000	0.000	-0.439	3	1	ANTO_NAP
279.840	25.730	0.000	0.000	0.000	0.000	-0.102	3	1	AOML_NAP
271.540	44.280	0.000	0.000	0.000	0.000	-0.088	3	1	APTN_NAP
268.370	35.710	0.000	0.000	0.000	0.000	0.187	3	1	ARBT_NAP
267.120	33.540	0.000	0.000	0.000	0.000	0.035	3	1	ARCM_NAP
265.820	36.120	0.000	0.000	0.000	0.000	-0.111	3	1	ARFY_NAP
266.400	33.700	0.000	0.000	0.000	0.000	0.261	3	1	ARHP_NAP
266.970	36.180	0.000	0.000	0.000	0.000	0.255	3	1	ARHR_NAP
268.490	44.240	0.000	0.000	0.000	0.000	-0.291	3	1	ARIA_NAP
262.940	32.760	0.000	0.000	0.000	0.000	-0.081	3	1	ARL5_NAP
267.620	34.670	0.000	0.000	0.000	0.000	0.207	3	1	ARLR_NAP
267.630	36.370	0.000	0.000	0.000	0.000	-0.573	3	1	ARM3_NAP
267.620	36.350	0.000	0.000	0.000	0.000	-0.088	3	1	ARMH_NAP
262.940	27.840	0.000	0.000	0.000	0.000	0.037	3	1	ARP3_NAP
269.480	36.060	0.000	0.000	0.000	0.000	-0.175	3	1	ARPG_NAP
282.200	42.260	0.000	0.000	0.000	0.000	0.047	3	1	ASCS_NAP
277.450	35.600	0.000	0.000	0.000	0.000	-0.110	3	1	ASHV_NAP
271.920	44.480	0.000	0.000	0.000	0.000	-0.305	3	1	ASHW_NAP
269.090	46.550	0.000	0.000	0.000	0.000	0.061	3	1	ASND_NAP
278.320	36.210	0.000	0.000	0.000	0.000	-0.005	3	1	ASUB_NAP
275.480	33.940	0.000	0.000	0.000	0.000	0.241	3	1	ATL1_NAP
288.740	46.850	0.000	0.000	0.000	0.000	-0.416	3	1	ATRI_NAP
274.950	41.370	0.000	0.000	0.000	0.000	0.561	3	1	AUBN_NAP
262.240	30.310	0.000	0.000	0.000	0.000	-0.065	3	1	AUS5_NAP
277.310	43.060	0.000	0.000	0.000	0.000	0.133	3	1	AVCA_NAP
269.020	30.100	0.000	0.000	0.000	0.000	-0.332	3	1	AWES_NAP
283.390	39.400	0.000	0.000	0.000	0.000	0.100	3	1	BACO_NAP
291.740	49.190	0.000	0.000	0.000	0.000	0.083	3	1	BAIE_NAP
291.780	44.400	0.000	0.000	0.000	0.000	-0.224	3	1	BARH_NAP
288.840	44.100	0.000	0.000	0.000	0.000	-0.127	3	1	BARN_NAP
294.310	47.650	0.000	0.000	0.000	0.000	0.116	3	1	BATH_NAP
276.110	43.450	0.000	0.000	0.000	0.000	0.308	3	1	BAYR_NAP
265.820	30.160	0.000	0.000	0.000	0.000	0.307	3	1	BEA5_NAP
271.150	43.440	0.000	0.000	0.000	0.000	-0.028	3	1	BEDA_NAP
268.910	46.870	0.000	0.000	0.000	0.000	0.009	3	1	BELW_NAP
281.110	42.880	0.000	0.000	0.000	0.000	0.089	3	1	BFNY_NAP
264.650	47.530	0.000	0.000	0.000	0.000	-0.329	3	1	BGL2_NAP
276.360	41.380	0.000	0.000	0.000	0.000	-0.188	3	1	BGOH_NAP
274.510	43.680	0.000	0.000	0.000	0.000	0.151	3	1	BIGR_NAP
278.850	37.800	0.000	0.000	0.000	0.000	-0.427	3	1	BKLY_NAP
277.550	28.470	0.000	0.000	0.000	0.000	0.008	3	1	BKVL_NAP
279.580	37.210	0.000	0.000	0.000	0.000	-0.208	3	1	BLA1_NAP
269.340	44.360	0.000	0.000	0.000	0.000	-0.029	3	1	BLFA_NAP
279.590	37.210	0.000	0.000	0.000	0.000	-0.114	3	1	BLKV_NAP
270.030	36.880	0.000	0.000	0.000	0.000	0.016	3	1	BLMM_NAP
271.000	40.500	0.000	0.000	0.000	0.000	-0.185	3	1	BLOM_NAP
269.470	43.230	0.000	0.000	0.000	0.000	-0.066	3	1	BLRW_NAP
274.400	30.850	0.000	0.000	0.000	0.000	0.037	3	1	BNFY_NAP
268.740	45.460	0.000	0.000	0.000	0.000	-0.117	3	1	BRCE_NAP
276.130	43.250	0.000	0.000	0.000	0.000	0.376	3	1	BRCH_NAP
276.240	42.520	0.000	0.000	0.000	0.000	0.155	3	1	BRIG_NAP
295.300	32.370	0.000	0.000	0.000	0.000	0.340	3	1	BRMU_NAP
278.220	27.950	0.000	0.000	0.000	0.000	0.100	3	1	BRTW_NAP
290.050	43.890	0.000	0.000	0.000	0.000	0.073	3	1	BRU1_NAP
259.180	46.820	0.000	0.000	0.000	0.000	-0.110	3	1	BSMK_NAP
270.590	29.340	0.000	0.000	0.000	0.000	0.087	3	1	BVHS_NAP
284.190	45.590	0.000	0.000	0.000	0.000	0.001	3	1	CAGS_NAP
268.710	46.210	0.000	0.000	0.000	0.000	0.335	3	1	CALE_NAP
272.460	41.730	0.000	0.000	0.000	0.000	0.170	3	1	CALU_NAP
295.370	45.060	0.000	0.000	0.000	0.000	-0.257	3	1	CAMB_NAP
266.670	29.800	0.000	0.000	0.000	0.000	0.203	3	1	CAMR_NAP
294.350	48.090	0.000	0.000	0.000	0.000	-0.201	3	1	CAPL_NAP
291.990	46.870	0.000	0.000	0.000	0.000	-0.009	3	1	CARM_NAP
276.840	43.600	0.000	0.000	0.000	0.000	0.354	3	1	CASS_NAP
281.840	43.960	0.000	0.000	0.000	0.000	0.140	3	1	CBRG_NAP
275.390	34.010	0.000	0.000	0.000	0.000	-0.284	3	1	CCGN_NAP
275.390	33.840	0.000	0.000	0.000	0.000	-0.184	3	1	CCGS_NAP
271.990	42.090	0.000	0.000	0.000	0.000	0.103	3	1	CCRM_NAP
272.230	42.060	0.000	0.000	0.000	0.000	-0.169	3	1	CCSK_NAP
279.450	28.460	0.000	0.000	0.000	0.000	0.249	3	1	CCV3_NAP
280.160	32.760	0.000	0.000	0.000	0.000	-0.156	3	1	CHA1_NAP
275.530	45.650	0.000	0.000	0.000	0.000	0.249	3	1	CHB1_NAP
268.400	45.240	0.000	0.000	0.000	0.000	-0.037	3	1	CHEK_NAP
284.400	39.950	0.000	0.000	0.000	0.000	-0.067	3	1	CHES_NAP
268.640	44.930	0.000	0.000	0.000	0.000	-0.511	3	1	CHFA_NAP
285.630	49.910	0.000	0.000	0.000	0.000	-0.309	3	1	CHIB_NAP
288.750	48.410	0.000	0.000	0.000	0.000	-0.487	3	1	CHIC_NAP
284.910	38.780	0.000	0.000	0.000	0.000	0.100	3	1	CHL1_NAP
279.110	35.280	0.000	0.000	0.000	0.000	-0.345	3	1	CHME_NAP
271.850	44.020	0.000	0.000	0.000	0.000	-0.746	3	1	CHON_NAP
283.990	36.930	0.000	0.000	0.000	0.000	-0.200	3	1	CHR1_NAP
275.880	43.190	0.000	0.000	0.000	0.000	-0.230	3	1	CHSN_NAP
290.050	41.670	0.000	0.000	0.000	0.000	-0.105	3	1	CHT1_NAP
267.730	34.820	0.000	0.000	0.000	0.000	-0.743	3	1	CJTR_NAP
267.820	45.330	0.000	0.000	0.000	0.000	-0.131	3	1	CLAY_NAP
262.040	44.940	0.000	0.000	0.000	0.000	-0.368	3	1	CLK1_NAP
262.040	44.940	0.000	0.000	0.000	0.000	-0.119	3	1	CLK6_NAP
277.400	42.720	0.000	0.000	0.000	0.000	0.050	3	1	CLRE_NAP
293.340	48.010	0.000	0.000	0.000	0.000	-0.192	3	1	CMP2_NAP
285.470	24.070	0.000	0.000	0.000	0.000	0.046	3	1	CN13_NAP
281.310	26.560	0.000	0.000	0.000	0.000	-0.073	3	1	CN15_NAP
267.300	37.520	0.000	0.000	0.000	0.000	0.247	3	1	CNWM_NAP
277.870	33.540	0.000	0.000	0.000	0.000	0.026	3	1	COGA_NAP
264.460	29.670	0.000	0.000	0.000	0.000	-0.081	3	1	COH1_NAP
264.590	29.630	0.000	0.000	0.000	0.000	0.235	3	1	COH2_NAP
264.780	29.780	0.000	0.000	0.000	0.000	-0.109	3	1	COH4_NAP
264.820	30.040	0.000	0.000	0.000	0.000	0.084	3	1	COH6_NAP
279.210	28.510	0.000	0.000	0.000	0.000	-0.094	3	1	COKO_NAP
278.880	34.080	0.000	0.000	0.000	0.000	0.315	3	1	COLA_NAP
276.950	39.960	0.000	0.000	0.000	0.000	-0.088	3	1	COLB_NAP
270.460	44.080	0.000	0.000	0.000	0.000	-0.116	3	1	COM0_NAP
278.770	35.700	0.000	0.000	0.000	0.000	0.066	3	1	CONO_NAP
282.630	38.200	0.000	0.000	0.000	0.000	0.138	3	1	CORB_NAP
262.560	27.740	0.000	0.000	0.000	0.000	-0.271	3	1	CORC_NAP
269.900	30.480	0.000	0.000	0.000	0.000	0.595	3	1	COVG_NAP
284.290	36.900	0.000	0.000	0.000	0.000	0.008	3	1	COVX_NAP
277.070	43.010	0.000	0.000	0.000	0.000	-0.227	3	1	CPAC_NAP
278.000	26.920	0.000	0.000	0.000	0.000	0.308	3	1	CRLT_NAP
271.110	45.580	0.000	0.000	0.000	0.000	-0.020	3	1	CRON_NAP
273.490	30.730	0.000	0.000	0.000	0.000	-0.056	3	1	CRST_NAP
265.680	46.260	0.000	0.000	0.000	0.000	-0.079	3	1	CRWG_NAP
268.190	33.590	0.000	0.000	0.000	0.000	-0.593	3	1	CSAL_NAP
282.120	34.340	0.000	0.000	0.000	0.000	0.197	3	1	CSL2_NAP
265.820	36.340	0.000	0.000	0.000	0.000	-0.043	3	1	CTA1_NAP
286.580	41.500	0.000	0.000	0.000	0.000	-0.236	3	1	CTBR_NAP
286.490	41.070	0.000	0.000	0.000	0.000	-0.043	3	1	CTDA_NAP
287.300	41.920	0.000	0.000	0.000	0.000	-0.128	3	1	CTEG_NAP
287.950	41.340	0.000	0.000	0.000	0.000	0.047	3	1	CTGR_NAP
287.330	41.290	0.000	0.000	0.000	0.000	-0.029	3	1	CTGU_NAP
287.790	41.730	0.000	0.000	0.000	0.000	0.326	3	1	CTMA_NAP
287.290	41.670	0.000	0.000	0.000	0.000	-0.078	3	1	CTNE_NAP
288.110	41.900	0.000	0.000	0.000	0.000	0.029	3	1	CTPU_NAP
286.930	41.900	0.000	0.000	0.000	0.000	-0.011	3	1	CTWI_NAP
270.360	35.540	0.000	0.000	0.000	0.000	-0.579	3	1	CVMS_NAP
267.820	46.220	0.000	0.000	0.000	0.000	0.250	3	1	DAND_NAP
284.620	38.660	0.000	0.000	0.000	0.000	0.457	3	1	DEDS_NAP
284.500	39.150	0.000	0.000	0.000	0.000	-0.548	3	1	DEDT_NAP
275.590	41.280	0.000	0.000	0.000	0.000	-0.128	3	1	DEFI_NAP
284.800	38.610	0.000	0.000	0.000	0.000	-0.056	3	1	DEMI_NAP
284.260	39.680	0.000	0.000	0.000	0.000	0.337	3	1	DENE_NAP
271.940	44.460	0.000	0.000	0.000	0.000	0.131	3	1	DERE_NAP
276.900	42.300	0.000	0.000	0.000	0.000	-0.066	3	1	DET1_NAP
273.850	30.730	0.000	0.000	0.000	0.000	0.086	3	1	DFNK_NAP
294.240	44.620	0.000	0.000	0.000	0.000	-0.088	3	1	DGBY_NAP
278.740	29.060	0.000	0.000	0.000	0.000	-0.314	3	1	DLND_NAP
284.480	39.160	0.000	0.000	0.000	0.000	0.169	3	1	DNRC_NAP
279.280	36.430	0.000	0.000	0.000	0.000	0.299	3	1	DOBS_NAP
269.870	42.980	0.000	0.000	0.000	0.000	-0.078	3	1	DOLE_NAP
271.390	45.220	0.000	0.000	0.000	0.000	0.217	3	1	DOTY_NAP
271.860	41.870	0.000	0.000	0.000	0.000	0.204	3	1	DP1A_NAP
272.030	41.900	0.000	0.000	0.000	0.000	0.323	3	1	DP2A_NAP
271.820	41.760	0.000	0.000	0.000	0.000	0.196	3	1	DP3A_NAP
272.070	41.710	0.000	0.000	0.000	0.000	-0.130	3	1	DP4A_NAP
271.840	41.990	0.000	0.000	0.000	0.000	0.233	3	1	DP5A_NAP
272.020	41.970	0.000	0.000	0.000	0.000	0.378	3	1	DP6B_NAP
266.550	30.450	0.000	0.000	0.000	0.000	0.178	3	1	DQCY_NAP
265.710	34.110	0.000	0.000	0.000	0.000	0.237	3	1	DQUA_NAP
283.440	36.960	0.000	0.000	0.000	0.000	-0.009	3	1	DRV1_NAP
269.620	29.960	0.000	0.000	0.000	0.000	-0.212	3	1	DSTR_NAP
284.250	36.180	0.000	0.000	0.000	0.000	0.771	3	1	DUCK_NAP
277.630	29.060	0.000	0.000	0.000	0.000	0.037	3	1	DUNN_NAP
281.100	36.000	0.000	0.000	0.000	0.000	-0.215	3	1	DURH_NAP
263.390	43.730	0.000	0.000	0.000	0.000	-0.055	3	1	ECSD_NAP
291.670	47.360	0.000	0.000	0.000	0.000	0.242	3	1	EDON_NAP
265.900	36.100	0.000	0.000	0.000	0.000	-0.038	3	1	EFAY_NAP
277.240	27.600	0.000	0.000	0.000	0.000	-0.272	3	1	EKY1_NAP
269.460	45.660	0.000	0.000	0.000	0.000	0.044	3	1	ELKH_NAP
270.060	29.880	0.000	0.000	0.000	0.000	-0.095	3	1	ENG1_NAP
270.060	29.880	0.000	0.000	0.000	0.000	0.089	3	1	ENG5_NAP
293.010	44.910	0.000	0.000	0.000	0.000	0.035	3	1	EPRT_NAP
275.390	39.020	0.000	0.000	0.000	0.000	0.552	3	1	ERLA_NAP
295.200	47.070	0.000	0.000	0.000	0.000	-0.359	3	1	ESC2_NAP
284.130	23.560	0.000	0.000	0.000	0.000	0.107	3	1	EXU0_NAP
281.130	35.030	0.000	0.000	0.000	0.000	0.035	3	1	FAYR_NAP
262.690	40.080	0.000	0.000	0.000	0.000	-0.378	3	1	FBYN_NAP
280.190	34.250	0.000	0.000	0.000	0.000	0.209	3	1	FDTC_NAP
279.530	25.430	0.000	0.000	0.000	0.000	-0.224	3	1	FLC6_NAP
273.450	30.640	0.000	0.000	0.000	0.000	0.005	3	1	FLE5_NAP
283.320	34.700	0.000	0.000	0.000	0.000	-0.226	3	1	FMC1_NAP
283.320	34.700	0.000	0.000	0.000	0.000	0.416	3	1	FMC2_NAP
288.560	42.300	0.000	0.000	0.000	0.000	-0.235	3	1	FMTS_NAP
259.710	25.680	0.000	0.000	0.000	0.000	0.005	3	1	FMTY_NAP
278.140	26.590	0.000	0.000	0.000	0.000	-0.284	3	1	FMYR_NAP
271.550	43.790	0.000	0.000	0.000	0.000	0.005	3	1	FOLA_NAP
293.340	45.930	0.000	0.000	0.000	0.000	0.051	3	1	FRDN_NAP
278.740	40.200	0.000	0.000	0.000	0.000	0.282	3	1	FREO_NAP
276.610	35.190	0.000	0.000	0.000	0.000	0.153	3	1	FRKN_NAP
277.510	43.040	0.000	0.000	0.000	0.000	0.039	3	1	FRTG_NAP
276.670	33.950	0.000	0.000	0.000	0.000	-0.647	3	1	GAAT_NAP
275.570	34.310	0.000	0.000	0.000	0.000	0.926	3	1	GABG_NAP
278.500	31.150	0.000	0.000	0.000	0.000	-0.022	3	1	GABK_NAP
275.670	34.860	0.000	0.000	0.000	0.000	-0.181	3	1	GABR_NAP
275.060	31.380	0.000	0.000	0.000	0.000	-0.371	3	1	GABY_NAP
277.870	33.550	0.000	0.000	0.000	0.000	-0.208	3	1	GACC_NAP
274.840	33.630	0.000	0.000	0.000	0.000	-0.465	3	1	GACL_NAP
276.120	33.610	0.000	0.000	0.000	0.000	-0.330	3	1	GACO_NAP
276.650	32.380	0.000	0.000	0.000	0.000	-0.331	3	1	GACR_NAP
275.050	34.150	0.000	0.000	0.000	0.000	0.270	3	1	GAEU_NAP
275.720	33.230	0.000	0.000	0.000	0.000	-0.771	3	1	GAGR_NAP
282.780	39.130	0.000	0.000	0.000	0.000	0.059	3	1	GAIT_NAP
265.260	29.330	0.000	0.000	0.000	0.000	0.185	3	1	GAL1_NAP
275.510	39.210	0.000	0.000	0.000	0.000	0.183	3	1	GALB_NAP
277.720	38.840	0.000	0.000	0.000	0.000	-0.010	3	1	GALP_NAP
276.020	33.980	0.000	0.000	0.000	0.000	0.107	3	1	GALV_NAP
275.830	33.420	0.000	0.000	0.000	0.000	-0.061	3	1	GAMB_NAP
276.350	32.700	0.000	0.000	0.000	0.000	0.115	3	1	GAMC_NAP
276.760	33.150	0.000	0.000	0.000	0.000	0.340	3	1	GAML_NAP
275.230	33.310	0.000	0.000	0.000	0.000	-0.313	3	1	GANW_NAP
278.390	41.420	0.000	0.000	0.000	0.000	0.022	3	1	GARF_NAP
295.510	48.800	0.000	0.000	0.000	0.000	-0.467	3	1	GAS2_NAP
278.980	31.990	0.000	0.000	0.000	0.000	-0.077	3	1	GASK_NAP
295.510	48.830	0.000	0.000	0.000	0.000	0.175	3	1	GASP_NAP
278.810	35.310	0.000	0.000	0.000	0.000	0.219	3	1	GAST_NAP
276.490	31.450	0.000	0.000	0.000	0.000	-0.739	3	1	GATF_NAP
284.310	45.480	0.000	0.000	0.000	0.000	0.389	3	1	GATI_NAP
257.820	37.780	0.000	0.000	0.000	0.000	-0.292	3	1	GDAC_NAP
269.660	47.750	0.000	0.000	0.000	0.000	-0.166	3	1	GDMA_NAP
289.310	46.130	0.000	0.000	0.000	0.000	-0.041	3	1	GEOG_NAP
283.500	37.250	0.000	0.000	0.000	0.000	0.227	3	1	GLPT_NAP
277.720	29.690	0.000	0.000	0.000	0.000	-0.055	3	1	GNVL_NAP
271.640	45.620	0.000	0.000	0.000	0.000	0.039	3	1	GOAN_NAP
278.270	43.750	0.000	0.000	0.000	0.000	-0.018	3	1	GOD2_NAP
283.170	39.020	0.000	0.000	0.000	0.000	-0.072	3	1	GODE_NAP
278.270	43.750	0.000	0.000	0.000	0.000	0.058	3	1	GODR_NAP
276.530	33.410	0.000	0.000	0.000	0.000	0.241	3	1	GOGA_NAP
289.310	46.130	0.000	0.000	0.000	0.000	0.366	3	1	GORQ_NAP
270.310	47.970	0.000	0.000	0.000	0.000	-0.397	3	1	GPRT_NAP
274.330	42.990	0.000	0.000	0.000	0.000	-0.180	3	1	GRAR_NAP
270.040	29.270	0.000	0.000	0.000	0.000	-0.264	3	1	GRS2_NAP
276.120	38.860	0.000	0.000	0.000	0.000	-0.012	3	1	GRTN_NAP
279.170	38.950	0.000	0.000	0.000	0.000	-0.370	3	1	GSSP_NAP
283.170	40.250	0.000	0.000	0.000	0.000	0.114	3	1	GTS1_NAP
279.280	41.460	0.000	0.000	0.000	0.000	-0.316	3	1	GUST_NAP
277.630	34.830	0.000	0.000	0.000	0.000	-0.118	3	1	GVLT_NAP
269.100	30.310	0.000	0.000	0.000	0.000	-0.182	3	1	GVMS_NAP
272.140	34.280	0.000	0.000	0.000	0.000	0.631	3	1	HAC1_NAP
282.290	39.550	0.000	0.000	0.000	0.000	0.114	3	1	HAG1_NAP
269.530	30.510	0.000	0.000	0.000	0.000	0.020	3	1	HAMM_NAP
287.360	42.320	0.000	0.000	0.000	0.000	0.109	3	1	HAMP_NAP
274.730	42.610	0.000	0.000	0.000	0.000	0.041	3	1	HAST_NAP
268.220	45.600	0.000	0.000	0.000	0.000	-0.134	3	1	HAUG_NAP
277.070	35.530	0.000	0.000	0.000	0.000	0.223	3	1	HAYW_NAP
277.360	43.850	0.000	0.000	0.000	0.000	-0.020	3	1	HBCH_NAP
262.710	38.300	0.000	0.000	0.000	0.000	0.484	3	1	HBRK_NAP
270.830	36.330	0.000	0.000	0.000	0.000	-0.784	3	1	HCES_NAP
286.460	43.270	0.000	0.000	0.000	0.000	0.101	3	1	HDF1_NAP
270.710	40.560	0.000	0.000	0.000	0.000	-0.149	3	1	HDIL_NAP
295.440	44.320	0.000	0.000	0.000	0.000	0.106	3	1	HEBB_NAP
273.410	34.730	0.000	0.000	0.000	0.000	-0.078	3	1	HGIS_NAP
280.900	36.050	0.000	0.000	0.000	0.000	0.087	3	1	HILB_NAP
279.990	35.970	0.000	0.000	0.000	0.000	-0.252	3	1	HIPT_NAP
264.140	35.680	0.000	0.000	0.000	0.000	0.148	3	1	HKLO_NAP
296.390	44.680	0.000	0.000	0.000	0.000	0.131	3	1	HLFX_NAP
275.760	43.410	0.000	0.000	0.000	0.000	0.302	3	1	HMLK_NAP
283.870	38.590	0.000	0.000	0.000	0.000	-0.228	3	1	HNPT_NAP
269.280	29.590	0.000	0.000	0.000	0.000	-0.034	3	1	HOUM_NAP
281.820	40.880	0.000	0.000	0.000	0.000	-0.706	3	1	HRN1_NAP
276.490	49.670	0.000	0.000	0.000	0.000	0.413	3	1	HRST_NAP
276.660	42.280	0.000	0.000	0.000	0.000	-0.352	3	1	HRUF_NAP
282.330	39.630	0.000	0.000	0.000	0.000	-0.175	3	1	HTCC_NAP
273.910	36.360	0.000	0.000	0.000	0.000	0.042	3	1	HTV1_NAP
267.390	44.960	0.000	0.000	0.000	0.000	-0.255	3	1	HUDS_NAP
284.290	45.430	0.000	0.000	0.000	0.000	0.242	3	1	HULL_NAP
260.890	37.650	0.000	0.000	0.000	0.000	-0.515	3	1	HVLK_NAP
267.190	41.010	0.000	0.000	0.000	0.000	-0.356	3	1	IAAA_NAP
265.360	41.500	0.000	0.000	0.000	0.000	-0.068	3	1	IAAD_NAP
265.730	43.080	0.000	0.000	0.000	0.000	-0.388	3	1	IAAG_NAP
267.210	42.750	0.000	0.000	0.000	0.000	-0.112	3	1	IAAL_NAP
266.440	42.010	0.000	0.000	0.000	0.000	-0.404	3	1	IAAM_NAP
268.740	42.100	0.000	0.000	0.000	0.000	0.139	3	1	IAAN_NAP
264.220	43.310	0.000	0.000	0.000	0.000	-0.123	3	1	IAAS_NAP
265.010	41.410	0.000	0.000	0.000	0.000	0.566	3	1	IAAT_NAP
264.660	41.490	0.000	0.000	0.000	0.000	-0.343	3	1	IAAV_NAP
267.570	40.740	0.000	0.000	0.000	0.000	0.082	3	1	IABL_NAP
266.140	42.050	0.000	0.000	0.000	0.000	0.200	3	1	IABN_NAP
265.090	42.080	0.000	0.000	0.000	0.000	-0.087	3	1	IACA_NAP
264.150	41.220	0.000	0.000	0.000	0.000	-0.834	3	1	IACB_NAP
267.130	40.700	0.000	0.000	0.000	0.000	0.018	3	1	IACE_NAP
266.690	40.980	0.000	0.000	0.000	0.000	-0.238	3	1	IACH_NAP
268.390	41.710	0.000	0.000	0.000	0.000	0.025	3	1	IACI_NAP
264.460	42.770	0.000	0.000	0.000	0.000	0.185	3	1	IACK_NAP
266.250	42.730	0.000	0.000	0.000	0.000	-0.063	3	1	IACL_NAP
264.980	40.740	0.000	0.000	0.000	0.000	-0.638	3	1	IACN_NAP
265.260	41.010	0.000	0.000	0.000	0.000	0.551	3	1	IACO_NAP
265.650	41.050	0.000	0.000	0.000	0.000	-0.270	3	1	IACR_NAP
264.230	42.480	0.000	0.000	0.000	0.000	-0.174	3	1	IACV_NAP
269.370	41.610	0.000	0.000	0.000	0.000	0.046	3	1	IADA_NAP
268.170	43.270	0.000	0.000	0.000	0.000	0.697	3	1	IADE_NAP
264.620	42.000	0.000	0.000	0.000	0.000	0.135	3	1	IADN_NAP
268.430	40.650	0.000	0.000	0.000	0.000	-0.078	3	1	IADO_NAP
265.990	41.550	0.000	0.000	0.000	0.000	-0.345	3	1	IADS_NAP
269.330	42.460	0.000	0.000	0.000	0.000	-0.029	3	1	IADU_NAP
268.640	42.880	0.000	0.000	0.000	0.000	-0.333	3	1	IAEL_NAP
265.310	43.110	0.000	0.000	0.000	0.000	0.015	3	1	IAEM_NAP
268.040	40.980	0.000	0.000	0.000	0.000	0.043	3	1	IAFA_NAP
265.810	42.460	0.000	0.000	0.000	0.000	-0.385	3	1	IAFD_NAP
266.400	43.110	0.000	0.000	0.000	0.000	-0.100	3	1	IAGA_NAP
267.220	42.370	0.000	0.000	0.000	0.000	-0.365	3	1	IAGC_NAP
266.630	43.280	0.000	0.000	0.000	0.000	0.479	3	1	IAHT_NAP
268.120	42.440	0.000	0.000	0.000	0.000	0.225	3	1	IAIN_NAP
265.620	42.020	0.000	0.000	0.000	0.000	-0.486	3	1	IAJE_NAP
266.900	41.300	0.000	0.000	0.000	0.000	-0.322	3	1	IAKN_NAP
266.640	42.800	0.000	0.000	0.000	0.000	-0.019	3	1	IALA_NAP
263.850	42.800	0.000	0.000	0.000	0.000	-0.011	3	1	IALM_NAP
266.240	40.730	0.000	0.000	0.000	0.000	-0.571	3	1	IALN_NAP
265.750	40.710	0.000	0.000	0.000	0.000	0.028	3	1	IAMA_NAP
266.260	41.370	0.000	0.000	0.000	0.000	0.009	3	1	IAMD_NAP
267.450	41.690	0.000	0.000	0.000	0.000	0.118	3	1	IAML_NAP
268.450	42.030	0.000	0.000	0.000	0.000	-0.634	3	1	IAMN_NAP
269.350	42.070	0.000	0.000	0.000	0.000	-0.211	3	1	IAMQ_NAP
268.530	42.480	0.000	0.000	0.000	0.000	0.613	3	1	IAMR_NAP
267.070	42.010	0.000	0.000	0.000	0.000	0.420	3	1	IAMT_NAP
264.140	41.570	0.000	0.000	0.000	0.000	-0.382	3	1	IAMV_NAP
268.710	43.500	0.000	0.000	0.000	0.000	-0.175	3	1	IANA_NAP
267.700	43.060	0.000	0.000	0.000	0.000	0.136	3	1	IANH_NAP
266.920	41.680	0.000	0.000	0.000	0.000	0.371	3	1	IANT_NAP
268.030	41.960	0.000	0.000	0.000	0.000	-0.108	3	1	IANW_NAP
263.890	42.030	0.000	0.000	0.000	0.000	0.364	3	1	IAOA_NAP
267.160	43.280	0.000	0.000	0.000	0.000	-0.213	3	1	IAOE_NAP
267.320	41.290	0.000	0.000	0.000	0.000	0.214	3	1	IAOK_NAP
266.210	41.030	0.000	0.000	0.000	0.000	0.299	3	1	IAOS_NAP
265.320	42.740	0.000	0.000	0.000	0.000	-0.218	3	1	IAPS_NAP
264.770	41.020	0.000	0.000	0.000	0.000	0.010	3	1	IARO_NAP
263.850	43.430	0.000	0.000	0.000	0.000	0.300	3	1	IARR_NAP
269.800	42.080	0.000	0.000	0.000	0.000	0.028	3	1	IASA_NAP
264.980	42.420	0.000	0.000	0.000	0.000	0.414	3	1	IASC_NAP
264.360	40.750	0.000	0.000	0.000	0.000	0.315	3	1	IASD_NAP
267.790	41.320	0.000	0.000	0.000	0.000	-0.231	3	1	IASI_NAP
264.860	43.420	0.000	0.000	0.000	0.000	-0.116	3	1	IASL_NAP
264.780	42.650	0.000	0.000	0.000	0.000	0.185	3	1	IASM_NAP
263.770	42.240	0.000	0.000	0.000	0.000	0.019	3	1	IASN_NAP
264.840	43.130	0.000	0.000	0.000	0.000	-0.283	3	1	IASP_NAP
265.690	43.390	0.000	0.000	0.000	0.000	-0.745	3	1	IASW_NAP
263.650	42.550	0.000	0.000	0.000	0.000	0.168	3	1	IASX_NAP
267.450	41.970	0.000	0.000	0.000	0.000	0.149	3	1	IATA_NAP
268.890	41.640	0.000	0.000	0.000	0.000	-0.862	3	1	IATI_NAP
267.610	42.470	0.000	0.000	0.000	0.000	0.425	3	1	IAWA_NAP
268.790	40.830	0.000	0.000	0.000	0.000	-0.551	3	1	IAWB_NAP
268.510	43.250	0.000	0.000	0.000	0.000	-0.686	3	1	IAWK_NAP
267.990	41.700	0.000	0.000	0.000	0.000	0.549	3	1	IAWM_NAP
268.320	41.310	0.000	0.000	0.000	0.000	-0.247	3	1	IAWN_NAP
268.810	41.180	0.000	0.000	0.000	0.000	0.382	3	1	IAWO_NAP
266.450	42.480	0.000	0.000	0.000	0.000	-0.625	3	1	IAWS_NAP
268.180	42.940	0.000	0.000	0.000	0.000	-0.306	3	1	IAWU_NAP
260.840	23.740	0.000	0.000	0.000	0.000	-0.042	3	1	ICDV_NAP
262.690	37.590	0.000	0.000	0.000	0.000	-0.286	3	1	ICT1_NAP
262.630	37.750	0.000	0.000	0.000	0.000	0.299	3	1	ICT2_NAP
262.780	37.750	0.000	0.000	0.000	0.000	-0.635	3	1	ICT3_NAP
262.370	37.620	0.000	0.000	0.000	0.000	-0.034	3	1	ICT4_NAP
262.370	37.790	0.000	0.000	0.000	0.000	0.297	3	1	ICT5_NAP
272.290	39.600	0.000	0.000	0.000	0.000	-0.031	3	1	ID01_NAP
272.250	40.130	0.000	0.000	0.000	0.000	0.047	3	1	ID03_NAP
255.390	24.070	0.000	0.000	0.000	0.000	-0.172	3	1	IDGO_NAP
270.780	37.710	0.000	0.000	0.000	0.000	0.046	3	1	ILCB_NAP
270.390	39.780	0.000	0.000	0.000	0.000	-0.172	3	1	ILSA_NAP
271.780	40.100	0.000	0.000	0.000	0.000	0.715	3	1	ILUC_NAP
274.790	40.300	0.000	0.000	0.000	0.000	-0.034	3	1	INAB_NAP
272.890	39.390	0.000	0.000	0.000	0.000	-0.220	3	1	INAS_NAP
274.330	40.280	0.000	0.000	0.000	0.000	-0.085	3	1	INAX_NAP
273.480	38.860	0.000	0.000	0.000	0.000	-0.392	3	1	INBD_NAP
273.810	41.460	0.000	0.000	0.000	0.000	-0.304	3	1	INBR_NAP
274.040	39.200	0.000	0.000	0.000	0.000	-0.241	3	1	INCB_NAP
273.200	39.540	0.000	0.000	0.000	0.000	-0.079	3	1	INCL_NAP
273.100	40.080	0.000	0.000	0.000	0.000	-0.350	3	1	INCR_NAP
273.030	38.200	0.000	0.000	0.000	0.000	-0.368	3	1	INDA_NAP
272.450	38.130	0.000	0.000	0.000	0.000	-0.249	3	1	INES_NAP
273.470	40.280	0.000	0.000	0.000	0.000	-0.292	3	1	INFR_NAP
274.820	41.130	0.000	0.000	0.000	0.000	-0.267	3	1	INFW_NAP
274.490	39.360	0.000	0.000	0.000	0.000	-0.027	3	1	INGG_NAP
272.750	41.600	0.000	0.000	0.000	0.000	-0.148	3	1	INGY_NAP
273.480	39.760	0.000	0.000	0.000	0.000	0.137	3	1	INHC_NAP
273.060	38.410	0.000	0.000	0.000	0.000	-0.055	3	1	INJS_NAP
272.850	39.030	0.000	0.000	0.000	0.000	-0.361	3	1	INLN_NAP
273.310	41.590	0.000	0.000	0.000	0.000	0.121	3	1	INLP_NAP
272.680	41.290	0.000	0.000	0.000	0.000	-0.329	3	1	INLW_NAP
274.580	38.830	0.000	0.000	0.000	0.000	-0.154	3	1	INMD_NAP
273.250	40.730	0.000	0.000	0.000	0.000	0.455	3	1	INMO_NAP
273.960	39.770	0.000	0.000	0.000	0.000	0.071	3	1	INMT_NAP
274.230	39.970	0.000	0.000	0.000	0.000	-0.285	3	1	INPD_NAP
273.610	39.690	0.000	0.000	0.000	0.000	0.018	3	1	INPL_NAP
272.860	40.950	0.000	0.000	0.000	0.000	0.084	3	1	INRN_NAP
275.060	39.870	0.000	0.000	0.000	0.000	-0.598	3	1	INSB_NAP
274.200	38.680	0.000	0.000	0.000	0.000	-0.209	3	1	INSG_NAP
273.990	39.850	0.000	0.000	0.000	0.000	0.364	3	1	INSI_NAP
274.140	38.960	0.000	0.000	0.000	0.000	-0.098	3	1	INSY_NAP
273.370	38.060	0.000	0.000	0.000	0.000	-0.032	3	1	INTC_NAP
273.940	40.280	0.000	0.000	0.000	0.000	-0.082	3	1	INTP_NAP
272.470	38.630	0.000	0.000	0.000	0.000	-0.071	3	1	INVI_NAP
274.200	40.820	0.000	0.000	0.000	0.000	0.002	3	1	INWB_NAP
273.070	40.460	0.000	0.000	0.000	0.000	-0.549	3	1	INWL_NAP
273.400	41.080	0.000	0.000	0.000	0.000	-0.187	3	1	INWN_NAP
270.370	45.310	0.000	0.000	0.000	0.000	0.254	3	1	IRMA_NAP
268.600	46.570	0.000	0.000	0.000	0.000	0.081	3	1	IRRI_NAP
258.980	22.140	0.000	0.000	0.000	0.000	0.040	3	1	ISLP_NAP
273.490	39.170	0.000	0.000	0.000	0.000	0.160	3	1	IUCO_NAP
257.390	22.780	0.000	0.000	0.000	0.000	0.412	3	1	IZAC_NAP
269.420	46.130	0.000	0.000	0.000	0.000	0.355	3	1	JABS_NAP
270.970	42.710	0.000	0.000	0.000	0.000	-0.563	3	1	JALE_NAP
260.200	30.480	0.000	0.000	0.000	0.000	-0.132	3	1	JCT1_NAP
269.750	42.910	0.000	0.000	0.000	0.000	0.386	3	1	JFWS_NAP
259.020	33.020	0.000	0.000	0.000	0.000	-0.589	3	1	JTNT_NAP
278.300	30.480	0.000	0.000	0.000	0.000	-0.117	3	1	JXVL_NAP
272.150	41.600	0.000	0.000	0.000	0.000	0.047	3	1	KA10_NAP
271.560	41.650	0.000	0.000	0.000	0.000	-0.233	3	1	KA11_NAP
271.070	39.870	0.000	0.000	0.000	0.000	0.049	3	1	KA12_NAP
271.810	39.480	0.000	0.000	0.000	0.000	-0.171	3	1	KA14_NAP
271.710	42.320	0.000	0.000	0.000	0.000	0.470	3	1	KA15_NAP
270.980	40.450	0.000	0.000	0.000	0.000	-0.621	3	1	KA16_NAP
271.290	41.330	0.000	0.000	0.000	0.000	0.047	3	1	KA17_NAP
272.150	41.100	0.000	0.000	0.000	0.000	-0.075	3	1	KA18_NAP
272.130	42.910	0.000	0.000	0.000	0.000	0.326	3	1	KA19_NAP
270.850	41.330	0.000	0.000	0.000	0.000	0.083	3	1	KA20_NAP
270.800	40.790	0.000	0.000	0.000	0.000	-0.183	3	1	KA21_NAP
271.730	40.880	0.000	0.000	0.000	0.000	0.175	3	1	KA22_NAP
270.430	42.280	0.000	0.000	0.000	0.000	-0.270	3	1	KA23_NAP
271.560	41.670	0.000	0.000	0.000	0.000	0.359	3	1	KA25_NAP
271.820	41.520	0.000	0.000	0.000	0.000	0.458	3	1	KA26_NAP
271.770	42.410	0.000	0.000	0.000	0.000	0.012	3	1	KA27_NAP
264.600	39.130	0.000	0.000	0.000	0.000	0.081	3	1	KAN1_NAP
272.130	41.990	0.000	0.000	0.000	0.000	-0.249	3	1	KAR2_NAP
272.130	42.380	0.000	0.000	0.000	0.000	0.731	3	1	KAR3_NAP
271.710	40.130	0.000	0.000	0.000	0.000	-0.263	3	1	KAR4_NAP
269.370	38.790	0.000	0.000	0.000	0.000	-0.153	3	1	KAR5_NAP
271.850	41.520	0.000	0.000	0.000	0.000	0.060	3	1	KAR6_NAP
272.350	41.880	0.000	0.000	0.000	0.000	0.351	3	1	KAR7_NAP
269.580	38.570	0.000	0.000	0.000	0.000	0.104	3	1	KAR8_NAP
270.050	38.730	0.000	0.000	0.000	0.000	-0.143	3	1	KAR9_NAP
272.500	44.470	0.000	0.000	0.000	0.000	-0.014	3	1	KEEE_NAP
272.080	42.560	0.000	0.000	0.000	0.000	-0.030	3	1	KEHA_NAP
271.380	47.230	0.000	0.000	0.000	0.000	-0.047	3	1	KEW1_NAP
267.950	30.220	0.000	0.000	0.000	0.000	-0.279	3	1	KJUN_NAP
267.960	44.950	0.000	0.000	0.000	0.000	-0.374	3	1	KNAP_NAP
283.480	44.220	0.000	0.000	0.000	0.000	0.236	3	1	KNGS_NAP
280.660	33.480	0.000	0.000	0.000	0.000	-0.102	3	1	KNS1_NAP
276.390	40.630	0.000	0.000	0.000	0.000	-0.013	3	1	KNTN_NAP
278.560	28.290	0.000	0.000	0.000	0.000	-0.016	3	1	KSME_NAP
263.960	39.040	0.000	0.000	0.000	0.000	0.063	3	1	KST2_NAP
263.960	39.040	0.000	0.000	0.000	0.000	0.098	3	1	KST6_NAP
263.390	39.100	0.000	0.000	0.000	0.000	-0.245	3	1	KSU1_NAP
262.110	27.550	0.000	0.000	0.000	0.000	0.088	3	1	KVTX_NAP
278.250	24.550	0.000	0.000	0.000	0.000	-0.071	3	1	KWST_NAP
277.330	38.460	0.000	0.000	0.000	0.000	-0.826	3	1	KYAS_NAP
275.280	39.040	0.000	0.000	0.000	0.000	0.407	3	1	KYBO_NAP
277.000	36.970	0.000	0.000	0.000	0.000	0.039	3	1	KYCB_NAP
274.650	37.340	0.000	0.000	0.000	0.000	0.051	3	1	KYCP_NAP
274.700	36.640	0.000	0.000	0.000	0.000	-0.603	3	1	KYDH_NAP
277.130	38.480	0.000	0.000	0.000	0.000	-0.711	3	1	KYGB_NAP
276.560	38.180	0.000	0.000	0.000	0.000	-0.617	3	1	KYMH_NAP
273.500	37.610	0.000	0.000	0.000	0.000	0.618	3	1	KYRR_NAP
275.380	37.060	0.000	0.000	0.000	0.000	-0.066	3	1	KYSC_NAP
272.500	37.350	0.000	0.000	0.000	0.000	-0.510	3	1	KYTB_NAP
273.530	36.990	0.000	0.000	0.000	0.000	-0.224	3	1	KYTC_NAP
274.150	37.680	0.000	0.000	0.000	0.000	0.404	3	1	KYTD_NAP
274.400	38.280	0.000	0.000	0.000	0.000	0.126	3	1	KYTE_NAP
275.420	39.040	0.000	0.000	0.000	0.000	0.160	3	1	KYTF_NAP
275.510	38.080	0.000	0.000	0.000	0.000	-0.318	3	1	KYTG_NAP
275.380	37.070	0.000	0.000	0.000	0.000	-0.568	3	1	KYTH_NAP
276.250	38.420	0.000	0.000	0.000	0.000	-0.271	3	1	KYTI_NAP
276.240	37.150	0.000	0.000	0.000	0.000	-0.170	3	1	KYTK_NAP
277.460	37.480	0.000	0.000	0.000	0.000	0.038	3	1	KYTL_NAP
278.350	24.580	0.000	0.000	0.000	0.000	-0.246	3	1	KYW1_NAP
268.840	43.880	0.000	0.000	0.000	0.000	0.185	3	1	LACR_NAP
269.290	42.840	0.000	0.000	0.000	0.000	0.284	3	1	LAER_NAP
267.950	30.220	0.000	0.000	0.000	0.000	0.022	3	1	LAKJ_NAP
286.090	41.000	0.000	0.000	0.000	0.000	-0.119	3	1	LAMT_NAP
283.700	40.040	0.000	0.000	0.000	0.000	-0.413	3	1	LANC_NAP
275.340	42.670	0.000	0.000	0.000	0.000	-0.055	3	1	LANS_NAP
260.550	27.510	0.000	0.000	0.000	0.000	0.276	3	1	LARD_NAP
287.220	47.440	0.000	0.000	0.000	0.000	0.202	3	1	LATU_NAP
279.830	26.200	0.000	0.000	0.000	0.000	-0.082	3	1	LAUD_NAP
284.520	46.550	0.000	0.000	0.000	0.000	0.238	3	1	LAUR_NAP
261.530	30.730	0.000	0.000	0.000	0.000	0.292	3	1	LCBU_NAP
272.040	42.300	0.000	0.000	0.000	0.000	0.475	3	1	LCDT_NAP
270.530	36.380	0.000	0.000	0.000	0.000	-0.257	3	1	LCHS_NAP
261.890	30.480	0.000	0.000	0.000	0.000	0.015	3	1	LCRH_NAP
262.870	30.010	0.000	0.000	0.000	0.000	-0.076	3	1	LCSM_NAP
278.080	45.980	0.000	0.000	0.000	0.000	0.136	3	1	LCUR_NAP
261.660	30.550	0.000	0.000	0.000	0.000	0.293	3	1	LCWD_NAP
263.220	30.090	0.000	0.000	0.000	0.000	-0.476	3	1	LDBT_NAP
275.720	39.430	0.000	0.000	0.000	0.000	-0.034	3	1	LEBA_NAP
278.190	28.830	0.000	0.000	0.000	0.000	-0.051	3	1	LEES_NAP
266.730	31.140	0.000	0.000	0.000	0.000	-0.057	3	1	LESV_NAP
281.180	35.400	0.000	0.000	0.000	0.000	-0.468	3	1	LILL_NAP
268.150	44.610	0.000	0.000	0.000	0.000	-0.162	3	1	LIMW_NAP
264.850	29.910	0.000	0.000	0.000	0.000	-0.487	3	1	LKHU_NAP
269.340	29.250	0.000	0.000	0.000	0.000	0.699	3	1	LMCN_NAP
262.520	36.690	0.000	0.000	0.000	0.000	-0.596	3	1	LMNO_NAP
260.530	24.900	0.000	0.000	0.000	0.000	0.117	3	1	LNIG_NAP
274.700	38.010	0.000	0.000	0.000	0.000	-0.085	3	1	LOU1_NAP
290.440	47.830	0.000	0.000	0.000	0.000	-0.168	3	1	LOUP_NAP
283.600	37.060	0.000	0.000	0.000	0.000	0.284	3	1	LOY1_NAP
283.760	36.760	0.000	0.000	0.000	0.000	0.254	3	1	LOY2_NAP
282.500	37.620	0.000	0.000	0.000	0.000	-0.022	3	1	LOY3_NAP
282.440	39.110	0.000	0.000	0.000	0.000	-0.088	3	1	LOY4_NAP
282.550	38.280	0.000	0.000	0.000	0.000	-0.297	3	1	LOY8_NAP
282.730	39.180	0.000	0.000	0.000	0.000	0.124	3	1	LOY9_NAP
281.110	38.430	0.000	0.000	0.000	0.000	-0.341	3	1	LOYA_NAP
282.820	38.730	0.000	0.000	0.000	0.000	-0.115	3	1	LOYB_NAP
281.800	39.120	0.000	0.000	0.000	0.000	0.036	3	1	LOYC_NAP
283.170	38.950	0.000	0.000	0.000	0.000	-0.397	3	1	LOYD_NAP
278.290	38.820	0.000	0.000	0.000	0.000	-0.248	3	1	LOYE_NAP
283.480	38.970	0.000	0.000	0.000	0.000	0.322	3	1	LOYF_NAP
281.490	38.030	0.000	0.000	0.000	0.000	-0.084	3	1	LOYI_NAP
281.990	38.470	0.000	0.000	0.000	0.000	0.364	3	1	LOYJ_NAP
282.650	38.050	0.000	0.000	0.000	0.000	-0.052	3	1	LOYO_NAP
280.980	38.020	0.000	0.000	0.000	0.000	0.085	3	1	LOYP_NAP
282.290	39.630	0.000	0.000	0.000	0.000	0.453	3	1	LOYQ_NAP
281.270	39.650	0.000	0.000	0.000	0.000	-0.042	3	1	LOYS_NAP
283.430	36.860	0.000	0.000	0.000	0.000	-0.075	3	1	LOYZ_NAP
285.420	44.620	0.000	0.000	0.000	0.000	0.135	3	1	LOZ1_NAP
289.990	47.340	0.000	0.000	0.000	0.000	-0.203	3	1	LPOC_NAP
277.540	37.150	0.000	0.000	0.000	0.000	0.535	3	1	LS01_NAP
282.590	37.260	0.000	0.000	0.000	0.000	-0.177	3	1	LS02_NAP
284.040	36.790	0.000	0.000	0.000	0.000	-0.285	3	1	LS03_NAP
280.040	37.360	0.000	0.000	0.000	0.000	-0.096	3	1	LS04_NAP
281.610	37.300	0.000	0.000	0.000	0.000	-0.457	3	1	LS05_NAP
281.710	36.610	0.000	0.000	0.000	0.000	-0.104	3	1	LS06_NAP
278.780	37.270	0.000	0.000	0.000	0.000	0.090	3	1	LS07_NAP
279.780	38.980	0.000	0.000	0.000	0.000	0.106	3	1	LS08_NAP
279.190	40.770	0.000	0.000	0.000	0.000	0.068	3	1	LSBN_NAP
267.590	31.180	0.000	0.000	0.000	0.000	0.078	3	1	LSUA_NAP
267.350	32.520	0.000	0.000	0.000	0.000	0.280	3	1	LTEC_NAP
265.830	39.580	0.000	0.000	0.000	0.000	0.238	3	1	LTHM_NAP
294.830	44.890	0.000	0.000	0.000	0.000	-0.370	3	1	LTWN_NAP
272.230	41.920	0.000	0.000	0.000	0.000	-0.079	3	1	LU01_NAP
258.160	33.540	0.000	0.000	0.000	0.000	-0.083	3	1	LUBB_NAP
269.340	29.250	0.000	0.000	0.000	0.000	0.180	3	1	LUMC_NAP
295.290	44.030	0.000	0.000	0.000	0.000	-0.238	3	1	LVPL_NAP
269.650	29.900	0.000	0.000	0.000	0.000	-0.002	3	1	LWES_NAP
282.510	38.970	0.000	0.000	0.000	0.000	-0.135	3	1	LWX1_NAP
283.000	41.240	0.000	0.000	0.000	0.000	0.082	3	1	LYCO_NAP
270.020	45.710	0.000	0.000	0.000	0.000	0.857	3	1	LYNE_NAP
270.120	43.710	0.000	0.000	0.000	0.000	0.144	3	1	LYST_NAP
287.460	42.670	0.000	0.000	0.000	0.000	-0.564	3	1	MABN_NAP
269.520	37.850	0.000	0.000	0.000	0.000	-0.206	3	1	MACC_NAP
289.460	41.620	0.000	0.000	0.000	0.000	-0.692	3	1	MAFA_NAP
270.640	36.850	0.000	0.000	0.000	0.000	-0.202	3	1	MAIR_NAP
288.950	42.270	0.000	0.000	0.000	0.000	-0.504	3	1	MAMI_NAP
272.310	44.150	0.000	0.000	0.000	0.000	0.195	3	1	MAOC_NAP
270.590	43.040	0.000	0.000	0.000	0.000	0.013	3	1	MAON_NAP
289.340	41.940	0.000	0.000	0.000	0.000	-0.695	3	1	MAPL_NAP
278.050	35.650	0.000	0.000	0.000	0.000	-0.403	3	1	MARI_NAP
289.110	42.860	0.000	0.000	0.000	0.000	-0.686	3	1	MASA_NAP
287.910	42.110	0.000	0.000	0.000	0.000	-0.077	3	1	MASB_NAP
286.640	42.140	0.000	0.000	0.000	0.000	-0.532	3	1	MASH_NAP
272.370	45.070	0.000	0.000	0.000	0.000	-0.364	3	1	MAT0_NAP
289.960	41.980	0.000	0.000	0.000	0.000	-0.260	3	1	MATU_NAP
270.120	46.120	0.000	0.000	0.000	0.000	0.531	3	1	MAWA_NAP
288.070	42.560	0.000	0.000	0.000	0.000	-0.404	3	1	MAWM_NAP
277.470	27.850	0.000	0.000	0.000	0.000	-0.320	3	1	MCD1_NAP
275.100	47.960	0.000	0.000	0.000	0.000	-0.096	3	1	MCHN_NAP
258.520	27.880	0.000	0.000	0.000	0.000	0.294	3	1	MCIG_NAP
276.440	32.700	0.000	0.000	0.000	0.000	-0.023	3	1	MCN1_NAP
266.780	30.180	0.000	0.000	0.000	0.000	0.631	3	1	MCNE_NAP
278.170	39.660	0.000	0.000	0.000	0.000	0.016	3	1	MCON_NAP
295.170	46.100	0.000	0.000	0.000	0.000	-0.051	3	1	MCTN_NAP
270.300	36.120	0.000	0.000	0.000	0.000	-0.134	3	1	MCTY_NAP
255.990	30.680	0.000	0.000	0.000	0.000	0.363	3	1	MDO1_NAP
256.730	46.910	0.000	0.000	0.000	0.000	0.006	3	1	MDR3_NAP
256.730	46.910	0.000	0.000	0.000	0.000	0.579	3	1	MDR5_NAP
283.550	38.320	0.000	0.000	0.000	0.000	0.108	3	1	MDSI_NAP
269.220	44.770	0.000	0.000	0.000	0.000	-0.235	3	1	MEAD_NAP
291.260	44.830	0.000	0.000	0.000	0.000	0.226	3	1	MECC_NAP
290.700	45.030	0.000	0.000	0.000	0.000	-0.040	3	1	MEDX_NAP
289.870	44.670	0.000	0.000	0.000	0.000	-0.362	3	1	MEFR_NAP
289.550	43.680	0.000	0.000	0.000	0.000	-0.418	3	1	MEGO_NAP
290.410	45.460	0.000	0.000	0.000	0.000	0.192	3	1	MEGR_NAP
290.400	44.610	0.000	0.000	0.000	0.000	-0.028	3	1	MEJD_NAP
291.490	45.360	0.000	0.000	0.000	0.000	-0.085	3	1	MELI_NAP
269.790	35.470	0.000	0.000	0.000	0.000	-0.493	3	1	MEM2_NAP
292.540	44.710	0.000	0.000	0.000	0.000	0.014	3	1	MEMA_NAP
290.250	44.300	0.000	0.000	0.000	0.000	-0.506	3	1	MEOW_NAP
291.980	46.670	0.000	0.000	0.000	0.000	0.628	3	1	MEPI_NAP
289.350	44.970	0.000	0.000	0.000	0.000	0.040	3	1	MERA_NAP
268.990	44.120	0.000	0.000	0.000	0.000	0.066	3	1	MESE_NAP
289.490	44.220	0.000	0.000	0.000	0.000	-0.245	3	1	MESP_NAP
276.760	42.680	0.000	0.000	0.000	0.000	0.203	3	1	METR_NAP
290.900	44.450	0.000	0.000	0.000	0.000	0.652	3	1	MEWA_NAP
269.870	44.640	0.000	0.000	0.000	0.000	-0.471	3	1	MFLD_NAP
279.840	25.730	0.000	0.000	0.000	0.000	0.057	3	1	MIA3_NAP
276.570	45.060	0.000	0.000	0.000	0.000	-0.083	3	1	MIAL_NAP
276.020	43.980	0.000	0.000	0.000	0.000	-0.018	3	1	MIAR_NAP
274.800	42.320	0.000	0.000	0.000	0.000	-0.434	3	1	MIBC_NAP
273.610	42.090	0.000	0.000	0.000	0.000	-0.291	3	1	MIBH_NAP
275.000	45.210	0.000	0.000	0.000	0.000	-0.071	3	1	MIBO_NAP
271.490	46.760	0.000	0.000	0.000	0.000	-0.186	3	1	MIBX_NAP
276.050	43.620	0.000	0.000	0.000	0.000	-0.083	3	1	MIBY_NAP
277.330	43.430	0.000	0.000	0.000	0.000	-0.015	3	1	MICA_NAP
274.050	43.060	0.000	0.000	0.000	0.000	-0.291	3	1	MICO_NAP
274.480	41.920	0.000	0.000	0.000	0.000	-0.123	3	1	MICV_NAP
275.020	41.940	0.000	0.000	0.000	0.000	-0.241	3	1	MICW_NAP
274.740	45.310	0.000	0.000	0.000	0.000	-0.137	3	1	MICX_NAP
276.350	41.960	0.000	0.000	0.000	0.000	0.128	3	1	MIDD_NAP
276.480	43.050	0.000	0.000	0.000	0.000	0.148	3	1	MIDS_NAP
276.990	42.440	0.000	0.000	0.000	0.000	0.044	3	1	MIDT_NAP
275.360	45.030	0.000	0.000	0.000	0.000	-0.177	3	1	MIGD_NAP
273.790	43.010	0.000	0.000	0.000	0.000	-0.327	3	1	MIGH_NAP
275.300	44.660	0.000	0.000	0.000	0.000	-0.033	3	1	MIGL_NAP
275.190	44.020	0.000	0.000	0.000	0.000	-0.053	3	1	MIHA_NAP
275.380	41.890	0.000	0.000	0.000	0.000	-0.120	3	1	MIHD_NAP
275.210	44.330	0.000	0.000	0.000	0.000	0.067	3	1	MIHL_NAP
273.920	42.810	0.000	0.000	0.000	0.000	-0.242	3	1	MIHO_NAP
273.640	43.690	0.000	0.000	0.000	0.000	0.036	3	1	MIHT_NAP
274.140	42.890	0.000	0.000	0.000	0.000	-0.313	3	1	MIHV_NAP
271.370	46.080	0.000	0.000	0.000	0.000	0.060	3	1	MIIR_NAP
275.410	43.290	0.000	0.000	0.000	0.000	-0.264	3	1	MIIT_NAP
269.830	46.470	0.000	0.000	0.000	0.000	-0.180	3	1	MIIW_NAP
274.810	44.740	0.000	0.000	0.000	0.000	0.137	3	1	MIKK_NAP
275.650	41.850	0.000	0.000	0.000	0.000	0.040	3	1	MIKS_NAP
272.110	43.000	0.000	0.000	0.000	0.000	0.142	3	1	MIL1_NAP
276.590	42.440	0.000	0.000	0.000	0.000	0.302	3	1	MILI_NAP
275.640	46.490	0.000	0.000	0.000	0.000	0.076	3	1	MILS_NAP
273.560	43.950	0.000	0.000	0.000	0.000	-0.170	3	1	MILT_NAP
275.550	42.560	0.000	0.000	0.000	0.000	-0.076	3	1	MIMA_NAP
273.750	43.200	0.000	0.000	0.000	0.000	-0.161	3	1	MIMK_NAP
273.840	44.370	0.000	0.000	0.000	0.000	-0.039	3	1	MIMN_NAP
276.540	41.920	0.000	0.000	0.000	0.000	-0.118	3	1	MIMO_NAP
272.620	46.550	0.000	0.000	0.000	0.000	0.105	3	1	MIMQ_NAP
275.960	42.150	0.000	0.000	0.000	0.000	-0.100	3	1	MIMR_NAP
273.360	46.380	0.000	0.000	0.000	0.000	0.011	3	1	MIMU_NAP
275.790	46.280	0.000	0.000	0.000	0.000	0.229	3	1	MINB_NAP
275.370	45.380	0.000	0.000	0.000	0.000	-0.098	3	1	MIND_NAP
268.180	46.130	0.000	0.000	0.000	0.000	0.285	3	1	MING_NAP
277.200	42.730	0.000	0.000	0.000	0.000	0.583	3	1	MINH_NAP
273.780	41.810	0.000	0.000	0.000	0.000	-0.552	3	1	MINI_NAP
272.080	45.790	0.000	0.000	0.000	0.000	-0.105	3	1	MINW_NAP
275.870	44.650	0.000	0.000	0.000	0.000	-0.088	3	1	MIO1_NAP
275.850	44.650	0.000	0.000	0.000	0.000	0.017	3	1	MIO2_NAP
275.870	44.300	0.000	0.000	0.000	0.000	-0.089	3	1	MIOG_NAP
274.930	43.000	0.000	0.000	0.000	0.000	0.012	3	1	MION_NAP
270.700	46.860	0.000	0.000	0.000	0.000	-0.085	3	1	MIOT_NAP
274.120	42.220	0.000	0.000	0.000	0.000	-0.124	3	1	MIPP_NAP
276.240	42.690	0.000	0.000	0.000	0.000	-0.044	3	1	MIPV_NAP
274.340	42.460	0.000	0.000	0.000	0.000	-0.132	3	1	MIPW_NAP
273.760	45.970	0.000	0.000	0.000	0.000	0.208	3	1	MIQE_NAP
276.170	42.970	0.000	0.000	0.000	0.000	-0.095	3	1	MISC_NAP
273.740	42.380	0.000	0.000	0.000	0.000	-0.428	3	1	MISH_NAP
275.300	45.850	0.000	0.000	0.000	0.000	-0.056	3	1	MISI_NAP
275.460	42.960	0.000	0.000	0.000	0.000	-0.156	3	1	MISJ_NAP
272.400	45.420	0.000	0.000	0.000	0.000	-0.131	3	1	MIST_NAP
274.390	44.710	0.000	0.000	0.000	0.000	-0.102	3	1	MITC_NAP
273.400	41.800	0.000	0.000	0.000	0.000	0.165	3	1	MITO_NAP
274.910	43.300	0.000	0.000	0.000	0.000	-0.319	3	1	MITS_NAP
271.450	47.110	0.000	0.000	0.000	0.000	-0.015	3	1	MITU_NAP
276.420	44.280	0.000	0.000	0.000	0.000	0.012	3	1	MITW_NAP
276.990	42.780	0.000	0.000	0.000	0.000	-0.036	3	1	MIWA_NAP
275.780	42.680	0.000	0.000	0.000	0.000	-0.040	3	1	MIWB_NAP
274.220	43.570	0.000	0.000	0.000	0.000	-0.055	3	1	MIWC_NAP
272.610	32.090	0.000	0.000	0.000	0.000	0.013	3	1	MLF1_NAP
266.670	43.680	0.000	0.000	0.000	0.000	-0.161	3	1	MNAA_NAP
266.820	45.110	0.000	0.000	0.000	0.000	0.186	3	1	MNAH_NAP
263.980	45.200	0.000	0.000	0.000	0.000	0.241	3	1	MNAN_NAP
267.030	48.290	0.000	0.000	0.000	0.000	0.145	3	1	MNAS_NAP
266.790	44.730	0.000	0.000	0.000	0.000	0.209	3	1	MNAV_NAP
264.610	45.890	0.000	0.000	0.000	0.000	-0.056	3	1	MNAX_NAP
265.930	48.630	0.000	0.000	0.000	0.000	-0.414	3	1	MNBD_NAP
265.880	43.660	0.000	0.000	0.000	0.000	0.129	3	1	MNBE_NAP
266.350	47.730	0.000	0.000	0.000	0.000	-0.045	3	1	MNBF_NAP
265.060	47.500	0.000	0.000	0.000	0.000	0.256	3	1	MNBJ_NAP
267.410	46.860	0.000	0.000	0.000	0.000	0.665	3	1	MNBK_NAP
268.150	47.350	0.000	0.000	0.000	0.000	0.451	3	1	MNBM_NAP
267.800	47.660	0.000	0.000	0.000	0.000	-0.192	3	1	MNBS_NAP
265.410	48.710	0.000	0.000	0.000	0.000	-0.032	3	1	MNBT_NAP
263.620	43.610	0.000	0.000	0.000	0.000	0.138	3	1	MNBV_NAP
265.760	46.350	0.000	0.000	0.000	0.000	0.156	3	1	MNBX_NAP
268.500	43.630	0.000	0.000	0.000	0.000	-0.339	3	1	MNCA_NAP
267.180	45.400	0.000	0.000	0.000	0.000	-0.220	3	1	MNCC_NAP
267.310	47.860	0.000	0.000	0.000	0.000	-0.507	3	1	MNCK_NAP
264.590	44.950	0.000	0.000	0.000	0.000	-0.001	3	1	MNCL_NAP
266.780	45.570	0.000	0.000	0.000	0.000	-0.284	3	1	MNCM_NAP
263.370	47.770	0.000	0.000	0.000	0.000	0.243	3	1	MNCR_NAP
267.510	47.170	0.000	0.000	0.000	0.000	0.831	3	1	MNCT_NAP
267.160	44.030	0.000	0.000	0.000	0.000	0.465	3	1	MNDC_NAP
263.090	48.570	0.000	0.000	0.000	0.000	-0.051	3	1	MNDN_NAP
264.140	46.820	0.000	0.000	0.000	0.000	0.033	3	1	MNDT_NAP
267.890	46.800	0.000	0.000	0.000	0.000	-0.103	3	1	MNDU_NAP
264.400	44.060	0.000	0.000	0.000	0.000	-0.161	3	1	MNDV_NAP
264.030	45.990	0.000	0.000	0.000	0.000	-0.571	3	1	MNEB_NAP
266.800	44.830	0.000	0.000	0.000	0.000	0.123	3	1	MNEG_NAP
267.310	43.660	0.000	0.000	0.000	0.000	-0.256	3	1	MNEK_NAP
266.050	46.690	0.000	0.000	0.000	0.000	0.146	3	1	MNEM_NAP
264.020	47.660	0.000	0.000	0.000	0.000	-0.063	3	1	MNER_NAP
268.170	47.900	0.000	0.000	0.000	0.000	0.402	3	1	MNEX_NAP
267.790	43.960	0.000	0.000	0.000	0.000	0.407	3	1	MNEY_NAP
263.940	46.270	0.000	0.000	0.000	0.000	0.153	3	1	MNFF_NAP
265.560	43.660	0.000	0.000	0.000	0.000	0.534	3	1	MNFR_NAP
266.170	46.300	0.000	0.000	0.000	0.000	-0.459	3	1	MNGA_NAP
262.970	47.930	0.000	0.000	0.000	0.000	-0.516	3	1	MNGF_NAP
266.520	47.220	0.000	0.000	0.000	0.000	-0.062	3	1	MNGP_NAP
263.510	45.560	0.000	0.000	0.000	0.000	-0.104	3	1	MNGR_NAP
266.650	45.000	0.000	0.000	0.000	0.000	-0.414	3	1	MNGV_NAP
264.380	48.300	0.000	0.000	0.000	0.000	-0.028	3	1	MNGY_NAP
267.080	47.420	0.000	0.000	0.000	0.000	0.213	3	1	MNHB_NAP
263.560	44.460	0.000	0.000	0.000	0.000	-0.233	3	1	MNHD_NAP
264.540	46.330	0.000	0.000	0.000	0.000	-0.265	3	1	MNHG_NAP
263.050	48.770	0.000	0.000	0.000	0.000	0.422	3	1	MNHK_NAP
263.700	46.880	0.000	0.000	0.000	0.000	0.168	3	1	MNHL_NAP
267.050	45.980	0.000	0.000	0.000	0.000	0.358	3	1	MNHN_NAP
266.010	44.910	0.000	0.000	0.000	0.000	-0.164	3	1	MNHW_NAP
264.370	47.950	0.000	0.000	0.000	0.000	-0.082	3	1	MNHY_NAP
266.620	48.580	0.000	0.000	0.000	0.000	0.378	3	1	MNIF_NAP
266.730	46.980	0.000	0.000	0.000	0.000	-0.056	3	1	MNJC_NAP
264.880	44.080	0.000	0.000	0.000	0.000	0.232	3	1	MNJF_NAP
264.990	45.150	0.000	0.000	0.000	0.000	-0.100	3	1	MNKA_NAP
263.490	48.570	0.000	0.000	0.000	0.000	0.252	3	1	MNKD_NAP
266.710	44.480	0.000	0.000	0.000	0.000	-0.427	3	1	MNLC_NAP
265.610	45.980	0.000	0.000	0.000	0.000	-0.023	3	1	MNLF_NAP
264.880	43.640	0.000	0.000	0.000	0.000	-0.154	3	1	MNLK_NAP
266.090	44.440	0.000	0.000	0.000	0.000	0.127	3	1	MNLS_NAP
266.340	45.880	0.000	0.000	0.000	0.000	0.927	3	1	MNMA_NAP
265.470	45.130	0.000	0.000	0.000	0.000	0.108	3	1	MNME_NAP
266.120	48.130	0.000	0.000	0.000	0.000	-0.041	3	1	MNMG_NAP
266.060	44.160	0.000	0.000	0.000	0.000	0.352	3	1	MNMK_NAP
267.240	46.440	0.000	0.000	0.000	0.000	-0.033	3	1	MNML_NAP
265.000	44.540	0.000	0.000	0.000	0.000	0.013	3	1	MNMN_NAP
263.560	44.940	0.000	0.000	0.000	0.000	-0.072	3	1	MNMR_NAP
264.200	44.460	0.000	0.000	0.000	0.000	0.098	3	1	MNMS_NAP
265.730	47.880	0.000	0.000	0.000	0.000	-0.752	3	1	MNNH_NAP
265.560	44.280	0.000	0.000	0.000	0.000	0.189	3	1	MNNU_NAP
267.040	45.000	0.000	0.000	0.000	0.000	-0.070	3	1	MNOK_NAP
264.030	47.310	0.000	0.000	0.000	0.000	-0.137	3	1	MNOM_NAP
264.930	46.910	0.000	0.000	0.000	0.000	0.232	3	1	MNPK_NAP
266.740	46.340	0.000	0.000	0.000	0.000	-0.262	3	1	MNPL_NAP
263.670	44.000	0.000	0.000	0.000	0.000	-0.063	3	1	MNPP_NAP
265.630	46.700	0.000	0.000	0.000	0.000	-0.877	3	1	MNPR_NAP
268.110	43.510	0.000	0.000	0.000	0.000	-0.291	3	1	MNPS_NAP
266.300	45.260	0.000	0.000	0.000	0.000	-0.203	3	1	MNRD_NAP
266.090	47.060	0.000	0.000	0.000	0.000	0.031	3	1	MNRE_NAP
268.240	43.820	0.000	0.000	0.000	0.000	0.021	3	1	MNRF_NAP
265.070	45.430	0.000	0.000	0.000	0.000	-0.006	3	1	MNRG_NAP
264.960	47.880	0.000	0.000	0.000	0.000	0.115	3	1	MNRL_NAP
264.230	43.640	0.000	0.000	0.000	0.000	-0.040	3	1	MNRM_NAP
263.710	46.490	0.000	0.000	0.000	0.000	-0.215	3	1	MNRT_NAP
264.220	48.850	0.000	0.000	0.000	0.000	-0.126	3	1	MNRU_NAP
264.950	48.790	0.000	0.000	0.000	0.000	-0.272	3	1	MNRV_NAP
267.470	44.560	0.000	0.000	0.000	0.000	-0.058	3	1	MNRW_NAP
264.440	45.490	0.000	0.000	0.000	0.000	-0.102	3	1	MNSB_NAP
265.070	45.710	0.000	0.000	0.000	0.000	0.128	3	1	MNSC_NAP
265.870	47.600	0.000	0.000	0.000	0.000	0.293	3	1	MNSQ_NAP
265.390	43.980	0.000	0.000	0.000	0.000	0.677	3	1	MNSS_NAP
265.810	45.560	0.000	0.000	0.000	0.000	-0.113	3	1	MNST_NAP
267.520	43.900	0.000	0.000	0.000	0.000	-0.041	3	1	MNSV_NAP
268.750	47.300	0.000	0.000	0.000	0.000	-0.000	3	1	MNSY_NAP
263.790	48.120	0.000	0.000	0.000	0.000	-0.010	3	1	MNTF_NAP
268.330	47.040	0.000	0.000	0.000	0.000	-0.026	3	1	MNTH_NAP
266.650	43.510	0.000	0.000	0.000	0.000	-0.162	3	1	MNTL_NAP
286.360	45.550	0.000	0.000	0.000	0.000	-0.058	3	1	MNTQ_NAP
266.360	44.870	0.000	0.000	0.000	0.000	0.203	3	1	MNVC_NAP
267.440	47.520	0.000	0.000	0.000	0.000	0.357	3	1	MNVI_NAP
264.950	46.410	0.000	0.000	0.000	0.000	-0.324	3	1	MNVN_NAP
262.800	48.970	0.000	0.000	0.000	0.000	0.016	3	1	MNVT_NAP
266.500	44.060	0.000	0.000	0.000	0.000	0.133	3	1	MNWA_NAP
267.970	44.380	0.000	0.000	0.000	0.000	-0.368	3	1	MNWB_NAP
265.490	48.150	0.000	0.000	0.000	0.000	-0.401	3	1	MNWH_NAP
265.400	47.100	0.000	0.000	0.000	0.000	0.374	3	1	MNWK_NAP
268.290	44.070	0.000	0.000	0.000	0.000	0.029	3	1	MNWN_NAP
263.230	48.190	0.000	0.000	0.000	0.000	-0.243	3	1	MNWR_NAP
267.320	44.290	0.000	0.000	0.000	0.000	-0.508	3	1	MNZM_NAP
265.700	40.260	0.000	0.000	0.000	0.000	-0.054	3	1	MOAL_NAP
271.980	30.230	0.000	0.000	0.000	0.000	-0.261	3	1	MOB1_NAP
268.780	37.460	0.000	0.000	0.000	0.000	-0.142	3	1	MOBE_NAP
268.790	39.350	0.000	0.000	0.000	0.000	0.055	3	1	MOBG_NAP
266.780	36.710	0.000	0.000	0.000	0.000	0.130	3	1	MOBR_NAP
265.610	38.260	0.000	0.000	0.000	0.000	-0.087	3	1	MOBT_NAP
266.900	37.660	0.000	0.000	0.000	0.000	-0.284	3	1	MOBU_NAP
269.260	37.700	0.000	0.000	0.000	0.000	0.406	3	1	MOBW_NAP
265.640	37.180	0.000	0.000	0.000	0.000	-0.004	3	1	MOCA_NAP
267.230	38.040	0.000	0.000	0.000	0.000	0.003	3	1	MOCD_NAP
266.460	39.770	0.000	0.000	0.000	0.000	-0.053	3	1	MOCE_NAP
270.680	36.920	0.000	0.000	0.000	0.000	0.228	3	1	MOCH_NAP
266.240	38.390	0.000	0.000	0.000	0.000	-0.254	3	1	MOCL_NAP
265.760	39.750	0.000	0.000	0.000	0.000	0.025	3	1	MOCM_NAP
268.530	38.460	0.000	0.000	0.000	0.000	0.109	3	1	MODR_NAP
270.020	36.810	0.000	0.000	0.000	0.000	-0.769	3	1	MODX_NAP
269.210	39.180	0.000	0.000	0.000	0.000	-0.115	3	1	MOEB_NAP
267.820	40.190	0.000	0.000	0.000	0.000	-0.183	3	1	MOED_NAP
267.400	38.350	0.000	0.000	0.000	0.000	-0.257	3	1	MOEL_NAP
269.610	38.190	0.000	0.000	0.000	0.000	-0.069	3	1	MOFE_NAP
289.370	41.550	0.000	0.000	0.000	0.000	0.000	3	1	MOFM_NAP
267.050	40.280	0.000	0.000	0.000	0.000	0.194	3	1	MOGC_NAP
266.150	37.430	0.000	0.000	0.000	0.000	-0.181	3	1	MOGF_NAP
268.600	39.700	0.000	0.000	0.000	0.000	-0.022	3	1	MOHL_NAP
268.060	37.340	0.000	0.000	0.000	0.000	-0.292	3	1	MOHS_NAP
265.680	38.610	0.000	0.000	0.000	0.000	-0.059	3	1	MOHV_NAP
267.710	38.580	0.000	0.000	0.000	0.000	0.091	3	1	MOJC_NAP
270.350	37.410	0.000	0.000	0.000	0.000	-0.088	3	1	MOJK_NAP
269.930	36.220	0.000	0.000	0.000	0.000	-0.200	3	1	MOKE_NAP
267.070	39.430	0.000	0.000	0.000	0.000	-0.230	3	1	MOKV_NAP
268.150	37.480	0.000	0.000	0.000	0.000	0.211	3	1	MOLI_NAP
266.380	37.890	0.000	0.000	0.000	0.000	-0.113	3	1	MOLN_NAP
267.050	37.350	0.000	0.000	0.000	0.000	-0.248	3	1	MOMF_NAP
267.690	37.130	0.000	0.000	0.000	0.000	-0.084	3	1	MOMG_NAP
268.110	38.690	0.000	0.000	0.000	0.000	-0.246	3	1	MOMK_NAP
266.020	36.920	0.000	0.000	0.000	0.000	0.854	3	1	MOMO_NAP
265.150	40.360	0.000	0.000	0.000	0.000	-0.474	3	1	MOMV_NAP
268.170	39.160	0.000	0.000	0.000	0.000	0.076	3	1	MOMX_NAP
267.260	39.760	0.000	0.000	0.000	0.000	-0.156	3	1	MONC_NAP
265.650	37.870	0.000	0.000	0.000	0.000	0.105	3	1	MONE_NAP
267.150	37.510	0.000	0.000	0.000	0.000	-0.186	3	1	MONW_NAP
270.410	42.620	0.000	0.000	0.000	0.000	-0.147	3	1	MOOE_NAP
269.990	37.520	0.000	0.000	0.000	0.000	0.089	3	1	MOPA_NAP
265.220	39.380	0.000	0.000	0.000	0.000	0.134	3	1	MOPC_NAP
266.420	40.420	0.000	0.000	0.000	0.000	0.108	3	1	MOPN_NAP
287.250	40.790	0.000	0.000	0.000	0.000	-0.040	3	1	MOR1_NAP
263.240	46.880	0.000	0.000	0.000	0.000	-0.032	3	1	MORH_NAP
264.460	40.420	0.000	0.000	0.000	0.000	0.011	3	1	MORK_NAP
266.070	39.280	0.000	0.000	0.000	0.000	-0.059	3	1	MORM_NAP
265.470	38.830	0.000	0.000	0.000	0.000	-0.234	3	1	MOSB_NAP
269.030	38.380	0.000	0.000	0.000	0.000	-0.310	3	1	MOSC_NAP
266.750	38.690	0.000	0.000	0.000	0.000	-0.209	3	1	MOSD_NAP
267.250	37.160	0.000	0.000	0.000	0.000	-0.128	3	1	MOSE_NAP
266.770	37.240	0.000	0.000	0.000	0.000	-0.162	3	1	MOSF_NAP
267.950	39.700	0.000	0.000	0.000	0.000	0.239	3	1	MOSH_NAP
269.540	38.560	0.000	0.000	0.000	0.000	0.593	3	1	MOSI_NAP
267.850	37.820	0.000	0.000	0.000	0.000	0.629	3	1	MOSR_NAP
268.660	37.970	0.000	0.000	0.000	0.000	-0.074	3	1	MOST_NAP
265.150	39.950	0.000	0.000	0.000	0.000	-0.105	3	1	MOSV_NAP
268.940	36.960	0.000	0.000	0.000	0.000	-0.038	3	1	MOVB_NAP
268.050	38.190	0.000	0.000	0.000	0.000	-0.018	3	1	MOVE_NAP
266.260	38.810	0.000	0.000	0.000	0.000	0.209	3	1	MOWB_NAP
268.840	38.810	0.000	0.000	0.000	0.000	0.028	3	1	MOWR_NAP
268.080	36.970	0.000	0.000	0.000	0.000	-0.038	3	1	MOWS_NAP
266.640	38.250	0.000	0.000	0.000	0.000	0.229	3	1	MOWW_NAP
275.240	43.620	0.000	0.000	0.000	0.000	-0.224	3	1	MPLE_NAP
294.430	46.990	0.000	0.000	0.000	0.000	0.079	3	1	MRA2_NAP
274.970	29.720	0.000	0.000	0.000	0.000	-0.006	3	1	MRKB_NAP
258.300	42.900	0.000	0.000	0.000	0.000	-0.439	3	1	MRRN_NAP
269.310	34.110	0.000	0.000	0.000	0.000	0.092	3	1	MSB6_NAP
271.440	34.670	0.000	0.000	0.000	0.000	0.331	3	1	MSBV_NAP
269.430	34.200	0.000	0.000	0.000	0.000	-0.125	3	1	MSCD_NAP
269.270	33.750	0.000	0.000	0.000	0.000	-0.185	3	1	MSCL_NAP
270.890	32.440	0.000	0.000	0.000	0.000	-0.125	3	1	MSDC_NAP
271.350	30.390	0.000	0.000	0.000	0.000	-0.195	3	1	MSGA_NAP
268.960	33.340	0.000	0.000	0.000	0.000	0.208	3	1	MSGN_NAP
270.660	31.330	0.000	0.000	0.000	0.000	-0.045	3	1	MSHT_NAP
269.820	32.330	0.000	0.000	0.000	0.000	-0.162	3	1	MSJK_NAP
273.950	43.240	0.000	0.000	0.000	0.000	-0.135	3	1	MSKY_NAP
271.270	32.370	0.000	0.000	0.000	0.000	-0.161	3	1	MSMR_NAP
268.600	31.560	0.000	0.000	0.000	0.000	0.294	3	1	MSNA_NAP
270.470	34.360	0.000	0.000	0.000	0.000	0.520	3	1	MSOX_NAP
270.310	30.530	0.000	0.000	0.000	0.000	-0.152	3	1	MSPC_NAP
271.340	33.800	0.000	0.000	0.000	0.000	-0.108	3	1	MSPE_NAP
270.900	32.760	0.000	0.000	0.000	0.000	-0.415	3	1	MSPH_NAP
270.860	30.780	0.000	0.000	0.000	0.000	-0.178	3	1	MSPK_NAP
270.460	30.850	0.000	0.000	0.000	0.000	-0.339	3	1	MSPO_NAP
271.510	32.830	0.000	0.000	0.000	0.000	-0.552	3	1	MSSB_NAP
270.390	30.380	0.000	0.000	0.000	0.000	0.025	3	1	MSSC_NAP
271.210	33.450	0.000	0.000	0.000	0.000	0.025	3	1	MSST_NAP
269.590	32.850	0.000	0.000	0.000	0.000	-0.120	3	1	MSYZ_NAP
293.870	44.230	0.000	0.000	0.000	0.000	0.263	3	1	MTGN_NAP
278.950	24.730	0.000	0.000	0.000	0.000	-0.160	3	1	MTHN_NAP
279.090	25.870	0.000	0.000	0.000	0.000	-0.053	3	1	MTNT_NAP
277.490	40.380	0.000	0.000	0.000	0.000	0.118	3	1	MTVR_NAP
284.780	43.080	0.000	0.000	0.000	0.000	0.109	3	1	MVCC_NAP
272.400	41.670	0.000	0.000	0.000	0.000	-0.045	3	1	MWRD_NAP
278.220	26.150	0.000	0.000	0.000	0.000	0.042	3	1	NAPL_NAP
282.540	25.050	0.000	0.000	0.000	0.000	0.041	3	1	NAS0_NAP
282.950	35.170	0.000	0.000	0.000	0.000	-0.080	3	1	NBR2_NAP
279.080	35.120	0.000	0.000	0.000	0.000	0.228	3	1	NC77_NAP
279.790	35.340	0.000	0.000	0.000	0.000	0.236	3	1	NCAL_NAP
276.490	35.370	0.000	0.000	0.000	0.000	0.159	3	1	NCBC_NAP
283.330	34.720	0.000	0.000	0.000	0.000	-0.004	3	1	NCBE_NAP
280.560	36.090	0.000	0.000	0.000	0.000	-0.090	3	1	NCBU_NAP
280.620	35.340	0.000	0.000	0.000	0.000	-0.435	3	1	NCCA_NAP
281.640	34.990	0.000	0.000	0.000	0.000	-0.188	3	1	NCCL_NAP
279.440	35.380	0.000	0.000	0.000	0.000	0.381	3	1	NCCO_NAP
283.530	35.920	0.000	0.000	0.000	0.000	-0.226	3	1	NCCR_NAP
284.250	36.180	0.000	0.000	0.000	0.000	0.051	3	1	NCDK_NAP
281.480	34.650	0.000	0.000	0.000	0.000	-0.169	3	1	NCET_NAP
281.130	35.030	0.000	0.000	0.000	0.000	-0.048	3	1	NCFA_NAP
278.130	35.330	0.000	0.000	0.000	0.000	0.066	3	1	NCFC_NAP
280.260	36.070	0.000	0.000	0.000	0.000	-0.120	3	1	NCG1_NAP
280.260	36.070	0.000	0.000	0.000	0.000	-0.223	3	1	NCG6_NAP
281.940	35.420	0.000	0.000	0.000	0.000	0.285	3	1	NCGO_NAP
277.500	35.360	0.000	0.000	0.000	0.000	0.355	3	1	NCHE_NAP
282.560	36.410	0.000	0.000	0.000	0.000	-0.121	3	1	NCJA_NAP
282.550	34.750	0.000	0.000	0.000	0.000	-0.215	3	1	NCJV_NAP
282.020	34.940	0.000	0.000	0.000	0.000	-0.319	3	1	NCKN_NAP
279.770	35.810	0.000	0.000	0.000	0.000	-0.051	3	1	NCLE_NAP
281.190	35.420	0.000	0.000	0.000	0.000	0.291	3	1	NCLI_NAP
280.920	34.630	0.000	0.000	0.000	0.000	-0.261	3	1	NCLU_NAP
277.310	35.810	0.000	0.000	0.000	0.000	-0.085	3	1	NCMA_NAP
278.340	35.710	0.000	0.000	0.000	0.000	0.031	3	1	NCMG_NAP
279.200	35.580	0.000	0.000	0.000	0.000	-0.137	3	1	NCMO_NAP
279.480	34.980	0.000	0.000	0.000	0.000	0.651	3	1	NCMR_NAP
276.030	35.070	0.000	0.000	0.000	0.000	-0.440	3	1	NCMU_NAP
281.980	35.970	0.000	0.000	0.000	0.000	-0.051	3	1	NCNA_NAP
278.870	36.170	0.000	0.000	0.000	0.000	-0.376	3	1	NCNW_NAP
284.520	35.680	0.000	0.000	0.000	0.000	0.202	3	1	NCPI_NAP
279.820	34.990	0.000	0.000	0.000	0.000	0.545	3	1	NCPO_NAP
281.420	35.760	0.000	0.000	0.000	0.000	0.217	3	1	NCRD_NAP
280.240	35.630	0.000	0.000	0.000	0.000	-0.158	3	1	NCS3_NAP
281.660	35.560	0.000	0.000	0.000	0.000	-0.037	3	1	NCSF_NAP
278.510	35.280	0.000	0.000	0.000	0.000	0.287	3	1	NCSH_NAP
281.610	33.980	0.000	0.000	0.000	0.000	-0.581	3	1	NCSL_NAP
278.080	35.370	0.000	0.000	0.000	0.000	-0.327	3	1	NCSP_NAP
283.670	35.390	0.000	0.000	0.000	0.000	-0.089	3	1	NCSQ_NAP
278.890	36.500	0.000	0.000	0.000	0.000	-0.179	3	1	NCSR_NAP
279.150	35.860	0.000	0.000	0.000	0.000	-0.093	3	1	NCST_NAP
277.580	35.600	0.000	0.000	0.000	0.000	-0.290	3	1	NCSW_NAP
276.790	35.350	0.000	0.000	0.000	0.000	0.188	3	1	NCSY_NAP
282.430	35.880	0.000	0.000	0.000	0.000	-0.165	3	1	NCTA_NAP
280.130	35.370	0.000	0.000	0.000	0.000	-0.128	3	1	NCTR_NAP
282.940	35.560	0.000	0.000	0.000	0.000	0.278	3	1	NCWA_NAP
279.820	36.370	0.000	0.000	0.000	0.000	0.213	3	1	NCWC_NAP
281.280	34.280	0.000	0.000	0.000	0.000	0.079	3	1	NCWH_NAP
282.970	35.830	0.000	0.000	0.000	0.000	-0.164	3	1	NCWI_NAP
278.520	36.390	0.000	0.000	0.000	0.000	-0.088	3	1	NCWJ_NAP
282.070	35.710	0.000	0.000	0.000	0.000	0.732	3	1	NCWL_NAP
279.770	36.070	0.000	0.000	0.000	0.000	0.061	3	1	NCWS_NAP
270.390	30.360	0.000	0.000	0.000	0.000	-0.160	3	1	NDBC_NAP
258.670	48.420	0.000	0.000	0.000	0.000	0.165	3	1	NDMB_NAP
264.400	37.300	0.000	0.000	0.000	0.000	0.387	3	1	NDS1_NAP
264.360	37.380	0.000	0.000	0.000	0.000	0.211	3	1	NDSK_NAP
263.390	46.270	0.000	0.000	0.000	0.000	-0.581	3	1	NDWN_NAP
260.090	40.310	0.000	0.000	0.000	0.000	0.226	3	1	NEAP_NAP
260.370	41.400	0.000	0.000	0.000	0.000	0.455	3	1	NEBB_NAP
263.300	40.770	0.000	0.000	0.000	0.000	-0.159	3	1	NEDR_NAP
262.830	40.150	0.000	0.000	0.000	0.000	-0.249	3	1	NEFR_NAP
261.670	40.920	0.000	0.000	0.000	0.000	0.606	3	1	NEGI_NAP
260.640	40.440	0.000	0.000	0.000	0.000	-0.279	3	1	NEHO_NAP
263.540	41.940	0.000	0.000	0.000	0.000	0.043	3	1	NELY_NAP
259.420	40.200	0.000	0.000	0.000	0.000	0.054	3	1	NEMC_NAP
269.940	44.180	0.000	0.000	0.000	0.000	0.288	3	1	NEMI_NAP
262.590	42.040	0.000	0.000	0.000	0.000	0.090	3	1	NENF_NAP
263.920	41.220	0.000	0.000	0.000	0.000	0.339	3	1	NEOM_NAP
261.080	41.600	0.000	0.000	0.000	0.000	-0.263	3	1	NEOR_NAP
261.480	40.080	0.000	0.000	0.000	0.000	0.074	3	1	NERC_NAP
256.340	41.830	0.000	0.000	0.000	0.000	-0.192	3	1	NESC_NAP
262.410	40.840	0.000	0.000	0.000	0.000	0.136	3	1	NEYK_NAP
288.480	43.210	0.000	0.000	0.000	0.000	0.027	3	1	NHCO_NAP
289.050	43.140	0.000	0.000	0.000	0.000	0.377	3	1	NHUN_NAP
284.790	39.420	0.000	0.000	0.000	0.000	-0.062	3	1	NJBR_NAP
285.200	39.100	0.000	0.000	0.000	0.000	-0.228	3	1	NJCM_NAP
285.530	40.380	0.000	0.000	0.000	0.000	0.607	3	1	NJDY_NAP
284.880	39.780	0.000	0.000	0.000	0.000	0.102	3	1	NJGC_NAP
285.470	39.470	0.000	0.000	0.000	0.000	-0.084	3	1	NJGT_NAP
285.100	40.500	0.000	0.000	0.000	0.000	-0.955	3	1	NJHC_NAP
285.520	40.800	0.000	0.000	0.000	0.000	0.316	3	1	NJMT_NAP
285.530	40.300	0.000	0.000	0.000	0.000	0.568	3	1	NJMU_NAP
285.960	40.210	0.000	0.000	0.000	0.000	-0.449	3	1	NJNT_NAP
285.810	39.950	0.000	0.000	0.000	0.000	0.103	3	1	NJOC_NAP
285.250	41.060	0.000	0.000	0.000	0.000	-0.431	3	1	NJSC_NAP
285.530	40.540	0.000	0.000	0.000	0.000	0.131	3	1	NJTP_NAP
285.200	40.260	0.000	0.000	0.000	0.000	0.418	3	1	NJTR_NAP
285.050	39.940	0.000	0.000	0.000	0.000	-0.219	3	1	NJTW_NAP
284.920	40.800	0.000	0.000	0.000	0.000	0.184	3	1	NJWC_NAP
262.200	42.210	0.000	0.000	0.000	0.000	0.411	3	1	NLGN_NAP
268.430	41.770	0.000	0.000	0.000	0.000	-0.029	3	1	NLIB_NAP
270.600	36.450	0.000	0.000	0.000	0.000	-0.240	3	1	NMKM_NAP
255.410	33.390	0.000	0.000	0.000	0.000	-0.259	3	1	NMRO_NAP
269.880	29.930	0.000	0.000	0.000	0.000	-0.123	3	1	NOLA_NAP
274.560	44.260	0.000	0.000	0.000	0.000	-0.022	3	1	NOR1_NAP
275.320	44.990	0.000	0.000	0.000	0.000	-0.205	3	1	NOR2_NAP
276.430	45.070	0.000	0.000	0.000	0.000	0.381	3	1	NOR3_NAP
288.670	41.510	0.000	0.000	0.000	0.000	0.044	3	1	NPRI_NAP
284.380	45.450	0.000	0.000	0.000	0.000	0.065	3	1	NRC1_NAP
270.540	36.420	0.000	0.000	0.000	0.000	0.101	3	1	NWCC_NAP
286.180	42.710	0.000	0.000	0.000	0.000	0.200	3	1	NYAB_NAP
284.170	42.110	0.000	0.000	0.000	0.000	0.063	3	1	NYBH_NAP
281.880	42.990	0.000	0.000	0.000	0.000	-0.172	3	1	NYBT_NAP
286.800	40.760	0.000	0.000	0.000	0.000	-0.227	3	1	NYCI_NAP
283.790	42.580	0.000	0.000	0.000	0.000	-0.040	3	1	NYCL_NAP
282.860	42.190	0.000	0.000	0.000	0.000	0.053	3	1	NYCP_NAP
285.510	42.670	0.000	0.000	0.000	0.000	0.091	3	1	NYCS_NAP
282.300	42.550	0.000	0.000	0.000	0.000	-0.404	3	1	NYDV_NAP
286.460	44.210	0.000	0.000	0.000	0.000	-0.100	3	1	NYET_NAP
280.660	42.430	0.000	0.000	0.000	0.000	0.218	3	1	NYFD_NAP
281.860	42.200	0.000	0.000	0.000	0.000	-0.432	3	1	NYFS_NAP
285.650	42.940	0.000	0.000	0.000	0.000	-0.213	3	1	NYFV_NAP
281.150	42.720	0.000	0.000	0.000	0.000	-0.298	3	1	NYHB_NAP
284.710	41.960	0.000	0.000	0.000	0.000	-0.444	3	1	NYHC_NAP
286.430	43.320	0.000	0.000	0.000	0.000	0.025	3	1	NYHF_NAP
284.550	44.310	0.000	0.000	0.000	0.000	-0.023	3	1	NYHL_NAP
285.000	43.020	0.000	0.000	0.000	0.000	0.025	3	1	NYHM_NAP
286.240	42.250	0.000	0.000	0.000	0.000	-0.098	3	1	NYHS_NAP
285.720	43.780	0.000	0.000	0.000	0.000	-0.211	3	1	NYIL_NAP
285.970	41.940	0.000	0.000	0.000	0.000	-0.016	3	1	NYKT_NAP
286.350	41.480	0.000	0.000	0.000	0.000	0.171	3	1	NYLC_NAP
281.250	43.170	0.000	0.000	0.000	0.000	0.306	3	1	NYLP_NAP
284.510	43.800	0.000	0.000	0.000	0.000	0.517	3	1	NYLV_NAP
282.390	43.110	0.000	0.000	0.000	0.000	0.117	3	1	NYMC_NAP
285.560	41.410	0.000	0.000	0.000	0.000	-0.099	3	1	NYMD_NAP
285.710	44.870	0.000	0.000	0.000	0.000	0.130	3	1	NYML_NAP
283.770	43.470	0.000	0.000	0.000	0.000	-0.111	3	1	NYMX_NAP
285.970	41.500	0.000	0.000	0.000	0.000	-0.444	3	1	NYNB_NAP
285.920	41.740	0.000	0.000	0.000	0.000	0.020	3	1	NYNP_NAP
283.860	43.120	0.000	0.000	0.000	0.000	-0.193	3	1	NYNS_NAP
284.890	42.440	0.000	0.000	0.000	0.000	-0.264	3	1	NYON_NAP
286.550	44.680	0.000	0.000	0.000	0.000	0.043	3	1	NYPB_NAP
284.960	44.650	0.000	0.000	0.000	0.000	0.042	3	1	NYPD_NAP
282.470	43.090	0.000	0.000	0.000	0.000	-0.126	3	1	NYPF_NAP
286.270	40.720	0.000	0.000	0.000	0.000	0.031	3	1	NYQN_NAP
285.920	44.300	0.000	0.000	0.000	0.000	0.220	3	1	NYRB_NAP
287.290	40.920	0.000	0.000	0.000	0.000	0.348	3	1	NYRH_NAP
284.510	43.180	0.000	0.000	0.000	0.000	-0.098	3	1	NYRM_NAP
284.490	42.680	0.000	0.000	0.000	0.000	-0.470	3	1	NYSB_NAP
281.250	42.190	0.000	0.000	0.000	0.000	-0.094	3	1	NYSM_NAP
286.200	43.060	0.000	0.000	0.000	0.000	0.183	3	1	NYST_NAP
286.180	41.080	0.000	0.000	0.000	0.000	-0.488	3	1	NYVH_NAP
283.120	42.350	0.000	0.000	0.000	0.000	-0.055	3	1	NYWG_NAP
283.150	42.900	0.000	0.000	0.000	0.000	-0.146	3	1	NYWL_NAP
284.080	44.030	0.000	0.000	0.000	0.000	0.290	3	1	NYWT_NAP
283.480	42.010	0.000	0.000	0.000	0.000	0.017	3	1	NYWV_NAP
267.340	30.820	0.000	0.000	0.000	0.000	-0.118	3	1	OAKH_NAP
257.680	31.870	0.000	0.000	0.000	0.000	0.183	3	1	ODS5_NAP
276.440	38.790	0.000	0.000	0.000	0.000	-0.042	3	1	OHAD_NAP
275.890	40.770	0.000	0.000	0.000	0.000	0.253	3	1	OHAL_NAP
279.450	41.930	0.000	0.000	0.000	0.000	-0.075	3	1	OHAS_NAP
277.870	39.330	0.000	0.000	0.000	0.000	0.295	3	1	OHAT_NAP
278.360	41.540	0.000	0.000	0.000	0.000	-0.094	3	1	OHCD_NAP
276.160	39.940	0.000	0.000	0.000	0.000	0.045	3	1	OHCL_NAP
278.160	40.300	0.000	0.000	0.000	0.000	-0.082	3	1	OHCO_NAP
275.390	40.100	0.000	0.000	0.000	0.000	0.399	3	1	OHDR_NAP
275.820	39.760	0.000	0.000	0.000	0.000	-0.030	3	1	OHDT_NAP
276.520	39.530	0.000	0.000	0.000	0.000	-0.257	3	1	OHFA_NAP
275.870	41.560	0.000	0.000	0.000	0.000	-0.124	3	1	OHFN_NAP
276.320	41.040	0.000	0.000	0.000	0.000	-0.145	3	1	OHHA_NAP
276.400	39.200	0.000	0.000	0.000	0.000	-0.309	3	1	OHHI_NAP
277.560	39.540	0.000	0.000	0.000	0.000	-0.818	3	1	OHHO_NAP
277.440	41.180	0.000	0.000	0.000	0.000	0.005	3	1	OHHU_NAP
279.270	40.370	0.000	0.000	0.000	0.000	0.217	3	1	OHJE_NAP
278.710	41.730	0.000	0.000	0.000	0.000	-0.287	3	1	OHLA_NAP
277.590	39.950	0.000	0.000	0.000	0.000	-0.014	3	1	OHLI_NAP
277.770	41.290	0.000	0.000	0.000	0.000	-0.138	3	1	OHLO_NAP
276.470	41.720	0.000	0.000	0.000	0.000	0.067	3	1	OHLU_NAP
276.520	39.870	0.000	0.000	0.000	0.000	0.205	3	1	OHMD_NAP
277.270	41.540	0.000	0.000	0.000	0.000	-0.273	3	1	OHMH_NAP
279.230	41.020	0.000	0.000	0.000	0.000	0.204	3	1	OHMN_NAP
278.900	39.780	0.000	0.000	0.000	0.000	-0.080	3	1	OHMO_NAP
275.370	40.550	0.000	0.000	0.000	0.000	-0.147	3	1	OHMR_NAP
278.760	41.110	0.000	0.000	0.000	0.000	0.252	3	1	OHPO_NAP
275.430	39.740	0.000	0.000	0.000	0.000	0.117	3	1	OHPR_NAP
277.440	40.770	0.000	0.000	0.000	0.000	-0.117	3	1	OHRI_NAP
276.980	39.370	0.000	0.000	0.000	0.000	-0.152	3	1	OHRO_NAP
277.170	41.640	0.000	0.000	0.000	0.000	0.006	3	1	OHSB_NAP
278.590	40.460	0.000	0.000	0.000	0.000	-0.319	3	1	OHTU_NAP
276.640	40.230	0.000	0.000	0.000	0.000	0.651	3	1	OHUN_NAP
275.380	40.860	0.000	0.000	0.000	0.000	-0.596	3	1	OHVW_NAP
278.580	39.430	0.000	0.000	0.000	0.000	-0.411	3	1	OHWA_NAP
275.440	41.580	0.000	0.000	0.000	0.000	-0.527	3	1	OHWI_NAP
263.260	34.800	0.000	0.000	0.000	0.000	-0.023	3	1	OKAD_NAP
260.670	34.630	0.000	0.000	0.000	0.000	-0.284	3	1	OKAL_NAP
264.380	34.200	0.000	0.000	0.000	0.000	-0.013	3	1	OKAN_NAP
261.750	35.080	0.000	0.000	0.000	0.000	0.169	3	1	OKAO_NAP
262.830	34.170	0.000	0.000	0.000	0.000	-0.376	3	1	OKAR_NAP
260.360	36.830	0.000	0.000	0.000	0.000	0.511	3	1	OKBF_NAP
279.140	27.270	0.000	0.000	0.000	0.000	-0.072	3	1	OKCB_NAP
261.030	35.480	0.000	0.000	0.000	0.000	-0.108	3	1	OKCL_NAP
262.030	34.480	0.000	0.000	0.000	0.000	-0.838	3	1	OKDN_NAP
262.490	35.490	0.000	0.000	0.000	0.000	0.267	3	1	OKDT_NAP
277.410	42.910	0.000	0.000	0.000	0.000	-0.678	3	1	OKEE_NAP
265.380	34.910	0.000	0.000	0.000	0.000	0.170	3	1	OKHV_NAP
261.590	34.570	0.000	0.000	0.000	0.000	0.216	3	1	OKLW_NAP
264.260	34.930	0.000	0.000	0.000	0.000	-0.231	3	1	OKMA_NAP
264.600	35.720	0.000	0.000	0.000	0.000	0.040	3	1	OKMU_NAP
271.140	34.090	0.000	0.000	0.000	0.000	-0.189	3	1	OKOM_NAP
262.680	36.280	0.000	0.000	0.000	0.000	-0.201	3	1	OKPR_NAP
260.360	35.310	0.000	0.000	0.000	0.000	-0.035	3	1	OKSY_NAP
263.100	35.260	0.000	0.000	0.000	0.000	-0.040	3	1	OKTE_NAP
264.150	36.210	0.000	0.000	0.000	0.000	-0.318	3	1	OKTU_NAP
264.090	41.780	0.000	0.000	0.000	0.000	-0.255	3	1	OMH1_NAP
278.890	29.300	0.000	0.000	0.000	0.000	-0.118	3	1	ORMD_NAP
268.770	44.540	0.000	0.000	0.000	0.000	-0.186	3	1	OSEO_NAP
283.490	43.460	0.000	0.000	0.000	0.000	-0.116	3	1	OSPA_NAP
256.590	34.150	0.000	0.000	0.000	0.000	0.017	3	1	P038_NAP
256.850	36.450	0.000	0.000	0.000	0.000	0.368	3	1	P039_NAP
257.310	38.070	0.000	0.000	0.000	0.000	0.074	3	1	P040_NAP
255.090	42.050	0.000	0.000	0.000	0.000	-0.119	3	1	P042_NAP
255.810	43.880	0.000	0.000	0.000	0.000	0.008	3	1	P043_NAP
256.780	40.170	0.000	0.000	0.000	0.000	-0.433	3	1	P044_NAP
255.560	45.850	0.000	0.000	0.000	0.000	-0.316	3	1	P054_NAP
255.310	47.120	0.000	0.000	0.000	0.000	0.435	3	1	P055_NAP
255.300	36.040	0.000	0.000	0.000	0.000	-0.050	3	1	P070_NAP
288.620	43.540	0.000	0.000	0.000	0.000	-0.304	3	1	P776_NAP
267.450	35.700	0.000	0.000	0.000	0.000	0.017	3	1	P777_NAP
259.380	46.560	0.000	0.000	0.000	0.000	-0.116	3	1	P802_NAP
269.320	46.330	0.000	0.000	0.000	0.000	0.090	3	1	P803_NAP
280.040	40.440	0.000	0.000	0.000	0.000	0.046	3	1	PAAP_NAP
280.050	40.880	0.000	0.000	0.000	0.000	0.088	3	1	PABB_NAP
283.550	41.780	0.000	0.000	0.000	0.000	-0.225	3	1	PABT_NAP
280.570	41.240	0.000	0.000	0.000	0.000	-0.218	3	1	PACS_NAP
282.330	39.950	0.000	0.000	0.000	0.000	0.617	3	1	PAFC_NAP
282.020	39.960	0.000	0.000	0.000	0.000	-0.160	3	1	PAFM_NAP
280.300	39.930	0.000	0.000	0.000	0.000	-0.165	3	1	PAFU_NAP
279.840	39.900	0.000	0.000	0.000	0.000	-0.426	3	1	PAGW_NAP
280.810	40.610	0.000	0.000	0.000	0.000	0.150	3	1	PAII_NAP
279.760	41.230	0.000	0.000	0.000	0.000	0.017	3	1	PAMM_NAP
284.750	41.000	0.000	0.000	0.000	0.000	-0.116	3	1	PAMS_NAP
281.980	41.760	0.000	0.000	0.000	0.000	0.127	3	1	PAPC_NAP
284.820	40.010	0.000	0.000	0.000	0.000	-0.886	3	1	PAPH_NAP
280.040	40.440	0.000	0.000	0.000	0.000	-0.116	3	1	PAPT_NAP
271.410	42.870	0.000	0.000	0.000	0.000	-0.244	3	1	PAR0_NAP
284.940	40.200	0.000	0.000	0.000	0.000	-0.172	3	1	PARL_NAP
279.960	45.340	0.000	0.000	0.000	0.000	-0.322	3	1	PARY_NAP
283.840	40.640	0.000	0.000	0.000	0.000	-0.211	3	1	PASS_NAP
264.280	31.780	0.000	0.000	0.000	0.000	0.017	3	1	PATT_NAP
280.490	40.310	0.000	0.000	0.000	0.000	-0.232	3	1	PAWG_NAP
279.780	26.850	0.000	0.000	0.000	0.000	0.146	3	1	PBCH_NAP
275.640	46.060	0.000	0.000	0.000	0.000	0.175	3	1	PCK1_NAP
272.810	30.470	0.000	0.000	0.000	0.000	-0.081	3	1	PCLA_NAP
269.150	45.270	0.000	0.000	0.000	0.000	-0.383	3	1	PENG_NAP
261.810	26.210	0.000	0.000	0.000	0.000	-0.398	3	1	PHAR_NAP
270.920	46.060	0.000	0.000	0.000	0.000	-0.667	3	1	PHPS_NAP
286.150	45.500	0.000	0.000	0.000	0.000	-0.063	3	1	PIER_NAP
269.820	36.370	0.000	0.000	0.000	0.000	0.430	3	1	PIGT_NAP
280.300	40.550	0.000	0.000	0.000	0.000	-0.476	3	1	PIT1_NAP
280.820	35.720	0.000	0.000	0.000	0.000	0.312	3	1	PITT_NAP
276.980	39.050	0.000	0.000	0.000	0.000	-0.072	3	1	PKTN_NAP
269.960	43.280	0.000	0.000	0.000	0.000	0.096	3	1	PLIN_NAP
255.270	40.180	0.000	0.000	0.000	0.000	-0.275	3	1	PLTC_NAP
278.310	29.660	0.000	0.000	0.000	0.000	-0.016	3	1	PLTK_NAP
286.480	45.560	0.000	0.000	0.000	0.000	0.137	3	1	PMTL_NAP
291.230	44.450	0.000	0.000	0.000	0.000	-0.014	3	1	PNB1_NAP
274.320	30.200	0.000	0.000	0.000	0.000	0.246	3	1	PNCY_NAP
265.280	46.860	0.000	0.000	0.000	0.000	-0.401	3	1	PNR1_NAP
270.540	43.570	0.000	0.000	0.000	0.000	-0.063	3	1	POGE_NAP
291.530	48.520	0.000	0.000	0.000	0.000	0.388	3	1	PPER_NAP
262.480	34.980	0.000	0.000	0.000	0.000	-0.451	3	1	PRCO_NAP
273.090	40.430	0.000	0.000	0.000	0.000	0.492	3	1	PRDU_NAP
270.860	43.860	0.000	0.000	0.000	0.000	-0.081	3	1	PRON_NAP
276.430	30.080	0.000	0.000	0.000	0.000	-0.243	3	1	PRRY_NAP
285.750	44.430	0.000	0.000	0.000	0.000	0.047	3	1	PSC1_NAP
275.830	35.950	0.000	0.000	0.000	0.000	0.029	3	1	PSCC_NAP
282.150	40.810	0.000	0.000	0.000	0.000	0.073	3	1	PSU1_NAP
270.300	36.410	0.000	0.000	0.000	0.000	-0.100	3	1	PTGV_NAP
275.370	46.480	0.000	0.000	0.000	0.000	0.028	3	1	PTIR_NAP
255.650	38.290	0.000	0.000	0.000	0.000	0.022	3	1	PUB1_NAP
280.780	43.240	0.000	0.000	0.000	0.000	0.198	3	1	PWEL_NAP
281.360	35.790	0.000	0.000	0.000	0.000	0.385	3	1	RALR_NAP
271.880	43.040	0.000	0.000	0.000	0.000	0.065	3	1	RASN_NAP
284.430	39.560	0.000	0.000	0.000	0.000	-0.188	3	1	RED1_NAP
255.010	32.730	0.000	0.000	0.000	0.000	0.057	3	1	RG08_NAP
255.030	36.460	0.000	0.000	0.000	0.000	0.193	3	1	RG12_NAP
255.790	36.490	0.000	0.000	0.000	0.000	-0.101	3	1	RG13_NAP
255.030	37.960	0.000	0.000	0.000	0.000	0.672	3	1	RG24_NAP
270.560	45.630	0.000	0.000	0.000	0.000	0.106	3	1	RHER_NAP
282.570	37.540	0.000	0.000	0.000	0.000	0.399	3	1	RIC1_NAP
269.620	43.370	0.000	0.000	0.000	0.000	0.286	3	1	RICE_NAP
269.830	45.320	0.000	0.000	0.000	0.000	0.265	3	1	RILA_NAP
291.480	48.440	0.000	0.000	0.000	0.000	0.764	3	1	RIMO_NAP
269.770	42.010	0.000	0.000	0.000	0.000	0.045	3	1	RIS1_NAP
269.770	42.010	0.000	0.000	0.000	0.000	0.372	3	1	RIS5_NAP
270.650	36.470	0.000	0.000	0.000	0.000	-0.398	3	1	RLAP_NAP
279.620	25.610	0.000	0.000	0.000	0.000	-0.147	3	1	RMND_NAP
264.470	30.070	0.000	0.000	0.000	0.000	0.226	3	1	ROD1_NAP
272.480	48.830	0.000	0.000	0.000	0.000	-0.646	3	1	ROSS_NAP
280.970	48.240	0.000	0.000	0.000	0.000	0.013	3	1	ROUY_NAP
270.940	42.350	0.000	0.000	0.000	0.000	-0.356	3	1	RRW1_NAP
286.420	41.040	0.000	0.000	0.000	0.000	-0.091	3	1	RVDI_NAP
259.350	40.090	0.000	0.000	0.000	0.000	0.558	3	1	RWDN_NAP
287.970	44.540	0.000	0.000	0.000	0.000	-0.055	3	1	SA03_NAP
279.840	25.730	0.000	0.000	0.000	0.000	-0.020	3	1	SA20_NAP
286.060	45.410	0.000	0.000	0.000	0.000	-0.789	3	1	SA29_NAP
267.540	42.510	0.000	0.000	0.000	0.000	-0.171	3	1	SA30_NAP
276.160	43.630	0.000	0.000	0.000	0.000	-0.321	3	1	SAG1_NAP
265.180	35.370	0.000	0.000	0.000	0.000	-0.256	3	1	SAL1_NAP
278.300	32.140	0.000	0.000	0.000	0.000	0.213	3	1	SAV1_NAP
270.020	38.510	0.000	0.000	0.000	0.000	0.079	3	1	SCCB_NAP
280.060	32.780	0.000	0.000	0.000	0.000	-0.250	3	1	SCCC_NAP
277.770	34.940	0.000	0.000	0.000	0.000	-0.129	3	1	SCGP_NAP
281.260	33.940	0.000	0.000	0.000	0.000	0.687	3	1	SCHY_NAP
278.920	32.290	0.000	0.000	0.000	0.000	-0.080	3	1	SCJR_NAP
279.660	33.920	0.000	0.000	0.000	0.000	-0.208	3	1	SCSR_NAP
278.350	34.770	0.000	0.000	0.000	0.000	0.212	3	1	SCUN_NAP
279.330	32.900	0.000	0.000	0.000	0.000	-0.282	3	1	SCWT_NAP
278.760	34.990	0.000	0.000	0.000	0.000	-0.211	3	1	SCYC_NAP
256.390	43.770	0.000	0.000	0.000	0.000	0.076	3	1	SDCU_NAP
256.770	44.080	0.000	0.000	0.000	0.000	-0.110	3	1	SDRC_NAP
263.380	43.730	0.000	0.000	0.000	0.000	0.168	3	1	SDSF_NAP
269.020	43.260	0.000	0.000	0.000	0.000	0.056	3	1	SECA_NAP
263.270	43.570	0.000	0.000	0.000	0.000	0.035	3	1	SFSD_NAP
262.910	47.920	0.000	0.000	0.000	0.000	-0.090	3	1	SG00_NAP
262.520	36.600	0.000	0.000	0.000	0.000	0.002	3	1	SG01_NAP
276.990	40.000	0.000	0.000	0.000	0.000	-0.146	3	1	SG03_NAP
262.730	37.130	0.000	0.000	0.000	0.000	0.073	3	1	SG04_NAP
279.380	28.070	0.000	0.000	0.000	0.000	-0.136	3	1	SG05_NAP
286.880	40.910	0.000	0.000	0.000	0.000	-0.359	3	1	SG06_NAP
291.330	44.900	0.000	0.000	0.000	0.000	-0.044	3	1	SG07_NAP
263.570	36.840	0.000	0.000	0.000	0.000	-0.106	3	1	SG08_NAP
261.720	36.430	0.000	0.000	0.000	0.000	-0.041	3	1	SG09_NAP
261.710	36.880	0.000	0.000	0.000	0.000	0.170	3	1	SG10_NAP
260.690	37.330	0.000	0.000	0.000	0.000	0.017	3	1	SG11_NAP
260.680	38.200	0.000	0.000	0.000	0.000	-0.010	3	1	SG12_NAP
262.480	38.110	0.000	0.000	0.000	0.000	0.425	3	1	SG13_NAP
262.980	37.840	0.000	0.000	0.000	0.000	0.151	3	1	SG14_NAP
264.410	38.200	0.000	0.000	0.000	0.000	-0.121	3	1	SG15_NAP
263.820	37.380	0.000	0.000	0.000	0.000	0.033	3	1	SG16_NAP
261.800	34.880	0.000	0.000	0.000	0.000	0.166	3	1	SG18_NAP
261.020	35.360	0.000	0.000	0.000	0.000	0.009	3	1	SG19_NAP
261.980	35.560	0.000	0.000	0.000	0.000	0.048	3	1	SG20_NAP
273.050	40.440	0.000	0.000	0.000	0.000	-0.137	3	1	SG23_NAP
274.110	42.970	0.000	0.000	0.000	0.000	0.184	3	1	SG25_NAP
263.640	30.600	0.000	0.000	0.000	0.000	-0.429	3	1	SG32_NAP
263.260	35.270	0.000	0.000	0.000	0.000	-0.008	3	1	SG34_NAP
262.530	35.240	0.000	0.000	0.000	0.000	-0.030	3	1	SG72_NAP
261.850	29.720	0.000	0.000	0.000	0.000	0.267	3	1	SGI1_NAP
272.270	43.750	0.000	0.000	0.000	0.000	-0.539	3	1	SHAN_NAP
295.450	46.220	0.000	0.000	0.000	0.000	0.016	3	1	SHE2_NAP
294.700	43.770	0.000	0.000	0.000	0.000	0.091	3	1	SHEL_NAP
288.100	45.400	0.000	0.000	0.000	0.000	0.309	3	1	SHER_NAP
285.990	40.470	0.000	0.000	0.000	0.000	0.727	3	1	SHK1_NAP
271.460	44.760	0.000	0.000	0.000	0.000	0.406	3	1	SHNO_NAP
271.430	44.450	0.000	0.000	0.000	0.000	-0.269	3	1	SHON_NAP
269.860	42.580	0.000	0.000	0.000	0.000	-0.011	3	1	SHRG_NAP
266.300	32.430	0.000	0.000	0.000	0.000	-0.488	3	1	SHRV_NAP
272.890	45.190	0.000	0.000	0.000	0.000	0.037	3	1	SIBA_NAP
276.760	42.170	0.000	0.000	0.000	0.000	-0.017	3	1	SIBY_NAP
269.000	38.460	0.000	0.000	0.000	0.000	0.409	3	1	SICE_NAP
275.830	40.310	0.000	0.000	0.000	0.000	-0.023	3	1	SIDN_NAP
268.340	31.840	0.000	0.000	0.000	0.000	0.082	3	1	SIHS_NAP
272.020	42.870	0.000	0.000	0.000	0.000	-0.091	3	1	SIW2_NAP
272.020	42.870	0.000	0.000	0.000	0.000	-0.098	3	1	SIWI_NAP
268.890	30.400	0.000	0.000	0.000	0.000	0.457	3	1	SJB1_NAP
293.940	45.260	0.000	0.000	0.000	0.000	0.017	3	1	SJPA_NAP
266.300	41.900	0.000	0.000	0.000	0.000	-0.396	3	1	SLAI_NAP
280.840	35.470	0.000	0.000	0.000	0.000	-0.202	3	1	SNFD_NAP
268.460	45.850	0.000	0.000	0.000	0.000	-0.003	3	1	SNLK_NAP
283.550	38.320	0.000	0.000	0.000	0.000	0.060	3	1	SOL1_NAP
274.470	42.230	0.000	0.000	0.000	0.000	0.248	3	1	SOWR_NAP
272.690	44.800	0.000	0.000	0.000	0.000	-0.192	3	1	STB1_NAP
272.690	44.800	0.000	0.000	0.000	0.000	-0.313	3	1	STB6_NAP
272.600	44.810	0.000	0.000	0.000	0.000	-0.074	3	1	STBA_NAP
267.420	45.400	0.000	0.000	0.000	0.000	-0.076	3	1	STCF_NAP
277.890	39.330	0.000	0.000	0.000	0.000	-0.372	3	1	STKR_NAP
269.700	45.070	0.000	0.000	0.000	0.000	-0.384	3	1	STL0_NAP
270.240	38.610	0.000	0.000	0.000	0.000	0.067	3	1	STL3_NAP
270.240	38.610	0.000	0.000	0.000	0.000	-0.096	3	1	STL4_NAP
270.140	36.090	0.000	0.000	0.000	0.000	0.054	3	1	STLE_NAP
269.790	38.590	0.000	0.000	0.000	0.000	-0.093	3	1	STLU_NAP
268.100	44.300	0.000	0.000	0.000	0.000	0.013	3	1	STP1_NAP
268.100	44.300	0.000	0.000	0.000	0.000	0.061	3	1	STP6_NAP
270.460	44.550	0.000	0.000	0.000	0.000	0.080	3	1	STPT_NAP
257.490	34.830	0.000	0.000	0.000	0.000	0.118	3	1	SUM1_NAP
257.490	34.830	0.000	0.000	0.000	0.000	0.188	3	1	SUM6_NAP
271.670	45.000	0.000	0.000	0.000	0.000	0.176	3	1	SUNG_NAP
271.560	46.750	0.000	0.000	0.000	0.000	-0.155	3	1	SUP1_NAP
272.930	45.750	0.000	0.000	0.000	0.000	-0.237	3	1	SUP2_NAP
274.490	46.300	0.000	0.000	0.000	0.000	0.368	3	1	SUP3_NAP
267.900	46.680	0.000	0.000	0.000	0.000	-0.291	3	1	SUWI_NAP
283.910	43.120	0.000	0.000	0.000	0.000	0.040	3	1	SYCN_NAP
275.640	30.400	0.000	0.000	0.000	0.000	-0.143	3	1	TALH_NAP
268.820	32.400	0.000	0.000	0.000	0.000	-0.264	3	1	TALL_NAP
262.140	22.280	0.000	0.000	0.000	0.000	0.083	3	1	TAMP_NAP
282.620	26.740	0.000	0.000	0.000	0.000	0.028	3	1	TCA0_NAP
256.390	35.090	0.000	0.000	0.000	0.000	-0.499	3	1	TCUN_NAP
267.920	30.530	0.000	0.000	0.000	0.000	0.100	3	1	THHR_NAP
276.850	41.070	0.000	0.000	0.000	0.000	-0.128	3	1	TIFF_NAP
270.960	44.740	0.000	0.000	0.000	0.000	-0.006	3	1	TIGR_NAP
276.520	41.610	0.000	0.000	0.000	0.000	-0.134	3	1	TLDO_NAP
272.050	42.380	0.000	0.000	0.000	0.000	0.231	3	1	TM04_NAP
271.040	42.270	0.000	0.000	0.000	0.000	0.054	3	1	TM07_NAP
271.230	41.910	0.000	0.000	0.000	0.000	0.051	3	1	TM11_NAP
270.530	41.820	0.000	0.000	0.000	0.000	-0.136	3	1	TM12_NAP
277.610	36.360	0.000	0.000	0.000	0.000	-0.078	3	1	TN11_NAP
276.710	36.250	0.000	0.000	0.000	0.000	-0.084	3	1	TN12_NAP
276.790	35.940	0.000	0.000	0.000	0.000	-0.128	3	1	TN13_NAP
275.930	36.410	0.000	0.000	0.000	0.000	0.286	3	1	TN14_NAP
276.230	36.000	0.000	0.000	0.000	0.000	-0.148	3	1	TN15_NAP
275.400	35.900	0.000	0.000	0.000	0.000	-0.040	3	1	TN16_NAP
276.000	35.810	0.000	0.000	0.000	0.000	-0.358	3	1	TN17_NAP
277.820	36.370	0.000	0.000	0.000	0.000	0.065	3	1	TN18_NAP
274.790	35.060	0.000	0.000	0.000	0.000	-0.160	3	1	TN21_NAP
274.620	35.390	0.000	0.000	0.000	0.000	-0.185	3	1	TN22_NAP
275.000	35.920	0.000	0.000	0.000	0.000	-0.139	3	1	TN23_NAP
274.500	36.130	0.000	0.000	0.000	0.000	0.211	3	1	TN24_NAP
273.810	35.370	0.000	0.000	0.000	0.000	0.122	3	1	TN25_NAP
275.370	35.440	0.000	0.000	0.000	0.000	-0.034	3	1	TN26_NAP
274.680	36.400	0.000	0.000	0.000	0.000	-0.192	3	1	TN27_NAP
274.250	35.700	0.000	0.000	0.000	0.000	-0.004	3	1	TN28_NAP
273.130	36.170	0.000	0.000	0.000	0.000	-0.225	3	1	TN31_NAP
273.590	36.400	0.000	0.000	0.000	0.000	0.240	3	1	TN32_NAP
272.680	36.560	0.000	0.000	0.000	0.000	0.318	3	1	TN33_NAP
273.290	35.430	0.000	0.000	0.000	0.000	-0.153	3	1	TN34_NAP
272.380	36.100	0.000	0.000	0.000	0.000	-0.286	3	1	TN35_NAP
272.670	35.260	0.000	0.000	0.000	0.000	-0.025	3	1	TN36_NAP
272.910	35.600	0.000	0.000	0.000	0.000	0.204	3	1	TN37_NAP
273.560	35.900	0.000	0.000	0.000	0.000	-0.097	3	1	TN38_NAP
271.490	36.130	0.000	0.000	0.000	0.000	-0.050	3	1	TN41_NAP
270.750	36.140	0.000	0.000	0.000	0.000	0.014	3	1	TN42_NAP
271.400	35.230	0.000	0.000	0.000	0.000	-0.380	3	1	TN43_NAP
271.080	35.640	0.000	0.000	0.000	0.000	0.083	3	1	TN44_NAP
270.340	35.300	0.000	0.000	0.000	0.000	0.207	3	1	TN45_NAP
271.680	35.220	0.000	0.000	0.000	0.000	-0.170	3	1	TN46_NAP
270.840	35.320	0.000	0.000	0.000	0.000	0.154	3	1	TN47_NAP
271.700	36.300	0.000	0.000	0.000	0.000	-0.018	3	1	TN48_NAP
270.480	35.780	0.000	0.000	0.000	0.000	-0.031	3	1	TN49_NAP
276.700	36.020	0.000	0.000	0.000	0.000	0.189	3	1	TND1_NAP
276.700	36.020	0.000	0.000	0.000	0.000	0.254	3	1	TND2_NAP
276.700	36.020	0.000	0.000	0.000	0.000	-0.090	3	1	TND6_NAP
259.030	22.180	0.000	0.000	0.000	0.000	-0.146	3	1	TNSL_NAP
267.950	30.220	0.000	0.000	0.000	0.000	-0.195	3	1	TONY_NAP
287.460	46.340	0.000	0.000	0.000	0.000	0.334	3	1	TRVQ_NAP
294.040	43.870	0.000	0.000	0.000	0.000	0.260	3	1	TSKT_NAP
260.240	32.500	0.000	0.000	0.000	0.000	0.246	3	1	TXAB_NAP
264.580	29.160	0.000	0.000	0.000	0.000	0.735	3	1	TXAG_NAP
261.900	27.780	0.000	0.000	0.000	0.000	-0.015	3	1	TXAI_NAP
258.120	35.150	0.000	0.000	0.000	0.000	-0.465	3	1	TXAM_NAP
262.940	32.760	0.000	0.000	0.000	0.000	0.343	3	1	TXAR_NAP
262.240	30.310	0.000	0.000	0.000	0.000	0.104	3	1	TXAU_NAP
260.030	31.760	0.000	0.000	0.000	0.000	0.145	3	1	TXBI_NAP
259.590	29.300	0.000	0.000	0.000	0.000	-0.137	3	1	TXBK_NAP
265.820	30.160	0.000	0.000	0.000	0.000	0.429	3	1	TXBM_NAP
263.820	33.610	0.000	0.000	0.000	0.000	0.148	3	1	TXBN_NAP
261.250	29.820	0.000	0.000	0.000	0.000	-0.207	3	1	TXBO_NAP
262.710	30.110	0.000	0.000	0.000	0.000	0.353	3	1	TXBS_NAP
261.820	30.750	0.000	0.000	0.000	0.000	-0.010	3	1	TXBU_NAP
261.030	31.740	0.000	0.000	0.000	0.000	0.105	3	1	TXBW_NAP
263.630	30.690	0.000	0.000	0.000	0.000	0.122	3	1	TXBY_NAP
265.840	31.810	0.000	0.000	0.000	0.000	-0.025	3	1	TXC1_NAP
262.560	27.740	0.000	0.000	0.000	0.000	-0.475	3	1	TXCC_NAP
258.640	35.100	0.000	0.000	0.000	0.000	0.269	3	1	TXCD_NAP
257.640	31.420	0.000	0.000	0.000	0.000	-0.001	3	1	TXCE_NAP
257.670	35.690	0.000	0.000	0.000	0.000	0.098	3	1	TXCG_NAP
259.720	34.460	0.000	0.000	0.000	0.000	0.164	3	1	TXCH_NAP
259.620	35.920	0.000	0.000	0.000	0.000	-0.381	3	1	TXCI_NAP
259.090	34.950	0.000	0.000	0.000	0.000	-0.412	3	1	TXCL_NAP
263.420	29.700	0.000	0.000	0.000	0.000	0.109	3	1	TXCM_NAP
264.560	30.350	0.000	0.000	0.000	0.000	-0.544	3	1	TXCN_NAP
263.370	33.170	0.000	0.000	0.000	0.000	-0.129	3	1	TXCO_NAP
264.930	33.610	0.000	0.000	0.000	0.000	-0.027	3	1	TXCR_NAP
260.150	28.540	0.000	0.000	0.000	0.000	0.202	3	1	TXCS_NAP
260.760	28.440	0.000	0.000	0.000	0.000	-0.081	3	1	TXCT_NAP
263.330	32.800	0.000	0.000	0.000	0.000	-0.357	3	1	TXDA_NAP
262.390	33.240	0.000	0.000	0.000	0.000	-0.033	3	1	TXDC_NAP
262.840	33.210	0.000	0.000	0.000	0.000	-0.021	3	1	TXDE_NAP
257.460	36.080	0.000	0.000	0.000	0.000	0.490	3	1	TXDL_NAP
259.100	29.360	0.000	0.000	0.000	0.000	-0.062	3	1	TXDR_NAP
263.370	28.970	0.000	0.000	0.000	0.000	-0.136	3	1	TXED_NAP
260.140	31.220	0.000	0.000	0.000	0.000	0.027	3	1	TXEN_NAP
259.520	28.710	0.000	0.000	0.000	0.000	0.187	3	1	TXEP_NAP
263.140	32.370	0.000	0.000	0.000	0.000	-0.766	3	1	TXES_NAP
261.380	27.850	0.000	0.000	0.000	0.000	-0.255	3	1	TXFE_NAP
261.150	30.250	0.000	0.000	0.000	0.000	-0.085	3	1	TXFR_NAP
257.130	30.890	0.000	0.000	0.000	0.000	0.661	3	1	TXFS_NAP
265.230	29.330	0.000	0.000	0.000	0.000	-0.511	3	1	TXGA_NAP
262.250	32.240	0.000	0.000	0.000	0.000	-0.569	3	1	TXGR_NAP
265.210	29.290	0.000	0.000	0.000	0.000	-0.852	3	1	TXGV_NAP
263.940	30.100	0.000	0.000	0.000	0.000	-0.245	3	1	TXHE_NAP
262.870	31.990	0.000	0.000	0.000	0.000	-0.486	3	1	TXHI_NAP
261.890	31.700	0.000	0.000	0.000	0.000	-0.571	3	1	TXHM_NAP
260.870	29.340	0.000	0.000	0.000	0.000	-0.338	3	1	TXHO_NAP
257.590	34.850	0.000	0.000	0.000	0.000	0.140	3	1	TXHR_NAP
261.850	33.190	0.000	0.000	0.000	0.000	-0.233	3	1	TXJA_NAP
261.600	30.270	0.000	0.000	0.000	0.000	0.568	3	1	TXJC_NAP
263.690	32.570	0.000	0.000	0.000	0.000	-0.043	3	1	TXKA_NAP
262.100	28.870	0.000	0.000	0.000	0.000	-0.140	3	1	TXKC_NAP
262.680	32.410	0.000	0.000	0.000	0.000	0.100	3	1	TXKE_NAP
256.890	31.840	0.000	0.000	0.000	0.000	0.502	3	1	TXKM_NAP
265.670	30.400	0.000	0.000	0.000	0.000	0.170	3	1	TXKO_NAP
260.880	30.060	0.000	0.000	0.000	0.000	0.034	3	1	TXKR_NAP
265.280	31.360	0.000	0.000	0.000	0.000	0.413	3	1	TXLF_NAP
265.230	30.060	0.000	0.000	0.000	0.000	0.156	3	1	TXLI_NAP
261.320	30.730	0.000	0.000	0.000	0.000	-0.179	3	1	TXLL_NAP
264.980	29.390	0.000	0.000	0.000	0.000	0.037	3	1	TXLM_NAP
260.150	28.940	0.000	0.000	0.000	0.000	-0.195	3	1	TXLP_NAP
260.550	27.510	0.000	0.000	0.000	0.000	0.273	3	1	TXLR_NAP
260.560	27.760	0.000	0.000	0.000	0.000	0.169	3	1	TXLT_NAP
258.160	33.540	0.000	0.000	0.000	0.000	0.092	3	1	TXLU_NAP
265.710	32.540	0.000	0.000	0.000	0.000	0.163	3	1	TXMA_NAP
259.470	34.720	0.000	0.000	0.000	0.000	-0.030	3	1	TXME_NAP
257.110	31.560	0.000	0.000	0.000	0.000	0.619	3	1	TXMH_NAP
262.340	31.910	0.000	0.000	0.000	0.000	0.352	3	1	TXMN_NAP
261.860	32.800	0.000	0.000	0.000	0.000	0.066	3	1	TXMW_NAP
263.460	32.040	0.000	0.000	0.000	0.000	-0.227	3	1	TXNA_NAP
265.330	31.670	0.000	0.000	0.000	0.000	0.211	3	1	TXNC_NAP
262.270	33.780	0.000	0.000	0.000	0.000	0.015	3	1	TXNO_NAP
257.680	31.870	0.000	0.000	0.000	0.000	0.246	3	1	TXOD_NAP
261.250	33.360	0.000	0.000	0.000	0.000	-0.500	3	1	TXOL_NAP
266.180	30.130	0.000	0.000	0.000	0.000	-0.140	3	1	TXOR_NAP
264.440	33.670	0.000	0.000	0.000	0.000	-0.139	3	1	TXPA_NAP
256.480	31.420	0.000	0.000	0.000	0.000	0.663	3	1	TXPC_NAP
259.710	34.010	0.000	0.000	0.000	0.000	-0.198	3	1	TXPD_NAP
255.640	29.560	0.000	0.000	0.000	0.000	0.331	3	1	TXPE_NAP
261.520	28.980	0.000	0.000	0.000	0.000	-0.089	3	1	TXPL_NAP
259.070	35.530	0.000	0.000	0.000	0.000	0.254	3	1	TXPM_NAP
261.810	26.210	0.000	0.000	0.000	0.000	-0.291	3	1	TXPR_NAP
260.920	28.890	0.000	0.000	0.000	0.000	-0.063	3	1	TXPS_NAP
259.180	36.390	0.000	0.000	0.000	0.000	0.134	3	1	TXPY_NAP
260.250	34.300	0.000	0.000	0.000	0.000	-0.247	3	1	TXQU_NAP
259.530	31.900	0.000	0.000	0.000	0.000	-0.190	3	1	TXRL_NAP
264.190	29.520	0.000	0.000	0.000	0.000	-0.849	3	1	TXRO_NAP
264.870	31.780	0.000	0.000	0.000	0.000	-0.058	3	1	TXRU_NAP
265.870	31.530	0.000	0.000	0.000	0.000	-0.033	3	1	TXS1_NAP
259.530	31.410	0.000	0.000	0.000	0.000	0.465	3	1	TXSA_NAP
258.990	31.840	0.000	0.000	0.000	0.000	-0.684	3	1	TXSC_NAP
262.000	29.590	0.000	0.000	0.000	0.000	0.390	3	1	TXSE_NAP
257.940	36.340	0.000	0.000	0.000	0.000	0.564	3	1	TXSF_NAP
262.660	32.860	0.000	0.000	0.000	0.000	-0.122	3	1	TXSG_NAP
262.530	28.020	0.000	0.000	0.000	0.000	0.408	3	1	TXSI_NAP
262.100	29.880	0.000	0.000	0.000	0.000	-0.223	3	1	TXSM_NAP
257.590	30.150	0.000	0.000	0.000	0.000	-0.157	3	1	TXSN_NAP
263.390	33.590	0.000	0.000	0.000	0.000	0.101	3	1	TXSR_NAP
261.820	32.230	0.000	0.000	0.000	0.000	0.003	3	1	TXST_NAP
260.740	33.600	0.000	0.000	0.000	0.000	0.403	3	1	TXSY_NAP
262.550	30.560	0.000	0.000	0.000	0.000	-0.122	3	1	TXTA_NAP
260.830	33.180	0.000	0.000	0.000	0.000	-0.003	3	1	TXTH_NAP
261.440	28.470	0.000	0.000	0.000	0.000	-0.408	3	1	TXTI_NAP
260.320	27.740	0.000	0.000	0.000	0.000	0.501	3	1	TXTR_NAP
258.260	34.530	0.000	0.000	0.000	0.000	-0.045	3	1	TXTU_NAP
264.610	32.250	0.000	0.000	0.000	0.000	-0.177	3	1	TXTY_NAP
260.170	29.200	0.000	0.000	0.000	0.000	0.129	3	1	TXUV_NAP
263.090	28.830	0.000	0.000	0.000	0.000	-0.030	3	1	TXVA_NAP
260.720	34.130	0.000	0.000	0.000	0.000	-0.088	3	1	TXVE_NAP
262.890	31.580	0.000	0.000	0.000	0.000	-0.004	3	1	TXWA_NAP
262.180	32.760	0.000	0.000	0.000	0.000	-0.667	3	1	TXWE_NAP
261.490	33.850	0.000	0.000	0.000	0.000	0.232	3	1	TXWF_NAP
263.890	29.320	0.000	0.000	0.000	0.000	0.005	3	1	TXWH_NAP
259.800	34.850	0.000	0.000	0.000	0.000	0.246	3	1	TXWL_NAP
271.780	40.100	0.000	0.000	0.000	0.000	0.126	3	1	UIUC_NAP
283.290	39.260	0.000	0.000	0.000	0.000	0.517	3	1	UMBC_NAP
293.360	45.950	0.000	0.000	0.000	0.000	-0.174	3	1	UNB1_NAP
275.610	42.290	0.000	0.000	0.000	0.000	0.187	3	1	UNIV_NAP
276.160	42.300	0.000	0.000	0.000	0.000	0.891	3	1	UOFM_NAP
280.340	41.630	0.000	0.000	0.000	0.000	-0.156	3	1	UPTC_NAP
288.470	41.490	0.000	0.000	0.000	0.000	0.213	3	1	URIL_NAP
282.930	38.920	0.000	0.000	0.000	0.000	-0.332	3	1	US2O_NAP
258.980	22.140	0.000	0.000	0.000	0.000	-0.195	3	1	USLP_NAP
282.930	38.920	0.000	0.000	0.000	0.000	-0.395	3	1	USNO_NAP
281.310	37.880	0.000	0.000	0.000	0.000	-0.205	3	1	UVFM_NAP
277.240	36.860	0.000	0.000	0.000	0.000	-0.252	3	1	VABG_NAP
283.500	37.250	0.000	0.000	0.000	0.000	-0.076	3	1	VAGP_NAP
282.440	48.100	0.000	0.000	0.000	0.000	-0.151	3	1	VALD_NAP
280.870	37.380	0.000	0.000	0.000	0.000	0.032	3	1	VALY_NAP
282.600	37.290	0.000	0.000	0.000	0.000	-0.254	3	1	VARI_NAP
280.950	38.160	0.000	0.000	0.000	0.000	-0.077	3	1	VAST_NAP
284.530	37.930	0.000	0.000	0.000	0.000	0.185	3	1	VAWI_NAP
287.420	44.260	0.000	0.000	0.000	0.000	0.119	3	1	VCAP_NAP
260.780	36.070	0.000	0.000	0.000	0.000	-0.469	3	1	VCIO_NAP
269.080	32.330	0.000	0.000	0.000	0.000	-0.520	3	1	VIC1_NAP
284.310	37.610	0.000	0.000	0.000	0.000	-0.146	3	1	VIMS_NAP
272.480	38.690	0.000	0.000	0.000	0.000	0.500	3	1	VINU_NAP
269.120	43.570	0.000	0.000	0.000	0.000	-0.237	3	1	VIUA_NAP
272.000	41.790	0.000	0.000	0.000	0.000	-0.239	3	1	VODG_NAP
286.800	42.880	0.000	0.000	0.000	0.000	0.297	3	1	VTBE_NAP
287.400	43.940	0.000	0.000	0.000	0.000	-0.046	3	1	VTC1_NAP
287.460	42.920	0.000	0.000	0.000	0.000	-0.236	3	1	VTD2_NAP
287.970	44.400	0.000	0.000	0.000	0.000	-0.062	3	1	VTD7_NAP
287.840	44.950	0.000	0.000	0.000	0.000	-0.356	3	1	VTD9_NAP
287.000	43.350	0.000	0.000	0.000	0.000	0.073	3	1	VTDA_NAP
287.200	44.910	0.000	0.000	0.000	0.000	0.211	3	1	VTEB_NAP
288.110	44.820	0.000	0.000	0.000	0.000	0.816	3	1	VTIP_NAP
286.850	44.000	0.000	0.000	0.000	0.000	0.117	3	1	VTMI_NAP
287.890	44.010	0.000	0.000	0.000	0.000	0.324	3	1	VTOX_NAP
287.020	43.610	0.000	0.000	0.000	0.000	0.802	3	1	VTRU_NAP
286.920	44.810	0.000	0.000	0.000	0.000	0.157	3	1	VTSA_NAP
287.520	43.280	0.000	0.000	0.000	0.000	-0.340	3	1	VTSP_NAP
286.800	44.470	0.000	0.000	0.000	0.000	-0.095	3	1	VTUV_NAP
270.370	44.950	0.000	0.000	0.000	0.000	0.314	3	1	WAAU_NAP
270.960	44.350	0.000	0.000	0.000	0.000	0.087	3	1	WACA_NAP
278.120	27.510	0.000	0.000	0.000	0.000	-0.010	3	1	WACH_NAP
272.050	45.390	0.000	0.000	0.000	0.000	-0.179	3	1	WAEE_NAP
276.980	42.530	0.000	0.000	0.000	0.000	0.033	3	1	WARR_NAP
282.930	38.920	0.000	0.000	0.000	0.000	0.013	3	1	WASH_NAP
282.940	35.560	0.000	0.000	0.000	0.000	0.012	3	1	WASR_NAP
271.410	42.530	0.000	0.000	0.000	0.000	-0.378	3	1	WATH_NAP
271.260	43.170	0.000	0.000	0.000	0.000	-0.477	3	1	WAWN_NAP
264.550	44.670	0.000	0.000	0.000	0.000	-0.493	3	1	WDLM_NAP
271.850	43.420	0.000	0.000	0.000	0.000	0.126	3	1	WEBE_NAP
288.510	42.610	0.000	0.000	0.000	0.000	0.209	3	1	WES2_NAP
256.670	42.740	0.000	0.000	0.000	0.000	0.168	3	1	WHN1_NAP
256.670	42.740	0.000	0.000	0.000	0.000	0.086	3	1	WHN5_NAP
283.980	41.310	0.000	0.000	0.000	0.000	0.209	3	1	WIL1_NAP
269.460	43.810	0.000	0.000	0.000	0.000	-0.294	3	1	WILT_NAP
271.940	43.190	0.000	0.000	0.000	0.000	-0.079	3	1	WIM5_NAP
271.940	43.190	0.000	0.000	0.000	0.000	-0.305	3	1	WIM6_NAP
271.280	44.100	0.000	0.000	0.000	0.000	-0.652	3	1	WINE_NAP
262.740	49.900	0.000	0.000	0.000	0.000	-0.284	3	1	WINN_NAP
267.390	44.960	0.000	0.000	0.000	0.000	-0.006	3	1	WIRB_NAP
267.980	46.710	0.000	0.000	0.000	0.000	0.067	3	1	WIS1_NAP
267.630	45.820	0.000	0.000	0.000	0.000	0.235	3	1	WISN_NAP
272.950	40.810	0.000	0.000	0.000	0.000	-0.249	3	1	WLCI_NAP
284.530	37.940	0.000	0.000	0.000	0.000	-0.079	3	1	WLPS_NAP
261.220	34.740	0.000	0.000	0.000	0.000	0.317	3	1	WMOK_NAP
269.520	39.660	0.000	0.000	0.000	0.000	0.486	3	1	WNCI_NAP
267.220	31.900	0.000	0.000	0.000	0.000	-0.018	3	1	WNFL_NAP
269.000	45.830	0.000	0.000	0.000	0.000	-0.180	3	1	WNTR_NAP
292.410	46.160	0.000	0.000	0.000	0.000	0.629	3	1	WOOD_NAP
278.040	40.800	0.000	0.000	0.000	0.000	-0.013	3	1	WOOS_NAP
276.460	42.230	0.000	0.000	0.000	0.000	0.103	3	1	WRUN_NAP
278.930	37.430	0.000	0.000	0.000	0.000	-0.091	3	1	WVAT_NAP
279.720	39.310	0.000	0.000	0.000	0.000	0.151	3	1	WVBR_NAP
281.090	39.340	0.000	0.000	0.000	0.000	0.080	3	1	WVBU_NAP
280.540	39.020	0.000	0.000	0.000	0.000	-0.246	3	1	WVCV_NAP
277.580	38.420	0.000	0.000	0.000	0.000	0.005	3	1	WVHU_NAP
279.580	37.820	0.000	0.000	0.000	0.000	-0.031	3	1	WVLE_NAP
281.070	39.080	0.000	0.000	0.000	0.000	0.161	3	1	WVMF_NAP
280.030	39.650	0.000	0.000	0.000	0.000	-0.063	3	1	WVMO_NAP
278.890	38.840	0.000	0.000	0.000	0.000	-0.077	3	1	WVMZ_NAP
280.140	38.900	0.000	0.000	0.000	0.000	0.270	3	1	WVNR_NAP
278.870	38.000	0.000	0.000	0.000	0.000	-0.497	3	1	WVOH_NAP
278.250	38.940	0.000	0.000	0.000	0.000	-0.806	3	1	WVRA_NAP
278.830	39.430	0.000	0.000	0.000	0.000	0.058	3	1	WVS5_NAP
278.830	39.430	0.000	0.000	0.000	0.000	0.310	3	1	WVS6_NAP
279.320	40.000	0.000	0.000	0.000	0.000	0.008	3	1	WVSH_NAP
265.580	36.090	0.000	0.000	0.000	0.000	-0.016	3	1	WWED_NAP
255.220	41.100	0.000	0.000	0.000	0.000	0.111	3	1	WYLC_NAP
276.890	29.630	0.000	0.000	0.000	0.000	0.104	3	1	XCTY_NAP
288.750	42.060	0.000	0.000	0.000	0.000	-0.225	3	1	XMTS_NAP
289.810	43.800	0.000	0.000	0.000	0.000	-0.277	3	1	YMTS_NAP
283.260	39.990	0.000	0.000	0.000	0.000	0.112	3	1	YORK_NAP
281.030	43.230	0.000	0.000	0.000	0.000	-0.152	3	1	YOU1_NAP
262.740	49.900	0.000	0.000	0.000	0.000	0.660	3	1	YWG1_NAP
271.670	41.780	0.000	0.000	0.000	0.000	-0.401	3	1	ZAU1_NAP
288.520	42.740	0.000	0.000	0.000	0.000	-0.238	3	1	ZBW1_NAP
282.460	39.100	0.000	0.000	0.000	0.000	-0.062	3	1	ZDC1_NAP
277.840	28.230	0.000	0.000	0.000	0.000	-0.008	3	1	ZEFR_NAP
262.930	32.830	0.000	0.000	0.000	0.000	-0.158	3	1	ZFW1_NAP
264.670	29.960	0.000	0.000	0.000	0.000	0.158	3	1	ZHU1_NAP
278.090	30.700	0.000	0.000	0.000	0.000	-0.061	3	1	ZJX1_NAP
265.210	38.880	0.000	0.000	0.000	0.000	-0.000	3	1	ZKC1_NAP
279.680	25.820	0.000	0.000	0.000	0.000	-0.064	3	1	ZMA1_NAP
270.040	35.070	0.000	0.000	0.000	0.000	-0.134	3	1	ZME1_NAP
266.850	44.640	0.000	0.000	0.000	0.000	0.068	3	1	ZMP1_NAP
286.900	40.780	0.000	0.000	0.000	0.000	-0.143	3	1	ZNY1_NAP
277.790	41.300	0.000	0.000	0.000	0.000	-0.185	3	1	ZOB1_NAP
275.700	33.380	0.000	0.000	0.000	0.000	-0.173	3	1	ZTL4_NAP
269.460	19.840	0.000	0.000	0.000	0.000	0.018	3	1	CAMP_NAP
271.700	18.500	0.000	0.000	0.000	0.000	0.008	3	1	CHET_NAP
271.220	17.260	0.000	0.000	0.000	0.000	-0.292	3	1	CN23_NAP
271.950	19.580	0.000	0.000	0.000	0.000	-0.138	3	1	CN24_NAP
273.180	21.170	0.000	0.000	0.000	0.000	-0.193	3	1	CNC0_NAP
270.130	16.920	0.000	0.000	0.000	0.000	-0.047	3	1	ELEN_NAP
269.470	19.850	0.000	0.000	0.000	0.000	-0.256	3	1	ICAM_NAP
270.380	20.980	0.000	0.000	0.000	0.000	-0.170	3	1	MERI_NAP
270.340	20.930	0.000	0.000	0.000	0.000	0.150	3	1	MMD1_NAP
269.190	17.230	0.000	0.000	0.000	0.000	-0.013	3	1	NARA_NAP
270.330	21.300	0.000	0.000	0.000	0.000	-0.020	3	1	PROX_NAP
268.810	18.970	0.000	0.000	0.000	0.000	0.242	3	1	SABY_NAP
269.810	16.520	0.000	0.000	0.000	0.000	-0.117	3	1	SAYA_NAP
273.130	20.870	0.000	0.000	0.000	0.000	-0.550	3	1	TGMX_NAP
270.390	17.220	0.000	0.000	0.000	0.000	0.139	3	1	TIKA_NAP
273.130	20.870	0.000	0.000	0.000	0.000	-0.137	3	1	UNPM_NAP
273.130	20.870	0.000	0.000	0.000	0.000	-0.048	3	1	UPMO_NAP
295.670	18.730	0.000	0.000	0.000	0.000	0.170	4	1	ABVI_NAP
293.250	18.350	0.000	0.000	0.000	0.000	0.010	4	1	AOPR_NAP
288.900	18.210	0.000	0.000	0.000	0.000	0.049	1	1	BARA_NAP
293.840	18.410	0.000	0.000	0.000	0.000	0.033	4	1	BYSP_NAP
296.950	18.200	0.000	0.000	0.000	0.000	0.070	1	1	CN02_NAP
295.600	18.490	0.000	0.000	0.000	0.000	-0.059	4	1	CN03_NAP
291.640	18.560	0.000	0.000	0.000	0.000	-0.123	9	1	CN05_NAP
289.340	18.790	0.000	0.000	0.000	0.000	0.223	9	1	CN06_NAP
289.430	19.760	0.000	0.000	0.000	0.000	0.087	5	1	CN07_NAP
288.330	17.900	0.000	0.000	0.000	0.000	-0.164	1	1	CN08_NAP
287.860	19.690	0.000	0.000	0.000	0.000	0.023	9	1	CN09_NAP
286.320	20.980	0.000	0.000	0.000	0.000	0.007	3	1	CN14_NAP
290.060	19.670	0.000	0.000	0.000	0.000	0.105	5	1	CN27_NAP
295.420	17.760	0.000	0.000	0.000	0.000	-0.418	1	1	CRO1_NAP
294.720	18.310	0.000	0.000	0.000	0.000	0.032	4	1	CUPR_NAP
292.860	18.210	0.000	0.000	0.000	0.000	0.083	4	1	GEOL_NAP
287.130	18.430	0.000	0.000	0.000	0.000	-0.213	7	1	GOAV_NAP
288.860	21.430	0.000	0.000	0.000	0.000	-0.123	3	1	GTK0_NAP
287.460	18.240	0.000	0.000	0.000	0.000	0.326	1	1	JME2_NAP
287.460	18.230	0.000	0.000	0.000	0.000	-0.122	1	1	JMEL_NAP
286.250	18.190	0.000	0.000	0.000	0.000	-0.045	1	1	LCAY_NAP
287.370	18.510	0.000	0.000	0.000	0.000	0.021	7	1	LGNE_NAP
289.470	19.220	0.000	0.000	0.000	0.000	-0.130	9	1	LVEG_NAP
292.840	18.220	0.000	0.000	0.000	0.000	0.013	4	1	MAYZ_NAP
293.470	17.890	0.000	0.000	0.000	0.000	-0.107	4	1	MIPR_NAP
292.070	18.080	0.000	0.000	0.000	0.000	0.266	4	1	MOPR_NAP
293.420	18.080	0.000	0.000	0.000	0.000	0.864	4	1	P780_NAP
293.350	18.450	0.000	0.000	0.000	0.000	0.259	4	1	PRAR_NAP
293.190	18.050	0.000	0.000	0.000	0.000	-0.686	4	1	PRGY_NAP
293.850	18.380	0.000	0.000	0.000	0.000	0.076	4	1	PRHL_NAP
293.000	18.340	0.000	0.000	0.000	0.000	-0.450	4	1	PRJC_NAP
294.130	18.190	0.000	0.000	0.000	0.000	-0.005	4	1	PRLP_NAP
292.810	18.060	0.000	0.000	0.000	0.000	-0.690	4	1	PRLT_NAP
293.840	18.390	0.000	0.000	0.000	0.000	0.104	4	1	PRMA_NAP
292.950	17.970	0.000	0.000	0.000	0.000	-0.499	4	1	PRMI_NAP
293.630	18.080	0.000	0.000	0.000	0.000	0.393	4	1	PRN4_NAP
292.930	18.460	0.000	0.000	0.000	0.000	0.046	4	1	PUR3_NAP
290.090	18.460	0.000	0.000	0.000	0.000	-0.014	9	1	RDSD_NAP
288.330	17.900	0.000	0.000	0.000	0.000	0.000	1	1	ROJO_NAP
296.890	18.040	0.000	0.000	0.000	0.000	-0.204	1	1	SMRT_NAP
290.690	18.460	0.000	0.000	0.000	0.000	-0.435	9	1	SPED_NAP
288.660	19.480	0.000	0.000	0.000	0.000	-0.142	9	1	SROD_NAP
295.030	18.340	0.000	0.000	0.000	0.000	-0.028	4	1	STVI_NAP
295.200	17.720	0.000	0.000	0.000	0.000	-0.045	1	1	VIKH_NAP
295.030	18.340	0.000	0.000	0.000	0.000	-0.019	4	1	VITH_NAP
287.690	18.530	0.000	0.000	0.000	0.000	-0.245	7	1	VOIL_NAP
294.010	18.430	0.000	0.000	0.000	0.000	0.091	4	1	ZSU1_NAP
280.170	19.710	0.000	0.000	0.000	0.000	-0.284	3	1	CBSB    
282.150	21.420	0.000	0.000	0.000	0.000	0.653	3	1	CN16    
278.620	19.290	0.000	0.000	0.000	0.000	-0.081	3	1	GCGT    
284.240	20.010	0.000	0.000	0.000	0.000	0.201	3	1	SCUB    
296.380	15.670	0.000	0.000	0.000	0.000	0.000	1	1	AVES    
300.390	13.090	0.000	0.000	0.000	0.000	0.294	1	1	BDOS    
300.390	13.090	0.000	0.000	0.000	0.000	0.087	1	1	BARB    
276.230	11.990	0.000	0.000	0.000	0.000	0.000	1	1	BLUX    
274.290	14.510	0.000	0.000	0.000	0.000	0.000	1	1	CMP1    
276.230	11.990	0.000	0.000	0.000	0.000	0.698	1	1	CN30    
276.940	12.180	0.000	0.000	0.000	0.000	0.000	1	1	CORN    
295.420	17.760	0.000	0.000	0.000	0.000	-0.045	1	1	CRO1    
273.930	15.030	0.000	0.000	0.000	0.000	0.000	1	1	GLCO    
298.360	12.220	0.000	0.000	0.000	0.000	-0.170	1	1	GRE0    
273.620	14.920	0.000	0.000	0.000	0.000	0.000	1	1	MNTO    
276.620	14.040	0.000	0.000	0.000	0.000	0.000	1	1	PUEC    
274.780	12.920	0.000	0.000	0.000	0.000	0.000	1	1	RIOB    
288.330	17.900	0.000	0.000	0.000	0.000	0.000	1	1	ROJO    
278.270	12.520	0.000	0.000	0.000	0.000	0.000	1	1	SANA    
278.280	12.580	0.000	0.000	0.000	0.000	0.284	1	1	SAN0    
273.760	14.970	0.000	0.000	0.000	0.000	0.000	1	1	SFDP    
274.190	12.410	0.000	0.000	0.000	0.000	0.000	1	1	TEUS    
295.200	17.720	0.000	0.000	0.000	0.000	0.007	1	1	VIKH    
